2020-07-29 10:53:33,057 [main] INFO  -[StartupInfoLogger.java:50]- Starting RabbitPlatformServerApplication v0.0.1-SNAPSHOT on zhoudeMacBook-Pro.local with PID 62928 (/Users/zhou/IdeaProjects/rabbit_test_platform_server/src/main/resources/rabbit-platform-server-0.0.1-SNAPSHOT.jar started by zhou in /Users/zhou/IdeaProjects/rabbit_test_platform_server/src/main/resources)
2020-07-29 10:53:33,062 [main] DEBUG -[StartupInfoLogger.java:53]- Running with Spring Boot v2.0.7.RELEASE, Spring v5.0.11.RELEASE
2020-07-29 10:53:33,065 [main] INFO  -[SpringApplication.java:654]- No active profile set, falling back to default profiles: default
2020-07-29 10:53:40,730 [localhost-startStop-1] DEBUG -[GenericFilterBean.java:213]- Initializing filter 'tokenFilter'
2020-07-29 10:53:40,731 [localhost-startStop-1] DEBUG -[GenericFilterBean.java:244]- Filter 'tokenFilter' configured successfully
2020-07-29 10:53:41,576 [main] DEBUG -[BaseJdbcLogger.java:159]- ==>  Preparing: select id, `name`, project_ids, client_ip, client_port, is_enable, `status`, java_version, jmeter_version, appium_version, os_name, remark, create_by, create_time, update_by, update_time from t_client where `status`=? 
2020-07-29 10:53:41,805 [main] DEBUG -[BaseJdbcLogger.java:159]- ==> Parameters: 1(Integer)
2020-07-29 10:53:41,840 [main] DEBUG -[BaseJdbcLogger.java:159]- <==      Total: 0
2020-07-29 10:53:42,164 [main] DEBUG -[BaseJdbcLogger.java:159]- ==>  Preparing: select job_id, job_name, job_group, job_type, project_id, method_name, method_params, cron_expression, misfire_policy, status, create_by, create_time, remark from sys_job 
2020-07-29 10:53:42,165 [main] DEBUG -[BaseJdbcLogger.java:159]- ==> Parameters: 
2020-07-29 10:53:42,187 [main] DEBUG -[BaseJdbcLogger.java:159]- <==      Total: 5
2020-07-29 10:53:49,216 [main] INFO  -[StartupInfoLogger.java:59]- Started RabbitPlatformServerApplication in 16.909 seconds (JVM running for 17.663)
2020-07-29 10:54:00,003 [schedule-pool-1] INFO  -[ClientServiceImpl.java:123]- 同步在线客户端，还有0个在线客户端
2020-07-29 10:54:30,005 [schedule-pool-1] INFO  -[ClientServiceImpl.java:123]- 同步在线客户端，还有0个在线客户端
2020-07-29 10:55:00,005 [schedule-pool-2] INFO  -[ClientServiceImpl.java:123]- 同步在线客户端，还有0个在线客户端
2020-07-29 10:55:30,006 [schedule-pool-1] INFO  -[ClientServiceImpl.java:123]- 同步在线客户端，还有0个在线客户端
2020-07-29 10:56:00,006 [schedule-pool-3] INFO  -[ClientServiceImpl.java:123]- 同步在线客户端，还有0个在线客户端
2020-07-29 10:56:30,003 [schedule-pool-2] INFO  -[ClientServiceImpl.java:123]- 同步在线客户端，还有0个在线客户端
2020-07-29 10:57:00,002 [schedule-pool-4] INFO  -[ClientServiceImpl.java:123]- 同步在线客户端，还有0个在线客户端
2020-07-29 10:57:30,001 [schedule-pool-1] INFO  -[ClientServiceImpl.java:123]- 同步在线客户端，还有0个在线客户端
2020-07-29 10:58:00,001 [schedule-pool-5] INFO  -[ClientServiceImpl.java:123]- 同步在线客户端，还有0个在线客户端
2020-07-29 10:58:30,001 [schedule-pool-3] INFO  -[ClientServiceImpl.java:123]- 同步在线客户端，还有0个在线客户端
2020-07-29 10:59:00,003 [schedule-pool-6] INFO  -[ClientServiceImpl.java:123]- 同步在线客户端，还有0个在线客户端
2020-07-29 10:59:30,005 [schedule-pool-2] INFO  -[ClientServiceImpl.java:123]- 同步在线客户端，还有0个在线客户端
2020-07-29 11:00:00,004 [schedule-pool-7] INFO  -[ClientServiceImpl.java:123]- 同步在线客户端，还有0个在线客户端
2020-07-29 11:00:30,002 [schedule-pool-4] INFO  -[ClientServiceImpl.java:123]- 同步在线客户端，还有0个在线客户端
2020-07-29 11:01:00,002 [schedule-pool-8] INFO  -[ClientServiceImpl.java:123]- 同步在线客户端，还有0个在线客户端
2020-07-29 11:01:30,003 [schedule-pool-1] INFO  -[ClientServiceImpl.java:123]- 同步在线客户端，还有0个在线客户端
2020-07-29 11:02:00,003 [schedule-pool-9] INFO  -[ClientServiceImpl.java:123]- 同步在线客户端，还有0个在线客户端
2020-07-29 11:02:30,005 [schedule-pool-5] INFO  -[ClientServiceImpl.java:123]- 同步在线客户端，还有0个在线客户端
2020-07-29 11:03:00,004 [schedule-pool-10] INFO  -[ClientServiceImpl.java:123]- 同步在线客户端，还有0个在线客户端
2020-07-29 11:03:30,003 [schedule-pool-3] INFO  -[ClientServiceImpl.java:123]- 同步在线客户端，还有0个在线客户端
2020-07-29 11:04:00,003 [schedule-pool-11] INFO  -[ClientServiceImpl.java:123]- 同步在线客户端，还有0个在线客户端
2020-07-29 11:04:30,005 [schedule-pool-6] INFO  -[ClientServiceImpl.java:123]- 同步在线客户端，还有0个在线客户端
2020-07-29 11:05:00,005 [schedule-pool-12] INFO  -[ClientServiceImpl.java:123]- 同步在线客户端，还有0个在线客户端
2020-07-29 11:05:30,005 [schedule-pool-2] INFO  -[ClientServiceImpl.java:123]- 同步在线客户端，还有0个在线客户端
2020-07-29 11:06:00,003 [schedule-pool-13] INFO  -[ClientServiceImpl.java:123]- 同步在线客户端，还有0个在线客户端
2020-07-29 11:06:30,006 [schedule-pool-7] INFO  -[ClientServiceImpl.java:123]- 同步在线客户端，还有0个在线客户端
2020-07-29 11:07:00,006 [schedule-pool-14] INFO  -[ClientServiceImpl.java:123]- 同步在线客户端，还有0个在线客户端
2020-07-29 11:07:30,001 [schedule-pool-4] INFO  -[ClientServiceImpl.java:123]- 同步在线客户端，还有0个在线客户端
2020-07-29 11:08:00,001 [schedule-pool-15] INFO  -[ClientServiceImpl.java:123]- 同步在线客户端，还有0个在线客户端
2020-07-29 11:08:30,003 [schedule-pool-8] INFO  -[ClientServiceImpl.java:123]- 同步在线客户端，还有0个在线客户端
2020-07-29 11:09:00,004 [schedule-pool-16] INFO  -[ClientServiceImpl.java:123]- 同步在线客户端，还有0个在线客户端
2020-07-29 11:09:30,003 [schedule-pool-1] INFO  -[ClientServiceImpl.java:123]- 同步在线客户端，还有0个在线客户端
2020-07-29 11:10:00,001 [schedule-pool-17] INFO  -[ClientServiceImpl.java:123]- 同步在线客户端，还有0个在线客户端
2020-07-29 11:10:30,003 [schedule-pool-9] INFO  -[ClientServiceImpl.java:123]- 同步在线客户端，还有0个在线客户端
2020-07-29 11:11:00,005 [schedule-pool-18] INFO  -[ClientServiceImpl.java:123]- 同步在线客户端，还有0个在线客户端
2020-07-29 11:11:30,004 [schedule-pool-5] INFO  -[ClientServiceImpl.java:123]- 同步在线客户端，还有0个在线客户端
2020-07-29 11:12:00,000 [schedule-pool-19] INFO  -[ClientServiceImpl.java:123]- 同步在线客户端，还有0个在线客户端
2020-07-29 11:12:30,005 [schedule-pool-10] INFO  -[ClientServiceImpl.java:123]- 同步在线客户端，还有0个在线客户端
2020-07-29 11:13:00,006 [schedule-pool-20] INFO  -[ClientServiceImpl.java:123]- 同步在线客户端，还有0个在线客户端
2020-07-29 11:13:30,009 [schedule-pool-3] INFO  -[ClientServiceImpl.java:123]- 同步在线客户端，还有0个在线客户端
2020-07-29 11:14:00,009 [schedule-pool-21] INFO  -[ClientServiceImpl.java:123]- 同步在线客户端，还有0个在线客户端
2020-07-29 11:14:30,005 [schedule-pool-11] INFO  -[ClientServiceImpl.java:123]- 同步在线客户端，还有0个在线客户端
2020-07-29 11:15:00,010 [schedule-pool-22] INFO  -[ClientServiceImpl.java:123]- 同步在线客户端，还有0个在线客户端
2020-07-29 11:15:30,006 [schedule-pool-6] INFO  -[ClientServiceImpl.java:123]- 同步在线客户端，还有0个在线客户端
2020-07-29 11:16:00,007 [schedule-pool-23] INFO  -[ClientServiceImpl.java:123]- 同步在线客户端，还有0个在线客户端
2020-07-29 11:16:30,009 [schedule-pool-12] INFO  -[ClientServiceImpl.java:123]- 同步在线客户端，还有0个在线客户端
2020-07-29 11:17:00,001 [schedule-pool-24] INFO  -[ClientServiceImpl.java:123]- 同步在线客户端，还有0个在线客户端
2020-07-29 11:17:30,006 [schedule-pool-2] INFO  -[ClientServiceImpl.java:123]- 同步在线客户端，还有0个在线客户端
2020-07-29 11:18:00,006 [schedule-pool-25] INFO  -[ClientServiceImpl.java:123]- 同步在线客户端，还有0个在线客户端
2020-07-29 11:18:30,006 [schedule-pool-13] INFO  -[ClientServiceImpl.java:123]- 同步在线客户端，还有0个在线客户端
2020-07-29 11:19:00,005 [schedule-pool-26] INFO  -[ClientServiceImpl.java:123]- 同步在线客户端，还有0个在线客户端
2020-07-29 11:19:30,003 [schedule-pool-26] INFO  -[ClientServiceImpl.java:123]- 同步在线客户端，还有0个在线客户端
2020-07-29 11:20:00,001 [schedule-pool-26] INFO  -[ClientServiceImpl.java:123]- 同步在线客户端，还有0个在线客户端
2020-07-29 11:20:30,005 [schedule-pool-26] INFO  -[ClientServiceImpl.java:123]- 同步在线客户端，还有0个在线客户端
2020-07-29 11:21:00,002 [schedule-pool-26] INFO  -[ClientServiceImpl.java:123]- 同步在线客户端，还有0个在线客户端
2020-07-29 11:21:30,001 [schedule-pool-26] INFO  -[ClientServiceImpl.java:123]- 同步在线客户端，还有0个在线客户端
2020-07-29 11:22:00,001 [schedule-pool-26] INFO  -[ClientServiceImpl.java:123]- 同步在线客户端，还有0个在线客户端
2020-07-29 11:22:30,001 [schedule-pool-26] INFO  -[ClientServiceImpl.java:123]- 同步在线客户端，还有0个在线客户端
2020-07-29 11:23:00,001 [schedule-pool-26] INFO  -[ClientServiceImpl.java:123]- 同步在线客户端，还有0个在线客户端
2020-07-29 11:23:30,002 [schedule-pool-26] INFO  -[ClientServiceImpl.java:123]- 同步在线客户端，还有0个在线客户端
2020-07-29 11:24:00,005 [schedule-pool-26] INFO  -[ClientServiceImpl.java:123]- 同步在线客户端，还有0个在线客户端
2020-07-29 11:24:30,003 [schedule-pool-26] INFO  -[ClientServiceImpl.java:123]- 同步在线客户端，还有0个在线客户端
2020-07-29 11:26:24,295 [main] INFO  -[StartupInfoLogger.java:50]- Starting RabbitPlatformServerApplication v0.0.1-SNAPSHOT on zhoudeMacBook-Pro.local with PID 63112 (/Users/zhou/IdeaProjects/rabbit_test_platform_server/src/main/resources/rabbit-platform-server-0.0.1-SNAPSHOT.jar started by zhou in /Users/zhou/IdeaProjects/rabbit_test_platform_server/src/main/resources)
2020-07-29 11:26:24,298 [main] DEBUG -[StartupInfoLogger.java:53]- Running with Spring Boot v2.0.7.RELEASE, Spring v5.0.11.RELEASE
2020-07-29 11:26:24,301 [main] INFO  -[SpringApplication.java:654]- No active profile set, falling back to default profiles: default
2020-07-29 11:26:30,820 [localhost-startStop-1] DEBUG -[GenericFilterBean.java:213]- Initializing filter 'tokenFilter'
2020-07-29 11:26:30,820 [localhost-startStop-1] DEBUG -[GenericFilterBean.java:244]- Filter 'tokenFilter' configured successfully
2020-07-29 11:26:31,603 [main] DEBUG -[BaseJdbcLogger.java:159]- ==>  Preparing: select id, `name`, project_ids, client_ip, client_port, is_enable, `status`, java_version, jmeter_version, appium_version, os_name, remark, create_by, create_time, update_by, update_time from t_client where `status`=? 
2020-07-29 11:26:31,782 [main] DEBUG -[BaseJdbcLogger.java:159]- ==> Parameters: 1(Integer)
2020-07-29 11:26:31,826 [main] DEBUG -[BaseJdbcLogger.java:159]- <==      Total: 0
2020-07-29 11:26:32,107 [main] DEBUG -[BaseJdbcLogger.java:159]- ==>  Preparing: select job_id, job_name, job_group, job_type, project_id, method_name, method_params, cron_expression, misfire_policy, status, create_by, create_time, remark from sys_job 
2020-07-29 11:26:32,108 [main] DEBUG -[BaseJdbcLogger.java:159]- ==> Parameters: 
2020-07-29 11:26:32,129 [main] DEBUG -[BaseJdbcLogger.java:159]- <==      Total: 5
2020-07-29 11:26:39,144 [main] INFO  -[StartupInfoLogger.java:59]- Started RabbitPlatformServerApplication in 15.503 seconds (JVM running for 16.104)
2020-07-29 11:27:00,004 [schedule-pool-1] INFO  -[ClientServiceImpl.java:123]- 同步在线客户端，还有0个在线客户端
2020-07-29 11:27:22,678 [http-nio-8889-exec-8] DEBUG -[BaseJdbcLogger.java:159]- ==>  Preparing: select * from sys_user t where t.username = ? 
2020-07-29 11:27:22,679 [http-nio-8889-exec-8] DEBUG -[BaseJdbcLogger.java:159]- ==> Parameters: admin(String)
2020-07-29 11:27:22,768 [http-nio-8889-exec-8] DEBUG -[BaseJdbcLogger.java:159]- <==      Total: 1
2020-07-29 11:27:22,781 [http-nio-8889-exec-8] DEBUG -[BaseJdbcLogger.java:159]- ==>  Preparing: select * from sys_role r inner join sys_role_user ru on r.id = ru.roleId where ru.userId = ? 
2020-07-29 11:27:22,789 [http-nio-8889-exec-8] DEBUG -[BaseJdbcLogger.java:159]- ==> Parameters: 1(Long)
2020-07-29 11:27:22,801 [http-nio-8889-exec-8] DEBUG -[BaseJdbcLogger.java:159]- <==      Total: 1
2020-07-29 11:27:22,802 [http-nio-8889-exec-8] DEBUG -[UserDetailsServiceImpl.java:66]- 如果有admin角色，就有所有权限
2020-07-29 11:27:22,809 [http-nio-8889-exec-8] DEBUG -[BaseJdbcLogger.java:159]- ==>  Preparing: select * from sys_permission t order by t.sort 
2020-07-29 11:27:22,810 [http-nio-8889-exec-8] DEBUG -[BaseJdbcLogger.java:159]- ==> Parameters: 
2020-07-29 11:27:22,838 [http-nio-8889-exec-8] DEBUG -[BaseJdbcLogger.java:159]- <==      Total: 91
2020-07-29 11:27:22,859 [http-nio-8889-exec-8] DEBUG -[BaseJdbcLogger.java:159]- ==>  Preparing: select id, project_name, description, platform, create_time, update_time, create_by, update_by from sys_project 
2020-07-29 11:27:22,860 [http-nio-8889-exec-8] DEBUG -[BaseJdbcLogger.java:159]- ==> Parameters: 
2020-07-29 11:27:22,883 [http-nio-8889-exec-8] DEBUG -[BaseJdbcLogger.java:159]- <==      Total: 3
2020-07-29 11:27:22,972 [http-nio-8889-exec-8] INFO  -[LoginUser.java:72]- 获取指令权限=====1[sys, add]
2020-07-29 11:27:23,329 [http-nio-8889-exec-8] DEBUG -[BaseJdbcLogger.java:159]- ==>  Preparing: insert into sys_logs(userId, module, flag, remark, createTime) values(?, ?, ?, ?, now()) 
2020-07-29 11:27:23,332 [http-nio-8889-exec-8] DEBUG -[BaseJdbcLogger.java:159]- ==> Parameters: 1(Long), 登陆(String), true(Boolean), null
2020-07-29 11:27:23,360 [http-nio-8889-exec-8] DEBUG -[BaseJdbcLogger.java:159]- <==    Updates: 1
2020-07-29 11:27:23,539 [http-nio-8889-exec-4] INFO  -[LoginUser.java:72]- 获取指令权限=====1[sys, add]
2020-07-29 11:27:27,571 [http-nio-8889-exec-4] INFO  -[LoginUser.java:72]- 获取指令权限=====1[sys, add]
2020-07-29 11:27:27,843 [http-nio-8889-exec-4] DEBUG -[BaseJdbcLogger.java:159]- ==>  Preparing: SELECT count(0) FROM t_testcase_ui_new WHERE 1 = 1 AND project_id = ? AND case_type = ? 
2020-07-29 11:27:27,846 [http-nio-8889-exec-4] DEBUG -[BaseJdbcLogger.java:159]- ==> Parameters: 1(Long), 2(Long)
2020-07-29 11:27:28,017 [http-nio-8889-exec-4] DEBUG -[BaseJdbcLogger.java:159]- <==      Total: 1
2020-07-29 11:27:28,021 [http-nio-8889-exec-4] DEBUG -[BaseJdbcLogger.java:159]- ==>  Preparing: select id, `name`, env_id, project_id, timout_time, fail_continue, flags, params, case_vars, case_type, remark, create_by, update_by, create_time, update_time from t_testcase_ui_new where 1=1 and project_id=? and case_type=? order by create_time desc LIMIT ? 
2020-07-29 11:27:28,024 [http-nio-8889-exec-4] DEBUG -[BaseJdbcLogger.java:159]- ==> Parameters: 1(Long), 2(Long), 10(Integer)
2020-07-29 11:27:28,042 [http-nio-8889-exec-4] DEBUG -[BaseJdbcLogger.java:159]- <==      Total: 3
2020-07-29 11:27:30,006 [schedule-pool-1] INFO  -[ClientServiceImpl.java:123]- 同步在线客户端，还有0个在线客户端
2020-07-29 11:28:00,002 [schedule-pool-2] INFO  -[ClientServiceImpl.java:123]- 同步在线客户端，还有0个在线客户端
2020-07-29 11:28:30,004 [schedule-pool-1] INFO  -[ClientServiceImpl.java:123]- 同步在线客户端，还有0个在线客户端
2020-07-29 11:29:00,005 [schedule-pool-3] INFO  -[ClientServiceImpl.java:123]- 同步在线客户端，还有0个在线客户端
2020-07-29 11:29:30,003 [schedule-pool-2] INFO  -[ClientServiceImpl.java:123]- 同步在线客户端，还有0个在线客户端
2020-07-29 11:30:00,001 [schedule-pool-4] INFO  -[ClientServiceImpl.java:123]- 同步在线客户端，还有0个在线客户端
2020-07-29 11:30:30,003 [schedule-pool-1] INFO  -[ClientServiceImpl.java:123]- 同步在线客户端，还有0个在线客户端
2020-07-29 11:31:00,001 [schedule-pool-5] INFO  -[ClientServiceImpl.java:123]- 同步在线客户端，还有0个在线客户端
2020-07-29 11:31:30,001 [schedule-pool-3] INFO  -[ClientServiceImpl.java:123]- 同步在线客户端，还有0个在线客户端
2020-07-29 11:32:00,003 [schedule-pool-6] INFO  -[ClientServiceImpl.java:123]- 同步在线客户端，还有0个在线客户端
2020-07-29 11:32:30,005 [schedule-pool-2] INFO  -[ClientServiceImpl.java:123]- 同步在线客户端，还有0个在线客户端
2020-07-29 11:33:00,009 [schedule-pool-7] INFO  -[ClientServiceImpl.java:123]- 同步在线客户端，还有0个在线客户端
2020-07-29 11:33:30,011 [schedule-pool-4] INFO  -[ClientServiceImpl.java:123]- 同步在线客户端，还有0个在线客户端
2020-07-29 11:34:00,008 [schedule-pool-8] INFO  -[ClientServiceImpl.java:123]- 同步在线客户端，还有0个在线客户端
2020-07-29 11:34:30,003 [schedule-pool-1] INFO  -[ClientServiceImpl.java:123]- 同步在线客户端，还有0个在线客户端
2020-07-29 11:35:00,001 [schedule-pool-9] INFO  -[ClientServiceImpl.java:123]- 同步在线客户端，还有0个在线客户端
2020-07-29 11:35:30,007 [schedule-pool-5] INFO  -[ClientServiceImpl.java:123]- 同步在线客户端，还有0个在线客户端
2020-07-29 11:36:00,006 [schedule-pool-10] INFO  -[ClientServiceImpl.java:123]- 同步在线客户端，还有0个在线客户端
2020-07-29 11:36:30,002 [schedule-pool-3] INFO  -[ClientServiceImpl.java:123]- 同步在线客户端，还有0个在线客户端
2020-07-29 11:37:00,010 [schedule-pool-11] INFO  -[ClientServiceImpl.java:123]- 同步在线客户端，还有0个在线客户端
2020-07-29 11:37:30,006 [schedule-pool-6] INFO  -[ClientServiceImpl.java:123]- 同步在线客户端，还有0个在线客户端
2020-07-29 11:38:00,007 [schedule-pool-12] INFO  -[ClientServiceImpl.java:123]- 同步在线客户端，还有0个在线客户端
2020-07-29 11:38:30,011 [schedule-pool-2] INFO  -[ClientServiceImpl.java:123]- 同步在线客户端，还有0个在线客户端
2020-07-29 11:39:00,010 [schedule-pool-13] INFO  -[ClientServiceImpl.java:123]- 同步在线客户端，还有0个在线客户端
2020-07-29 11:39:30,001 [schedule-pool-7] INFO  -[ClientServiceImpl.java:123]- 同步在线客户端，还有0个在线客户端
2020-07-29 11:40:00,006 [schedule-pool-14] INFO  -[ClientServiceImpl.java:123]- 同步在线客户端，还有0个在线客户端
2020-07-29 11:40:30,005 [schedule-pool-4] INFO  -[ClientServiceImpl.java:123]- 同步在线客户端，还有0个在线客户端
2020-07-29 11:41:00,002 [schedule-pool-15] INFO  -[ClientServiceImpl.java:123]- 同步在线客户端，还有0个在线客户端
2020-07-29 11:41:30,011 [schedule-pool-8] INFO  -[ClientServiceImpl.java:123]- 同步在线客户端，还有0个在线客户端
2020-07-29 11:42:00,011 [schedule-pool-16] INFO  -[ClientServiceImpl.java:123]- 同步在线客户端，还有0个在线客户端
2020-07-29 11:42:30,003 [schedule-pool-1] INFO  -[ClientServiceImpl.java:123]- 同步在线客户端，还有0个在线客户端
2020-07-29 11:43:00,004 [schedule-pool-17] INFO  -[ClientServiceImpl.java:123]- 同步在线客户端，还有0个在线客户端
2020-07-29 11:43:30,006 [schedule-pool-9] INFO  -[ClientServiceImpl.java:123]- 同步在线客户端，还有0个在线客户端
2020-07-29 11:44:00,003 [schedule-pool-18] INFO  -[ClientServiceImpl.java:123]- 同步在线客户端，还有0个在线客户端
2020-07-29 11:44:30,008 [schedule-pool-5] INFO  -[ClientServiceImpl.java:123]- 同步在线客户端，还有0个在线客户端
2020-07-29 11:45:00,008 [schedule-pool-19] INFO  -[ClientServiceImpl.java:123]- 同步在线客户端，还有0个在线客户端
2020-07-29 11:45:30,005 [schedule-pool-10] INFO  -[ClientServiceImpl.java:123]- 同步在线客户端，还有0个在线客户端
2020-07-29 11:46:00,010 [schedule-pool-20] INFO  -[ClientServiceImpl.java:123]- 同步在线客户端，还有0个在线客户端
2020-07-29 11:46:30,010 [schedule-pool-3] INFO  -[ClientServiceImpl.java:123]- 同步在线客户端，还有0个在线客户端
2020-07-29 11:47:00,001 [schedule-pool-21] INFO  -[ClientServiceImpl.java:123]- 同步在线客户端，还有0个在线客户端
2020-07-29 11:47:30,005 [schedule-pool-11] INFO  -[ClientServiceImpl.java:123]- 同步在线客户端，还有0个在线客户端
2020-07-29 11:48:00,003 [schedule-pool-22] INFO  -[ClientServiceImpl.java:123]- 同步在线客户端，还有0个在线客户端
2020-07-29 11:48:30,002 [schedule-pool-6] INFO  -[ClientServiceImpl.java:123]- 同步在线客户端，还有0个在线客户端
2020-07-29 11:49:00,006 [schedule-pool-23] INFO  -[ClientServiceImpl.java:123]- 同步在线客户端，还有0个在线客户端
2020-07-29 11:49:30,011 [schedule-pool-12] INFO  -[ClientServiceImpl.java:123]- 同步在线客户端，还有0个在线客户端
2020-07-29 11:50:00,007 [schedule-pool-24] INFO  -[ClientServiceImpl.java:123]- 同步在线客户端，还有0个在线客户端
2020-07-29 11:50:30,010 [schedule-pool-2] INFO  -[ClientServiceImpl.java:123]- 同步在线客户端，还有0个在线客户端
2020-07-29 11:51:00,008 [schedule-pool-25] INFO  -[ClientServiceImpl.java:123]- 同步在线客户端，还有0个在线客户端
2020-07-29 11:51:30,002 [schedule-pool-13] INFO  -[ClientServiceImpl.java:123]- 同步在线客户端，还有0个在线客户端
2020-07-29 11:52:00,010 [schedule-pool-13] INFO  -[ClientServiceImpl.java:123]- 同步在线客户端，还有0个在线客户端
2020-07-29 11:52:30,005 [schedule-pool-13] INFO  -[ClientServiceImpl.java:123]- 同步在线客户端，还有0个在线客户端
2020-07-29 11:53:00,009 [schedule-pool-13] INFO  -[ClientServiceImpl.java:123]- 同步在线客户端，还有0个在线客户端
2020-07-29 11:53:30,006 [schedule-pool-13] INFO  -[ClientServiceImpl.java:123]- 同步在线客户端，还有0个在线客户端
2020-07-29 11:54:00,005 [schedule-pool-13] INFO  -[ClientServiceImpl.java:123]- 同步在线客户端，还有0个在线客户端
2020-07-29 11:54:30,010 [schedule-pool-13] INFO  -[ClientServiceImpl.java:123]- 同步在线客户端，还有0个在线客户端
2020-07-29 11:55:00,000 [schedule-pool-13] INFO  -[ClientServiceImpl.java:123]- 同步在线客户端，还有0个在线客户端
2020-07-29 11:55:30,006 [schedule-pool-13] INFO  -[ClientServiceImpl.java:123]- 同步在线客户端，还有0个在线客户端
2020-07-29 11:56:00,010 [schedule-pool-13] INFO  -[ClientServiceImpl.java:123]- 同步在线客户端，还有0个在线客户端
2020-07-29 11:56:30,001 [schedule-pool-13] INFO  -[ClientServiceImpl.java:123]- 同步在线客户端，还有0个在线客户端
2020-07-29 11:57:00,009 [schedule-pool-13] INFO  -[ClientServiceImpl.java:123]- 同步在线客户端，还有0个在线客户端
2020-07-29 11:57:30,009 [schedule-pool-13] INFO  -[ClientServiceImpl.java:123]- 同步在线客户端，还有0个在线客户端
2020-07-29 11:58:00,009 [schedule-pool-13] INFO  -[ClientServiceImpl.java:123]- 同步在线客户端，还有0个在线客户端
2020-07-29 11:58:30,010 [schedule-pool-13] INFO  -[ClientServiceImpl.java:123]- 同步在线客户端，还有0个在线客户端
2020-07-29 11:59:00,006 [schedule-pool-13] INFO  -[ClientServiceImpl.java:123]- 同步在线客户端，还有0个在线客户端
2020-07-29 11:59:30,008 [schedule-pool-13] INFO  -[ClientServiceImpl.java:123]- 同步在线客户端，还有0个在线客户端
2020-07-29 12:00:00,003 [schedule-pool-13] INFO  -[ClientServiceImpl.java:123]- 同步在线客户端，还有0个在线客户端
2020-07-29 12:00:30,001 [schedule-pool-13] INFO  -[ClientServiceImpl.java:123]- 同步在线客户端，还有0个在线客户端
2020-07-29 12:01:00,010 [schedule-pool-13] INFO  -[ClientServiceImpl.java:123]- 同步在线客户端，还有0个在线客户端
2020-07-29 12:01:30,009 [schedule-pool-13] INFO  -[ClientServiceImpl.java:123]- 同步在线客户端，还有0个在线客户端
2020-07-29 12:02:00,010 [schedule-pool-13] INFO  -[ClientServiceImpl.java:123]- 同步在线客户端，还有0个在线客户端
2020-07-29 12:02:30,001 [schedule-pool-13] INFO  -[ClientServiceImpl.java:123]- 同步在线客户端，还有0个在线客户端
2020-07-29 12:03:00,009 [schedule-pool-13] INFO  -[ClientServiceImpl.java:123]- 同步在线客户端，还有0个在线客户端
2020-07-29 12:03:30,009 [schedule-pool-13] INFO  -[ClientServiceImpl.java:123]- 同步在线客户端，还有0个在线客户端
2020-07-29 12:04:00,010 [schedule-pool-13] INFO  -[ClientServiceImpl.java:123]- 同步在线客户端，还有0个在线客户端
2020-07-29 12:04:30,001 [schedule-pool-13] INFO  -[ClientServiceImpl.java:123]- 同步在线客户端，还有0个在线客户端
2020-07-29 12:05:00,010 [schedule-pool-13] INFO  -[ClientServiceImpl.java:123]- 同步在线客户端，还有0个在线客户端
2020-07-29 12:05:30,010 [schedule-pool-13] INFO  -[ClientServiceImpl.java:123]- 同步在线客户端，还有0个在线客户端
2020-07-29 12:06:00,010 [schedule-pool-13] INFO  -[ClientServiceImpl.java:123]- 同步在线客户端，还有0个在线客户端
2020-07-29 12:06:30,002 [schedule-pool-13] INFO  -[ClientServiceImpl.java:123]- 同步在线客户端，还有0个在线客户端
2020-07-29 12:07:00,008 [schedule-pool-13] INFO  -[ClientServiceImpl.java:123]- 同步在线客户端，还有0个在线客户端
2020-07-29 12:07:30,008 [schedule-pool-21] INFO  -[ClientServiceImpl.java:123]- 同步在线客户端，还有0个在线客户端
2020-07-29 12:08:00,004 [schedule-pool-21] INFO  -[ClientServiceImpl.java:123]- 同步在线客户端，还有0个在线客户端
2020-07-29 12:08:30,004 [schedule-pool-21] INFO  -[ClientServiceImpl.java:123]- 同步在线客户端，还有0个在线客户端
2020-07-29 12:09:00,007 [schedule-pool-21] INFO  -[ClientServiceImpl.java:123]- 同步在线客户端，还有0个在线客户端
2020-07-29 12:09:30,007 [schedule-pool-21] INFO  -[ClientServiceImpl.java:123]- 同步在线客户端，还有0个在线客户端
2020-07-29 12:10:00,007 [schedule-pool-21] INFO  -[ClientServiceImpl.java:123]- 同步在线客户端，还有0个在线客户端
2020-07-29 12:10:30,010 [schedule-pool-21] INFO  -[ClientServiceImpl.java:123]- 同步在线客户端，还有0个在线客户端
2020-07-29 12:11:00,008 [schedule-pool-21] INFO  -[ClientServiceImpl.java:123]- 同步在线客户端，还有0个在线客户端
2020-07-29 12:11:30,007 [schedule-pool-21] INFO  -[ClientServiceImpl.java:123]- 同步在线客户端，还有0个在线客户端
2020-07-29 12:12:00,009 [schedule-pool-21] INFO  -[ClientServiceImpl.java:123]- 同步在线客户端，还有0个在线客户端
2020-07-29 12:12:30,006 [schedule-pool-21] INFO  -[ClientServiceImpl.java:123]- 同步在线客户端，还有0个在线客户端
2020-07-29 12:13:00,008 [schedule-pool-21] INFO  -[ClientServiceImpl.java:123]- 同步在线客户端，还有0个在线客户端
2020-07-29 12:13:30,008 [schedule-pool-21] INFO  -[ClientServiceImpl.java:123]- 同步在线客户端，还有0个在线客户端
2020-07-29 12:14:00,006 [schedule-pool-21] INFO  -[ClientServiceImpl.java:123]- 同步在线客户端，还有0个在线客户端
2020-07-29 12:14:30,007 [schedule-pool-21] INFO  -[ClientServiceImpl.java:123]- 同步在线客户端，还有0个在线客户端
2020-07-29 12:15:00,010 [schedule-pool-21] INFO  -[ClientServiceImpl.java:123]- 同步在线客户端，还有0个在线客户端
2020-07-29 12:15:30,007 [schedule-pool-21] INFO  -[ClientServiceImpl.java:123]- 同步在线客户端，还有0个在线客户端
2020-07-29 12:16:00,009 [schedule-pool-21] INFO  -[ClientServiceImpl.java:123]- 同步在线客户端，还有0个在线客户端
2020-07-29 12:16:30,010 [schedule-pool-21] INFO  -[ClientServiceImpl.java:123]- 同步在线客户端，还有0个在线客户端
2020-07-29 12:17:00,007 [schedule-pool-21] INFO  -[ClientServiceImpl.java:123]- 同步在线客户端，还有0个在线客户端
2020-07-29 12:17:30,006 [schedule-pool-21] INFO  -[ClientServiceImpl.java:123]- 同步在线客户端，还有0个在线客户端
2020-07-29 12:18:00,009 [schedule-pool-21] INFO  -[ClientServiceImpl.java:123]- 同步在线客户端，还有0个在线客户端
2020-07-29 12:18:30,007 [schedule-pool-21] INFO  -[ClientServiceImpl.java:123]- 同步在线客户端，还有0个在线客户端
2020-07-29 12:19:00,000 [schedule-pool-21] INFO  -[ClientServiceImpl.java:123]- 同步在线客户端，还有0个在线客户端
2020-07-29 12:19:30,004 [schedule-pool-21] INFO  -[ClientServiceImpl.java:123]- 同步在线客户端，还有0个在线客户端
2020-07-29 12:20:00,011 [schedule-pool-21] INFO  -[ClientServiceImpl.java:123]- 同步在线客户端，还有0个在线客户端
2020-07-29 12:20:30,006 [schedule-pool-21] INFO  -[ClientServiceImpl.java:123]- 同步在线客户端，还有0个在线客户端
2020-07-29 12:21:00,005 [schedule-pool-21] INFO  -[ClientServiceImpl.java:123]- 同步在线客户端，还有0个在线客户端
2020-07-29 12:21:30,007 [schedule-pool-21] INFO  -[ClientServiceImpl.java:123]- 同步在线客户端，还有0个在线客户端
2020-07-29 12:22:00,008 [schedule-pool-21] INFO  -[ClientServiceImpl.java:123]- 同步在线客户端，还有0个在线客户端
2020-07-29 12:22:30,002 [schedule-pool-21] INFO  -[ClientServiceImpl.java:123]- 同步在线客户端，还有0个在线客户端
2020-07-29 12:23:00,002 [schedule-pool-21] INFO  -[ClientServiceImpl.java:123]- 同步在线客户端，还有0个在线客户端
2020-07-29 12:23:30,007 [schedule-pool-21] INFO  -[ClientServiceImpl.java:123]- 同步在线客户端，还有0个在线客户端
2020-07-29 12:24:00,004 [schedule-pool-21] INFO  -[ClientServiceImpl.java:123]- 同步在线客户端，还有0个在线客户端
2020-07-29 12:24:30,010 [schedule-pool-21] INFO  -[ClientServiceImpl.java:123]- 同步在线客户端，还有0个在线客户端
2020-07-29 12:25:00,009 [schedule-pool-21] INFO  -[ClientServiceImpl.java:123]- 同步在线客户端，还有0个在线客户端
2020-07-29 12:25:30,006 [schedule-pool-21] INFO  -[ClientServiceImpl.java:123]- 同步在线客户端，还有0个在线客户端
2020-07-29 12:26:00,004 [schedule-pool-21] INFO  -[ClientServiceImpl.java:123]- 同步在线客户端，还有0个在线客户端
2020-07-29 12:26:30,008 [schedule-pool-21] INFO  -[ClientServiceImpl.java:123]- 同步在线客户端，还有0个在线客户端
2020-07-29 12:27:00,010 [schedule-pool-21] INFO  -[ClientServiceImpl.java:123]- 同步在线客户端，还有0个在线客户端
2020-07-29 12:27:30,010 [schedule-pool-21] INFO  -[ClientServiceImpl.java:123]- 同步在线客户端，还有0个在线客户端
2020-07-29 12:28:00,006 [schedule-pool-21] INFO  -[ClientServiceImpl.java:123]- 同步在线客户端，还有0个在线客户端
2020-07-29 12:28:30,003 [schedule-pool-21] INFO  -[ClientServiceImpl.java:123]- 同步在线客户端，还有0个在线客户端
2020-07-29 12:29:00,009 [schedule-pool-21] INFO  -[ClientServiceImpl.java:123]- 同步在线客户端，还有0个在线客户端
2020-07-29 12:29:30,006 [schedule-pool-21] INFO  -[ClientServiceImpl.java:123]- 同步在线客户端，还有0个在线客户端
2020-07-29 12:30:00,003 [schedule-pool-21] INFO  -[ClientServiceImpl.java:123]- 同步在线客户端，还有0个在线客户端
2020-07-29 12:30:30,010 [schedule-pool-21] INFO  -[ClientServiceImpl.java:123]- 同步在线客户端，还有0个在线客户端
2020-07-29 12:31:00,010 [schedule-pool-21] INFO  -[ClientServiceImpl.java:123]- 同步在线客户端，还有0个在线客户端
2020-07-29 12:31:30,001 [schedule-pool-21] INFO  -[ClientServiceImpl.java:123]- 同步在线客户端，还有0个在线客户端
2020-07-29 12:32:00,005 [schedule-pool-21] INFO  -[ClientServiceImpl.java:123]- 同步在线客户端，还有0个在线客户端
2020-07-29 12:32:30,001 [schedule-pool-21] INFO  -[ClientServiceImpl.java:123]- 同步在线客户端，还有0个在线客户端
2020-07-29 12:33:00,010 [schedule-pool-21] INFO  -[ClientServiceImpl.java:123]- 同步在线客户端，还有0个在线客户端
2020-07-29 12:33:30,003 [schedule-pool-21] INFO  -[ClientServiceImpl.java:123]- 同步在线客户端，还有0个在线客户端
2020-07-29 12:34:00,008 [schedule-pool-21] INFO  -[ClientServiceImpl.java:123]- 同步在线客户端，还有0个在线客户端
2020-07-29 12:34:30,010 [schedule-pool-21] INFO  -[ClientServiceImpl.java:123]- 同步在线客户端，还有0个在线客户端
2020-07-29 12:35:00,007 [schedule-pool-21] INFO  -[ClientServiceImpl.java:123]- 同步在线客户端，还有0个在线客户端
2020-07-29 12:35:30,006 [schedule-pool-21] INFO  -[ClientServiceImpl.java:123]- 同步在线客户端，还有0个在线客户端
2020-07-29 12:36:00,006 [schedule-pool-21] INFO  -[ClientServiceImpl.java:123]- 同步在线客户端，还有0个在线客户端
2020-07-29 12:36:30,007 [schedule-pool-21] INFO  -[ClientServiceImpl.java:123]- 同步在线客户端，还有0个在线客户端
2020-07-29 12:37:00,009 [schedule-pool-21] INFO  -[ClientServiceImpl.java:123]- 同步在线客户端，还有0个在线客户端
2020-07-29 12:37:30,003 [schedule-pool-21] INFO  -[ClientServiceImpl.java:123]- 同步在线客户端，还有0个在线客户端
2020-07-29 12:38:00,001 [schedule-pool-21] INFO  -[ClientServiceImpl.java:123]- 同步在线客户端，还有0个在线客户端
2020-07-29 12:38:30,006 [schedule-pool-21] INFO  -[ClientServiceImpl.java:123]- 同步在线客户端，还有0个在线客户端
2020-07-29 12:39:00,001 [schedule-pool-21] INFO  -[ClientServiceImpl.java:123]- 同步在线客户端，还有0个在线客户端
2020-07-29 12:39:30,008 [schedule-pool-21] INFO  -[ClientServiceImpl.java:123]- 同步在线客户端，还有0个在线客户端
2020-07-29 12:40:00,011 [schedule-pool-21] INFO  -[ClientServiceImpl.java:123]- 同步在线客户端，还有0个在线客户端
2020-07-29 12:40:30,003 [schedule-pool-21] INFO  -[ClientServiceImpl.java:123]- 同步在线客户端，还有0个在线客户端
2020-07-29 12:41:00,007 [schedule-pool-21] INFO  -[ClientServiceImpl.java:123]- 同步在线客户端，还有0个在线客户端
2020-07-29 12:41:30,007 [schedule-pool-21] INFO  -[ClientServiceImpl.java:123]- 同步在线客户端，还有0个在线客户端
2020-07-29 12:42:00,008 [schedule-pool-21] INFO  -[ClientServiceImpl.java:123]- 同步在线客户端，还有0个在线客户端
2020-07-29 12:42:30,007 [schedule-pool-21] INFO  -[ClientServiceImpl.java:123]- 同步在线客户端，还有0个在线客户端
2020-07-29 12:43:00,008 [schedule-pool-21] INFO  -[ClientServiceImpl.java:123]- 同步在线客户端，还有0个在线客户端
2020-07-29 12:43:30,003 [schedule-pool-21] INFO  -[ClientServiceImpl.java:123]- 同步在线客户端，还有0个在线客户端
2020-07-29 12:44:00,009 [schedule-pool-21] INFO  -[ClientServiceImpl.java:123]- 同步在线客户端，还有0个在线客户端
2020-07-29 12:44:30,006 [schedule-pool-21] INFO  -[ClientServiceImpl.java:123]- 同步在线客户端，还有0个在线客户端
2020-07-29 12:45:00,005 [schedule-pool-21] INFO  -[ClientServiceImpl.java:123]- 同步在线客户端，还有0个在线客户端
2020-07-29 12:45:30,006 [schedule-pool-21] INFO  -[ClientServiceImpl.java:123]- 同步在线客户端，还有0个在线客户端
2020-07-29 12:46:00,007 [schedule-pool-21] INFO  -[ClientServiceImpl.java:123]- 同步在线客户端，还有0个在线客户端
2020-07-29 12:46:30,009 [schedule-pool-21] INFO  -[ClientServiceImpl.java:123]- 同步在线客户端，还有0个在线客户端
2020-07-29 12:47:00,005 [schedule-pool-21] INFO  -[ClientServiceImpl.java:123]- 同步在线客户端，还有0个在线客户端
2020-07-29 12:47:30,007 [schedule-pool-21] INFO  -[ClientServiceImpl.java:123]- 同步在线客户端，还有0个在线客户端
2020-07-29 12:48:00,006 [schedule-pool-21] INFO  -[ClientServiceImpl.java:123]- 同步在线客户端，还有0个在线客户端
2020-07-29 12:48:30,008 [schedule-pool-21] INFO  -[ClientServiceImpl.java:123]- 同步在线客户端，还有0个在线客户端
2020-07-29 12:49:00,008 [schedule-pool-21] INFO  -[ClientServiceImpl.java:123]- 同步在线客户端，还有0个在线客户端
2020-07-29 12:49:30,009 [schedule-pool-21] INFO  -[ClientServiceImpl.java:123]- 同步在线客户端，还有0个在线客户端
2020-07-29 12:50:00,009 [schedule-pool-21] INFO  -[ClientServiceImpl.java:123]- 同步在线客户端，还有0个在线客户端
2020-07-29 12:50:30,007 [schedule-pool-21] INFO  -[ClientServiceImpl.java:123]- 同步在线客户端，还有0个在线客户端
2020-07-29 12:51:00,010 [schedule-pool-21] INFO  -[ClientServiceImpl.java:123]- 同步在线客户端，还有0个在线客户端
2020-07-29 12:51:30,009 [schedule-pool-21] INFO  -[ClientServiceImpl.java:123]- 同步在线客户端，还有0个在线客户端
2020-07-29 12:52:00,010 [schedule-pool-21] INFO  -[ClientServiceImpl.java:123]- 同步在线客户端，还有0个在线客户端
2020-07-29 12:52:30,010 [schedule-pool-21] INFO  -[ClientServiceImpl.java:123]- 同步在线客户端，还有0个在线客户端
2020-07-29 12:53:00,011 [schedule-pool-21] INFO  -[ClientServiceImpl.java:123]- 同步在线客户端，还有0个在线客户端
2020-07-29 12:53:30,006 [schedule-pool-21] INFO  -[ClientServiceImpl.java:123]- 同步在线客户端，还有0个在线客户端
2020-07-29 12:54:00,007 [schedule-pool-21] INFO  -[ClientServiceImpl.java:123]- 同步在线客户端，还有0个在线客户端
2020-07-29 12:54:30,006 [schedule-pool-21] INFO  -[ClientServiceImpl.java:123]- 同步在线客户端，还有0个在线客户端
2020-07-29 12:55:00,006 [schedule-pool-21] INFO  -[ClientServiceImpl.java:123]- 同步在线客户端，还有0个在线客户端
2020-07-29 12:55:30,001 [schedule-pool-21] INFO  -[ClientServiceImpl.java:123]- 同步在线客户端，还有0个在线客户端
2020-07-29 12:56:00,007 [schedule-pool-21] INFO  -[ClientServiceImpl.java:123]- 同步在线客户端，还有0个在线客户端
2020-07-29 12:56:30,004 [schedule-pool-21] INFO  -[ClientServiceImpl.java:123]- 同步在线客户端，还有0个在线客户端
2020-07-29 12:57:00,002 [schedule-pool-21] INFO  -[ClientServiceImpl.java:123]- 同步在线客户端，还有0个在线客户端
2020-07-29 12:57:30,006 [schedule-pool-21] INFO  -[ClientServiceImpl.java:123]- 同步在线客户端，还有0个在线客户端
2020-07-29 12:58:00,005 [schedule-pool-21] INFO  -[ClientServiceImpl.java:123]- 同步在线客户端，还有0个在线客户端
2020-07-29 12:58:30,008 [schedule-pool-21] INFO  -[ClientServiceImpl.java:123]- 同步在线客户端，还有0个在线客户端
2020-07-29 12:59:00,005 [schedule-pool-21] INFO  -[ClientServiceImpl.java:123]- 同步在线客户端，还有0个在线客户端
2020-07-29 12:59:30,000 [schedule-pool-21] INFO  -[ClientServiceImpl.java:123]- 同步在线客户端，还有0个在线客户端
2020-07-29 13:00:00,009 [schedule-pool-21] INFO  -[ClientServiceImpl.java:123]- 同步在线客户端，还有0个在线客户端
2020-07-29 13:00:30,006 [schedule-pool-21] INFO  -[ClientServiceImpl.java:123]- 同步在线客户端，还有0个在线客户端
2020-07-29 13:01:00,005 [schedule-pool-21] INFO  -[ClientServiceImpl.java:123]- 同步在线客户端，还有0个在线客户端
2020-07-29 13:01:30,007 [schedule-pool-21] INFO  -[ClientServiceImpl.java:123]- 同步在线客户端，还有0个在线客户端
2020-07-29 13:02:00,010 [schedule-pool-21] INFO  -[ClientServiceImpl.java:123]- 同步在线客户端，还有0个在线客户端
2020-07-29 13:02:30,009 [schedule-pool-21] INFO  -[ClientServiceImpl.java:123]- 同步在线客户端，还有0个在线客户端
2020-07-29 13:03:00,008 [schedule-pool-21] INFO  -[ClientServiceImpl.java:123]- 同步在线客户端，还有0个在线客户端
2020-07-29 13:03:30,008 [schedule-pool-21] INFO  -[ClientServiceImpl.java:123]- 同步在线客户端，还有0个在线客户端
2020-07-29 13:04:00,008 [schedule-pool-21] INFO  -[ClientServiceImpl.java:123]- 同步在线客户端，还有0个在线客户端
2020-07-29 13:04:30,008 [schedule-pool-21] INFO  -[ClientServiceImpl.java:123]- 同步在线客户端，还有0个在线客户端
2020-07-29 13:05:00,009 [schedule-pool-21] INFO  -[ClientServiceImpl.java:123]- 同步在线客户端，还有0个在线客户端
2020-07-29 13:05:30,007 [schedule-pool-21] INFO  -[ClientServiceImpl.java:123]- 同步在线客户端，还有0个在线客户端
2020-07-29 13:06:00,008 [schedule-pool-21] INFO  -[ClientServiceImpl.java:123]- 同步在线客户端，还有0个在线客户端
2020-07-29 13:06:30,006 [schedule-pool-21] INFO  -[ClientServiceImpl.java:123]- 同步在线客户端，还有0个在线客户端
2020-07-29 13:07:00,010 [schedule-pool-21] INFO  -[ClientServiceImpl.java:123]- 同步在线客户端，还有0个在线客户端
2020-07-29 13:07:30,010 [schedule-pool-21] INFO  -[ClientServiceImpl.java:123]- 同步在线客户端，还有0个在线客户端
2020-07-29 13:08:00,010 [schedule-pool-21] INFO  -[ClientServiceImpl.java:123]- 同步在线客户端，还有0个在线客户端
2020-07-29 13:08:30,007 [schedule-pool-21] INFO  -[ClientServiceImpl.java:123]- 同步在线客户端，还有0个在线客户端
2020-07-29 13:09:00,008 [schedule-pool-21] INFO  -[ClientServiceImpl.java:123]- 同步在线客户端，还有0个在线客户端
2020-07-29 13:09:30,010 [schedule-pool-21] INFO  -[ClientServiceImpl.java:123]- 同步在线客户端，还有0个在线客户端
2020-07-29 13:10:00,008 [schedule-pool-21] INFO  -[ClientServiceImpl.java:123]- 同步在线客户端，还有0个在线客户端
2020-07-29 13:10:30,010 [schedule-pool-21] INFO  -[ClientServiceImpl.java:123]- 同步在线客户端，还有0个在线客户端
2020-07-29 13:11:00,001 [schedule-pool-21] INFO  -[ClientServiceImpl.java:123]- 同步在线客户端，还有0个在线客户端
2020-07-29 13:11:30,003 [schedule-pool-21] INFO  -[ClientServiceImpl.java:123]- 同步在线客户端，还有0个在线客户端
2020-07-29 13:12:00,011 [schedule-pool-21] INFO  -[ClientServiceImpl.java:123]- 同步在线客户端，还有0个在线客户端
2020-07-29 13:12:30,010 [schedule-pool-21] INFO  -[ClientServiceImpl.java:123]- 同步在线客户端，还有0个在线客户端
2020-07-29 13:13:00,004 [schedule-pool-21] INFO  -[ClientServiceImpl.java:123]- 同步在线客户端，还有0个在线客户端
2020-07-29 13:13:30,000 [schedule-pool-21] INFO  -[ClientServiceImpl.java:123]- 同步在线客户端，还有0个在线客户端
2020-07-29 13:14:00,008 [schedule-pool-21] INFO  -[ClientServiceImpl.java:123]- 同步在线客户端，还有0个在线客户端
2020-07-29 13:14:30,011 [schedule-pool-21] INFO  -[ClientServiceImpl.java:123]- 同步在线客户端，还有0个在线客户端
2020-07-29 13:15:00,002 [schedule-pool-21] INFO  -[ClientServiceImpl.java:123]- 同步在线客户端，还有0个在线客户端
2020-07-29 13:15:30,002 [schedule-pool-21] INFO  -[ClientServiceImpl.java:123]- 同步在线客户端，还有0个在线客户端
2020-07-29 13:16:00,005 [schedule-pool-21] INFO  -[ClientServiceImpl.java:123]- 同步在线客户端，还有0个在线客户端
2020-07-29 13:16:30,005 [schedule-pool-21] INFO  -[ClientServiceImpl.java:123]- 同步在线客户端，还有0个在线客户端
2020-07-29 13:17:00,010 [schedule-pool-21] INFO  -[ClientServiceImpl.java:123]- 同步在线客户端，还有0个在线客户端
2020-07-29 13:17:30,002 [schedule-pool-21] INFO  -[ClientServiceImpl.java:123]- 同步在线客户端，还有0个在线客户端
2020-07-29 13:18:00,002 [schedule-pool-21] INFO  -[ClientServiceImpl.java:123]- 同步在线客户端，还有0个在线客户端
2020-07-29 13:18:30,007 [schedule-pool-21] INFO  -[ClientServiceImpl.java:123]- 同步在线客户端，还有0个在线客户端
2020-07-29 13:19:00,007 [schedule-pool-21] INFO  -[ClientServiceImpl.java:123]- 同步在线客户端，还有0个在线客户端
2020-07-29 13:19:30,004 [schedule-pool-21] INFO  -[ClientServiceImpl.java:123]- 同步在线客户端，还有0个在线客户端
2020-07-29 13:20:00,002 [schedule-pool-21] INFO  -[ClientServiceImpl.java:123]- 同步在线客户端，还有0个在线客户端
2020-07-29 13:20:30,006 [schedule-pool-21] INFO  -[ClientServiceImpl.java:123]- 同步在线客户端，还有0个在线客户端
2020-07-29 13:21:00,010 [schedule-pool-21] INFO  -[ClientServiceImpl.java:123]- 同步在线客户端，还有0个在线客户端
2020-07-29 13:21:30,010 [schedule-pool-21] INFO  -[ClientServiceImpl.java:123]- 同步在线客户端，还有0个在线客户端
2020-07-29 13:22:00,001 [schedule-pool-21] INFO  -[ClientServiceImpl.java:123]- 同步在线客户端，还有0个在线客户端
2020-07-29 13:22:30,007 [schedule-pool-21] INFO  -[ClientServiceImpl.java:123]- 同步在线客户端，还有0个在线客户端
2020-07-29 13:23:00,004 [schedule-pool-21] INFO  -[ClientServiceImpl.java:123]- 同步在线客户端，还有0个在线客户端
2020-07-29 13:23:30,003 [schedule-pool-21] INFO  -[ClientServiceImpl.java:123]- 同步在线客户端，还有0个在线客户端
2020-07-29 13:24:00,010 [schedule-pool-21] INFO  -[ClientServiceImpl.java:123]- 同步在线客户端，还有0个在线客户端
2020-07-29 13:24:30,010 [schedule-pool-21] INFO  -[ClientServiceImpl.java:123]- 同步在线客户端，还有0个在线客户端
2020-07-29 13:25:00,006 [schedule-pool-21] INFO  -[ClientServiceImpl.java:123]- 同步在线客户端，还有0个在线客户端
2020-07-29 13:25:30,001 [schedule-pool-21] INFO  -[ClientServiceImpl.java:123]- 同步在线客户端，还有0个在线客户端
2020-07-29 13:26:00,008 [schedule-pool-21] INFO  -[ClientServiceImpl.java:123]- 同步在线客户端，还有0个在线客户端
2020-07-29 13:26:30,007 [schedule-pool-21] INFO  -[ClientServiceImpl.java:123]- 同步在线客户端，还有0个在线客户端
2020-07-29 13:27:00,001 [schedule-pool-21] INFO  -[ClientServiceImpl.java:123]- 同步在线客户端，还有0个在线客户端
2020-07-29 13:27:30,004 [schedule-pool-21] INFO  -[ClientServiceImpl.java:123]- 同步在线客户端，还有0个在线客户端
2020-07-29 13:28:00,003 [schedule-pool-21] INFO  -[ClientServiceImpl.java:123]- 同步在线客户端，还有0个在线客户端
2020-07-29 13:28:30,010 [schedule-pool-21] INFO  -[ClientServiceImpl.java:123]- 同步在线客户端，还有0个在线客户端
2020-07-29 13:29:00,010 [schedule-pool-21] INFO  -[ClientServiceImpl.java:123]- 同步在线客户端，还有0个在线客户端
2020-07-29 13:29:30,008 [schedule-pool-21] INFO  -[ClientServiceImpl.java:123]- 同步在线客户端，还有0个在线客户端
2020-07-29 13:30:00,003 [schedule-pool-21] INFO  -[ClientServiceImpl.java:123]- 同步在线客户端，还有0个在线客户端
2020-07-29 13:30:30,005 [schedule-pool-21] INFO  -[ClientServiceImpl.java:123]- 同步在线客户端，还有0个在线客户端
2020-07-29 13:31:00,004 [schedule-pool-21] INFO  -[ClientServiceImpl.java:123]- 同步在线客户端，还有0个在线客户端
2020-07-29 13:31:30,004 [schedule-pool-21] INFO  -[ClientServiceImpl.java:123]- 同步在线客户端，还有0个在线客户端
2020-07-29 13:32:00,008 [schedule-pool-21] INFO  -[ClientServiceImpl.java:123]- 同步在线客户端，还有0个在线客户端
2020-07-29 13:32:30,009 [schedule-pool-21] INFO  -[ClientServiceImpl.java:123]- 同步在线客户端，还有0个在线客户端
2020-07-29 13:33:00,009 [schedule-pool-21] INFO  -[ClientServiceImpl.java:123]- 同步在线客户端，还有0个在线客户端
2020-07-29 13:33:30,009 [schedule-pool-21] INFO  -[ClientServiceImpl.java:123]- 同步在线客户端，还有0个在线客户端
2020-07-29 13:34:00,004 [schedule-pool-21] INFO  -[ClientServiceImpl.java:123]- 同步在线客户端，还有0个在线客户端
2020-07-29 13:34:30,009 [schedule-pool-21] INFO  -[ClientServiceImpl.java:123]- 同步在线客户端，还有0个在线客户端
2020-07-29 13:35:00,011 [schedule-pool-21] INFO  -[ClientServiceImpl.java:123]- 同步在线客户端，还有0个在线客户端
2020-07-29 13:35:30,005 [schedule-pool-21] INFO  -[ClientServiceImpl.java:123]- 同步在线客户端，还有0个在线客户端
2020-07-29 13:36:00,008 [schedule-pool-21] INFO  -[ClientServiceImpl.java:123]- 同步在线客户端，还有0个在线客户端
2020-07-29 13:36:30,009 [schedule-pool-21] INFO  -[ClientServiceImpl.java:123]- 同步在线客户端，还有0个在线客户端
2020-07-29 13:37:00,008 [schedule-pool-21] INFO  -[ClientServiceImpl.java:123]- 同步在线客户端，还有0个在线客户端
2020-07-29 13:37:30,004 [schedule-pool-21] INFO  -[ClientServiceImpl.java:123]- 同步在线客户端，还有0个在线客户端
2020-07-29 13:38:00,004 [schedule-pool-21] INFO  -[ClientServiceImpl.java:123]- 同步在线客户端，还有0个在线客户端
2020-07-29 13:38:30,008 [schedule-pool-21] INFO  -[ClientServiceImpl.java:123]- 同步在线客户端，还有0个在线客户端
2020-07-29 13:39:00,001 [schedule-pool-21] INFO  -[ClientServiceImpl.java:123]- 同步在线客户端，还有0个在线客户端
2020-07-29 13:39:30,011 [schedule-pool-21] INFO  -[ClientServiceImpl.java:123]- 同步在线客户端，还有0个在线客户端
2020-07-29 13:40:00,008 [schedule-pool-21] INFO  -[ClientServiceImpl.java:123]- 同步在线客户端，还有0个在线客户端
2020-07-29 13:40:30,009 [schedule-pool-21] INFO  -[ClientServiceImpl.java:123]- 同步在线客户端，还有0个在线客户端
2020-07-29 13:41:00,011 [schedule-pool-21] INFO  -[ClientServiceImpl.java:123]- 同步在线客户端，还有0个在线客户端
2020-07-29 13:41:30,010 [schedule-pool-21] INFO  -[ClientServiceImpl.java:123]- 同步在线客户端，还有0个在线客户端
2020-07-29 13:42:00,010 [schedule-pool-21] INFO  -[ClientServiceImpl.java:123]- 同步在线客户端，还有0个在线客户端
2020-07-29 13:42:30,006 [schedule-pool-21] INFO  -[ClientServiceImpl.java:123]- 同步在线客户端，还有0个在线客户端
2020-07-29 13:43:00,011 [schedule-pool-21] INFO  -[ClientServiceImpl.java:123]- 同步在线客户端，还有0个在线客户端
2020-07-29 13:43:30,008 [schedule-pool-21] INFO  -[ClientServiceImpl.java:123]- 同步在线客户端，还有0个在线客户端
2020-07-29 13:44:00,007 [schedule-pool-21] INFO  -[ClientServiceImpl.java:123]- 同步在线客户端，还有0个在线客户端
2020-07-29 13:44:30,009 [schedule-pool-21] INFO  -[ClientServiceImpl.java:123]- 同步在线客户端，还有0个在线客户端
2020-07-29 13:45:00,003 [schedule-pool-21] INFO  -[ClientServiceImpl.java:123]- 同步在线客户端，还有0个在线客户端
2020-07-29 13:45:30,001 [schedule-pool-21] INFO  -[ClientServiceImpl.java:123]- 同步在线客户端，还有0个在线客户端
2020-07-29 13:46:00,003 [schedule-pool-21] INFO  -[ClientServiceImpl.java:123]- 同步在线客户端，还有0个在线客户端
2020-07-29 13:46:30,008 [schedule-pool-21] INFO  -[ClientServiceImpl.java:123]- 同步在线客户端，还有0个在线客户端
2020-07-29 13:47:00,007 [schedule-pool-21] INFO  -[ClientServiceImpl.java:123]- 同步在线客户端，还有0个在线客户端
2020-07-29 13:47:30,010 [schedule-pool-21] INFO  -[ClientServiceImpl.java:123]- 同步在线客户端，还有0个在线客户端
2020-07-29 13:48:00,006 [schedule-pool-21] INFO  -[ClientServiceImpl.java:123]- 同步在线客户端，还有0个在线客户端
2020-07-29 13:48:30,006 [schedule-pool-21] INFO  -[ClientServiceImpl.java:123]- 同步在线客户端，还有0个在线客户端
2020-07-29 13:49:00,010 [schedule-pool-21] INFO  -[ClientServiceImpl.java:123]- 同步在线客户端，还有0个在线客户端
2020-07-29 13:49:30,005 [schedule-pool-21] INFO  -[ClientServiceImpl.java:123]- 同步在线客户端，还有0个在线客户端
2020-07-29 13:50:00,011 [schedule-pool-21] INFO  -[ClientServiceImpl.java:123]- 同步在线客户端，还有0个在线客户端
2020-07-29 13:50:30,006 [schedule-pool-21] INFO  -[ClientServiceImpl.java:123]- 同步在线客户端，还有0个在线客户端
2020-07-29 13:51:00,004 [schedule-pool-21] INFO  -[ClientServiceImpl.java:123]- 同步在线客户端，还有0个在线客户端
2020-07-29 13:51:30,010 [schedule-pool-21] INFO  -[ClientServiceImpl.java:123]- 同步在线客户端，还有0个在线客户端
2020-07-29 13:52:00,011 [schedule-pool-21] INFO  -[ClientServiceImpl.java:123]- 同步在线客户端，还有0个在线客户端
2020-07-29 13:52:30,009 [schedule-pool-21] INFO  -[ClientServiceImpl.java:123]- 同步在线客户端，还有0个在线客户端
2020-07-29 13:53:00,009 [schedule-pool-21] INFO  -[ClientServiceImpl.java:123]- 同步在线客户端，还有0个在线客户端
2020-07-29 13:53:30,010 [schedule-pool-21] INFO  -[ClientServiceImpl.java:123]- 同步在线客户端，还有0个在线客户端
2020-07-29 13:54:00,006 [schedule-pool-21] INFO  -[ClientServiceImpl.java:123]- 同步在线客户端，还有0个在线客户端
2020-07-29 13:54:30,005 [schedule-pool-21] INFO  -[ClientServiceImpl.java:123]- 同步在线客户端，还有0个在线客户端
2020-07-29 13:55:00,010 [schedule-pool-21] INFO  -[ClientServiceImpl.java:123]- 同步在线客户端，还有0个在线客户端
2020-07-29 13:55:30,004 [schedule-pool-21] INFO  -[ClientServiceImpl.java:123]- 同步在线客户端，还有0个在线客户端
2020-07-29 13:56:00,001 [schedule-pool-21] INFO  -[ClientServiceImpl.java:123]- 同步在线客户端，还有0个在线客户端
2020-07-29 13:56:30,005 [schedule-pool-21] INFO  -[ClientServiceImpl.java:123]- 同步在线客户端，还有0个在线客户端
2020-07-29 13:57:00,010 [schedule-pool-21] INFO  -[ClientServiceImpl.java:123]- 同步在线客户端，还有0个在线客户端
2020-07-29 13:57:30,007 [schedule-pool-21] INFO  -[ClientServiceImpl.java:123]- 同步在线客户端，还有0个在线客户端
2020-07-29 13:58:00,011 [schedule-pool-21] INFO  -[ClientServiceImpl.java:123]- 同步在线客户端，还有0个在线客户端
2020-07-29 13:58:30,006 [schedule-pool-21] INFO  -[ClientServiceImpl.java:123]- 同步在线客户端，还有0个在线客户端
2020-07-29 13:59:00,003 [schedule-pool-21] INFO  -[ClientServiceImpl.java:123]- 同步在线客户端，还有0个在线客户端
2020-07-29 13:59:30,010 [schedule-pool-21] INFO  -[ClientServiceImpl.java:123]- 同步在线客户端，还有0个在线客户端
2020-07-29 14:00:00,011 [schedule-pool-21] INFO  -[ClientServiceImpl.java:123]- 同步在线客户端，还有0个在线客户端
2020-07-29 14:00:30,001 [schedule-pool-21] INFO  -[ClientServiceImpl.java:123]- 同步在线客户端，还有0个在线客户端
2020-07-29 14:01:00,011 [schedule-pool-21] INFO  -[ClientServiceImpl.java:123]- 同步在线客户端，还有0个在线客户端
2020-07-29 14:01:30,008 [schedule-pool-21] INFO  -[ClientServiceImpl.java:123]- 同步在线客户端，还有0个在线客户端
2020-07-29 14:02:00,004 [schedule-pool-21] INFO  -[ClientServiceImpl.java:123]- 同步在线客户端，还有0个在线客户端
2020-07-29 14:02:30,005 [schedule-pool-21] INFO  -[ClientServiceImpl.java:123]- 同步在线客户端，还有0个在线客户端
2020-07-29 14:03:00,004 [schedule-pool-21] INFO  -[ClientServiceImpl.java:123]- 同步在线客户端，还有0个在线客户端
2020-07-29 14:03:30,004 [schedule-pool-21] INFO  -[ClientServiceImpl.java:123]- 同步在线客户端，还有0个在线客户端
2020-07-29 14:04:00,002 [schedule-pool-21] INFO  -[ClientServiceImpl.java:123]- 同步在线客户端，还有0个在线客户端
2020-07-29 14:04:30,001 [schedule-pool-21] INFO  -[ClientServiceImpl.java:123]- 同步在线客户端，还有0个在线客户端
2020-07-29 14:05:00,009 [schedule-pool-21] INFO  -[ClientServiceImpl.java:123]- 同步在线客户端，还有0个在线客户端
2020-07-29 14:05:30,005 [schedule-pool-21] INFO  -[ClientServiceImpl.java:123]- 同步在线客户端，还有0个在线客户端
2020-07-29 14:06:00,006 [schedule-pool-21] INFO  -[ClientServiceImpl.java:123]- 同步在线客户端，还有0个在线客户端
2020-07-29 14:06:30,010 [schedule-pool-21] INFO  -[ClientServiceImpl.java:123]- 同步在线客户端，还有0个在线客户端
2020-07-29 14:07:00,009 [schedule-pool-21] INFO  -[ClientServiceImpl.java:123]- 同步在线客户端，还有0个在线客户端
2020-07-29 14:07:30,004 [schedule-pool-21] INFO  -[ClientServiceImpl.java:123]- 同步在线客户端，还有0个在线客户端
2020-07-29 14:08:00,004 [schedule-pool-21] INFO  -[ClientServiceImpl.java:123]- 同步在线客户端，还有0个在线客户端
2020-07-29 14:08:30,006 [schedule-pool-21] INFO  -[ClientServiceImpl.java:123]- 同步在线客户端，还有0个在线客户端
2020-07-29 14:09:00,006 [schedule-pool-21] INFO  -[ClientServiceImpl.java:123]- 同步在线客户端，还有0个在线客户端
2020-07-29 14:09:30,002 [schedule-pool-21] INFO  -[ClientServiceImpl.java:123]- 同步在线客户端，还有0个在线客户端
2020-07-29 14:10:00,009 [schedule-pool-21] INFO  -[ClientServiceImpl.java:123]- 同步在线客户端，还有0个在线客户端
2020-07-29 14:10:30,002 [schedule-pool-21] INFO  -[ClientServiceImpl.java:123]- 同步在线客户端，还有0个在线客户端
2020-07-29 14:11:00,006 [schedule-pool-21] INFO  -[ClientServiceImpl.java:123]- 同步在线客户端，还有0个在线客户端
2020-07-29 14:11:30,010 [schedule-pool-21] INFO  -[ClientServiceImpl.java:123]- 同步在线客户端，还有0个在线客户端
2020-07-29 14:12:00,003 [schedule-pool-21] INFO  -[ClientServiceImpl.java:123]- 同步在线客户端，还有0个在线客户端
2020-07-29 14:12:30,003 [schedule-pool-21] INFO  -[ClientServiceImpl.java:123]- 同步在线客户端，还有0个在线客户端
2020-07-29 14:13:00,010 [schedule-pool-21] INFO  -[ClientServiceImpl.java:123]- 同步在线客户端，还有0个在线客户端
2020-07-29 14:13:30,001 [schedule-pool-21] INFO  -[ClientServiceImpl.java:123]- 同步在线客户端，还有0个在线客户端
2020-07-29 14:14:00,010 [schedule-pool-21] INFO  -[ClientServiceImpl.java:123]- 同步在线客户端，还有0个在线客户端
2020-07-29 14:14:30,007 [schedule-pool-21] INFO  -[ClientServiceImpl.java:123]- 同步在线客户端，还有0个在线客户端
2020-07-29 14:15:00,011 [schedule-pool-21] INFO  -[ClientServiceImpl.java:123]- 同步在线客户端，还有0个在线客户端
2020-07-29 14:15:30,002 [schedule-pool-21] INFO  -[ClientServiceImpl.java:123]- 同步在线客户端，还有0个在线客户端
2020-07-29 14:16:00,009 [schedule-pool-21] INFO  -[ClientServiceImpl.java:123]- 同步在线客户端，还有0个在线客户端
2020-07-29 14:16:30,006 [schedule-pool-21] INFO  -[ClientServiceImpl.java:123]- 同步在线客户端，还有0个在线客户端
2020-07-29 14:17:00,010 [schedule-pool-21] INFO  -[ClientServiceImpl.java:123]- 同步在线客户端，还有0个在线客户端
2020-07-29 14:17:30,006 [schedule-pool-21] INFO  -[ClientServiceImpl.java:123]- 同步在线客户端，还有0个在线客户端
2020-07-29 14:18:00,002 [schedule-pool-21] INFO  -[ClientServiceImpl.java:123]- 同步在线客户端，还有0个在线客户端
2020-07-29 14:18:30,002 [schedule-pool-21] INFO  -[ClientServiceImpl.java:123]- 同步在线客户端，还有0个在线客户端
2020-07-29 14:19:00,010 [schedule-pool-21] INFO  -[ClientServiceImpl.java:123]- 同步在线客户端，还有0个在线客户端
2020-07-29 14:19:30,011 [schedule-pool-21] INFO  -[ClientServiceImpl.java:123]- 同步在线客户端，还有0个在线客户端
2020-07-29 14:20:00,002 [schedule-pool-21] INFO  -[ClientServiceImpl.java:123]- 同步在线客户端，还有0个在线客户端
2020-07-29 14:20:30,009 [schedule-pool-21] INFO  -[ClientServiceImpl.java:123]- 同步在线客户端，还有0个在线客户端
2020-07-29 14:21:00,004 [schedule-pool-21] INFO  -[ClientServiceImpl.java:123]- 同步在线客户端，还有0个在线客户端
2020-07-29 14:21:30,009 [schedule-pool-21] INFO  -[ClientServiceImpl.java:123]- 同步在线客户端，还有0个在线客户端
2020-07-29 14:22:00,006 [schedule-pool-21] INFO  -[ClientServiceImpl.java:123]- 同步在线客户端，还有0个在线客户端
2020-07-29 14:22:30,006 [schedule-pool-21] INFO  -[ClientServiceImpl.java:123]- 同步在线客户端，还有0个在线客户端
2020-07-29 14:23:00,009 [schedule-pool-21] INFO  -[ClientServiceImpl.java:123]- 同步在线客户端，还有0个在线客户端
2020-07-29 14:23:30,009 [schedule-pool-21] INFO  -[ClientServiceImpl.java:123]- 同步在线客户端，还有0个在线客户端
2020-07-29 14:24:00,007 [schedule-pool-21] INFO  -[ClientServiceImpl.java:123]- 同步在线客户端，还有0个在线客户端
2020-07-29 14:24:30,000 [schedule-pool-21] INFO  -[ClientServiceImpl.java:123]- 同步在线客户端，还有0个在线客户端
2020-07-29 14:25:00,003 [schedule-pool-21] INFO  -[ClientServiceImpl.java:123]- 同步在线客户端，还有0个在线客户端
2020-07-29 14:25:30,007 [schedule-pool-21] INFO  -[ClientServiceImpl.java:123]- 同步在线客户端，还有0个在线客户端
2020-07-29 14:26:00,010 [schedule-pool-21] INFO  -[ClientServiceImpl.java:123]- 同步在线客户端，还有0个在线客户端
2020-07-29 14:26:30,007 [schedule-pool-21] INFO  -[ClientServiceImpl.java:123]- 同步在线客户端，还有0个在线客户端
2020-07-29 14:27:00,011 [schedule-pool-21] INFO  -[ClientServiceImpl.java:123]- 同步在线客户端，还有0个在线客户端
2020-07-29 14:27:30,011 [schedule-pool-21] INFO  -[ClientServiceImpl.java:123]- 同步在线客户端，还有0个在线客户端
2020-07-29 14:28:00,003 [schedule-pool-21] INFO  -[ClientServiceImpl.java:123]- 同步在线客户端，还有0个在线客户端
2020-07-29 14:28:30,010 [schedule-pool-21] INFO  -[ClientServiceImpl.java:123]- 同步在线客户端，还有0个在线客户端
2020-07-29 14:29:00,005 [schedule-pool-21] INFO  -[ClientServiceImpl.java:123]- 同步在线客户端，还有0个在线客户端
2020-07-29 14:29:30,010 [schedule-pool-21] INFO  -[ClientServiceImpl.java:123]- 同步在线客户端，还有0个在线客户端
2020-07-29 14:29:32,896 [http-nio-8889-exec-7] DEBUG -[BaseJdbcLogger.java:159]- ==>  Preparing: select * from sys_user t where t.username = ? 
2020-07-29 14:29:32,903 [http-nio-8889-exec-7] DEBUG -[BaseJdbcLogger.java:159]- ==> Parameters: admin(String)
2020-07-29 14:29:32,917 [http-nio-8889-exec-7] DEBUG -[BaseJdbcLogger.java:159]- <==      Total: 1
2020-07-29 14:29:32,919 [http-nio-8889-exec-7] DEBUG -[BaseJdbcLogger.java:159]- ==>  Preparing: select * from sys_role r inner join sys_role_user ru on r.id = ru.roleId where ru.userId = ? 
2020-07-29 14:29:32,920 [http-nio-8889-exec-7] DEBUG -[BaseJdbcLogger.java:159]- ==> Parameters: 1(Long)
2020-07-29 14:29:32,933 [http-nio-8889-exec-7] DEBUG -[BaseJdbcLogger.java:159]- <==      Total: 1
2020-07-29 14:29:32,934 [http-nio-8889-exec-7] DEBUG -[UserDetailsServiceImpl.java:66]- 如果有admin角色，就有所有权限
2020-07-29 14:29:32,934 [http-nio-8889-exec-7] DEBUG -[BaseJdbcLogger.java:159]- ==>  Preparing: select * from sys_permission t order by t.sort 
2020-07-29 14:29:32,935 [http-nio-8889-exec-7] DEBUG -[BaseJdbcLogger.java:159]- ==> Parameters: 
2020-07-29 14:29:32,980 [http-nio-8889-exec-7] DEBUG -[BaseJdbcLogger.java:159]- <==      Total: 91
2020-07-29 14:29:32,986 [http-nio-8889-exec-7] DEBUG -[BaseJdbcLogger.java:159]- ==>  Preparing: select id, project_name, description, platform, create_time, update_time, create_by, update_by from sys_project 
2020-07-29 14:29:32,987 [http-nio-8889-exec-7] DEBUG -[BaseJdbcLogger.java:159]- ==> Parameters: 
2020-07-29 14:29:33,000 [http-nio-8889-exec-7] DEBUG -[BaseJdbcLogger.java:159]- <==      Total: 3
2020-07-29 14:29:33,088 [http-nio-8889-exec-7] INFO  -[LoginUser.java:72]- 获取指令权限=====1[sys, add]
2020-07-29 14:29:33,123 [http-nio-8889-exec-7] DEBUG -[BaseJdbcLogger.java:159]- ==>  Preparing: insert into sys_logs(userId, module, flag, remark, createTime) values(?, ?, ?, ?, now()) 
2020-07-29 14:29:33,124 [http-nio-8889-exec-7] DEBUG -[BaseJdbcLogger.java:159]- ==> Parameters: 1(Long), 登陆(String), true(Boolean), null
2020-07-29 14:29:33,152 [http-nio-8889-exec-7] DEBUG -[BaseJdbcLogger.java:159]- <==    Updates: 1
2020-07-29 14:29:33,224 [http-nio-8889-exec-8] INFO  -[LoginUser.java:72]- 获取指令权限=====1[sys, add]
2020-07-29 14:29:33,682 [http-nio-8889-exec-6] INFO  -[LoginUser.java:72]- 获取指令权限=====1[sys, add]
2020-07-29 14:29:33,689 [http-nio-8889-exec-6] DEBUG -[BaseJdbcLogger.java:159]- ==>  Preparing: select id, `name`, `type`, remark, project_id, is_valid, create_by, create_time from t_flag where project_id=? and `type`=? 
2020-07-29 14:29:33,690 [http-nio-8889-exec-6] DEBUG -[BaseJdbcLogger.java:159]- ==> Parameters: 1(Long), 2(Integer)
2020-07-29 14:29:33,695 [http-nio-8889-exec-5] INFO  -[LoginUser.java:72]- 获取指令权限=====1[sys, add]
2020-07-29 14:29:33,705 [http-nio-8889-exec-6] DEBUG -[BaseJdbcLogger.java:159]- <==      Total: 2
2020-07-29 14:29:33,709 [http-nio-8889-exec-5] DEBUG -[BaseJdbcLogger.java:159]- ==>  Preparing: SELECT count(0) FROM t_testcase_ui_new WHERE 1 = 1 AND project_id = ? AND case_type = ? 
2020-07-29 14:29:33,710 [http-nio-8889-exec-5] DEBUG -[BaseJdbcLogger.java:159]- ==> Parameters: 1(Long), 1(Long)
2020-07-29 14:29:33,731 [http-nio-8889-exec-5] DEBUG -[BaseJdbcLogger.java:159]- <==      Total: 1
2020-07-29 14:29:36,732 [http-nio-8889-exec-8] INFO  -[LoginUser.java:72]- 获取指令权限=====1[sys, add]
2020-07-29 14:29:36,753 [http-nio-8889-exec-8] DEBUG -[BaseJdbcLogger.java:159]- ==>  Preparing: SELECT count(0) FROM t_testsuite_ui WHERE 1 = 1 AND project_id = ? 
2020-07-29 14:29:36,754 [http-nio-8889-exec-8] DEBUG -[BaseJdbcLogger.java:159]- ==> Parameters: 1(Long)
2020-07-29 14:29:36,764 [http-nio-8889-exec-8] DEBUG -[BaseJdbcLogger.java:159]- <==      Total: 1
2020-07-29 14:29:36,765 [http-nio-8889-exec-8] DEBUG -[BaseJdbcLogger.java:159]- ==>  Preparing: select id, `name`, project_id, create_by, update_by, create_time, update_time from t_testsuite_ui where 1=1 and project_id=? order by create_time desc LIMIT ? 
2020-07-29 14:29:36,766 [http-nio-8889-exec-8] DEBUG -[BaseJdbcLogger.java:159]- ==> Parameters: 1(Long), 10(Integer)
2020-07-29 14:29:36,777 [http-nio-8889-exec-8] DEBUG -[BaseJdbcLogger.java:159]- <==      Total: 1
2020-07-29 14:29:38,980 [http-nio-8889-exec-10] INFO  -[LoginUser.java:72]- 获取指令权限=====1[sys, add]
2020-07-29 14:29:38,984 [http-nio-8889-exec-10] DEBUG -[BaseJdbcLogger.java:159]- ==>  Preparing: SELECT count(0) FROM t_testcase_ui_new WHERE 1 = 1 AND project_id = ? AND case_type = ? 
2020-07-29 14:29:38,985 [http-nio-8889-exec-10] DEBUG -[BaseJdbcLogger.java:159]- ==> Parameters: 1(Long), 1(Long)
2020-07-29 14:29:38,994 [http-nio-8889-exec-9] INFO  -[LoginUser.java:72]- 获取指令权限=====1[sys, add]
2020-07-29 14:29:38,996 [http-nio-8889-exec-10] DEBUG -[BaseJdbcLogger.java:159]- <==      Total: 1
2020-07-29 14:29:38,997 [http-nio-8889-exec-9] DEBUG -[BaseJdbcLogger.java:159]- ==>  Preparing: SELECT t_suite_case_ui.id as suite_case_id ,t_suite_case_ui.suite_id,t_testcase_ui_new.* FROM t_suite_case_ui, t_testcase_ui_new WHERE t_suite_case_ui.case_id = t_testcase_ui_new.id AND t_suite_case_ui.suite_id = ? order by t_suite_case_ui.sort 
2020-07-29 14:29:38,998 [http-nio-8889-exec-9] DEBUG -[BaseJdbcLogger.java:159]- ==> Parameters: 8(Long)
2020-07-29 14:29:39,012 [http-nio-8889-exec-9] DEBUG -[BaseJdbcLogger.java:159]- <==      Total: 0
2020-07-29 14:29:41,137 [http-nio-8889-exec-2] INFO  -[LoginUser.java:72]- 获取指令权限=====1[sys, add]
2020-07-29 14:29:41,142 [http-nio-8889-exec-2] DEBUG -[BaseJdbcLogger.java:159]- ==>  Preparing: SELECT count(0) FROM t_testsuite_ui WHERE 1 = 1 AND project_id = ? 
2020-07-29 14:29:41,143 [http-nio-8889-exec-2] DEBUG -[BaseJdbcLogger.java:159]- ==> Parameters: 1(Long)
2020-07-29 14:29:41,156 [http-nio-8889-exec-2] DEBUG -[BaseJdbcLogger.java:159]- <==      Total: 1
2020-07-29 14:29:41,157 [http-nio-8889-exec-2] DEBUG -[BaseJdbcLogger.java:159]- ==>  Preparing: select id, `name`, project_id, create_by, update_by, create_time, update_time from t_testsuite_ui where 1=1 and project_id=? order by create_time desc LIMIT ? 
2020-07-29 14:29:41,158 [http-nio-8889-exec-2] DEBUG -[BaseJdbcLogger.java:159]- ==> Parameters: 1(Long), 20(Integer)
2020-07-29 14:29:41,173 [http-nio-8889-exec-2] DEBUG -[BaseJdbcLogger.java:159]- <==      Total: 1
2020-07-29 14:29:45,052 [http-nio-8889-exec-4] INFO  -[LoginUser.java:72]- 获取指令权限=====1[sys, add]
2020-07-29 14:29:45,065 [http-nio-8889-exec-4] DEBUG -[BaseJdbcLogger.java:159]- ==>  Preparing: select id, `name`, project_id, remark, create_by, create_time, update_by, update_time from t_api_suite where project_id=? 
2020-07-29 14:29:45,067 [http-nio-8889-exec-4] DEBUG -[BaseJdbcLogger.java:159]- ==> Parameters: 1(Long)
2020-07-29 14:29:45,083 [http-nio-8889-exec-1] INFO  -[LoginUser.java:72]- 获取指令权限=====1[sys, add]
2020-07-29 14:29:45,107 [http-nio-8889-exec-1] DEBUG -[BaseJdbcLogger.java:159]- ==>  Preparing: SELECT count(0) FROM t_api WHERE project_id = ? 
2020-07-29 14:29:45,108 [http-nio-8889-exec-4] DEBUG -[BaseJdbcLogger.java:159]- <==      Total: 2
2020-07-29 14:29:45,108 [http-nio-8889-exec-1] DEBUG -[BaseJdbcLogger.java:159]- ==> Parameters: 1(Long)
2020-07-29 14:29:45,122 [http-nio-8889-exec-1] DEBUG -[BaseJdbcLogger.java:159]- <==      Total: 1
2020-07-29 14:29:45,124 [http-nio-8889-exec-1] DEBUG -[BaseJdbcLogger.java:159]- ==>  Preparing: select id, `name`, labels, project_id, api_suite_id, `method`, env_id, `domain`, `path`, `type`, remark, `status`, before_excs, req_header, req_query, req_body_data, req_body_json, req_body_type, req_extract, req_assert, debug_rsp, create_by, create_time, update_by, update_time from t_api WHERE project_id=? order by create_time desc LIMIT ? 
2020-07-29 14:29:45,126 [http-nio-8889-exec-1] DEBUG -[BaseJdbcLogger.java:159]- ==> Parameters: 1(Long), 10(Integer)
2020-07-29 14:29:45,168 [http-nio-8889-exec-1] DEBUG -[BaseJdbcLogger.java:159]- <==      Total: 5
2020-07-29 14:30:00,000 [schedule-pool-21] INFO  -[ClientServiceImpl.java:123]- 同步在线客户端，还有0个在线客户端
2020-07-29 14:30:30,002 [schedule-pool-21] INFO  -[ClientServiceImpl.java:123]- 同步在线客户端，还有0个在线客户端
2020-07-29 14:31:00,005 [schedule-pool-21] INFO  -[ClientServiceImpl.java:123]- 同步在线客户端，还有0个在线客户端
2020-07-29 14:31:30,000 [schedule-pool-21] INFO  -[ClientServiceImpl.java:123]- 同步在线客户端，还有0个在线客户端
2020-07-29 14:32:00,000 [schedule-pool-21] INFO  -[ClientServiceImpl.java:123]- 同步在线客户端，还有0个在线客户端
2020-07-29 14:32:30,004 [schedule-pool-21] INFO  -[ClientServiceImpl.java:123]- 同步在线客户端，还有0个在线客户端
2020-07-29 14:33:00,000 [schedule-pool-21] INFO  -[ClientServiceImpl.java:123]- 同步在线客户端，还有0个在线客户端
2020-07-29 14:33:30,005 [schedule-pool-21] INFO  -[ClientServiceImpl.java:123]- 同步在线客户端，还有0个在线客户端
2020-07-29 14:34:00,001 [schedule-pool-21] INFO  -[ClientServiceImpl.java:123]- 同步在线客户端，还有0个在线客户端
2020-07-29 14:34:30,002 [schedule-pool-21] INFO  -[ClientServiceImpl.java:123]- 同步在线客户端，还有0个在线客户端
2020-07-29 14:35:00,002 [schedule-pool-21] INFO  -[ClientServiceImpl.java:123]- 同步在线客户端，还有0个在线客户端
2020-07-29 14:35:30,002 [schedule-pool-21] INFO  -[ClientServiceImpl.java:123]- 同步在线客户端，还有0个在线客户端
2020-07-29 14:36:00,002 [schedule-pool-21] INFO  -[ClientServiceImpl.java:123]- 同步在线客户端，还有0个在线客户端
2020-07-29 14:36:30,004 [schedule-pool-21] INFO  -[ClientServiceImpl.java:123]- 同步在线客户端，还有0个在线客户端
2020-07-29 14:37:00,006 [schedule-pool-21] INFO  -[ClientServiceImpl.java:123]- 同步在线客户端，还有0个在线客户端
2020-07-29 14:37:30,005 [schedule-pool-21] INFO  -[ClientServiceImpl.java:123]- 同步在线客户端，还有0个在线客户端
2020-07-29 14:38:00,001 [schedule-pool-21] INFO  -[ClientServiceImpl.java:123]- 同步在线客户端，还有0个在线客户端
2020-07-29 14:38:30,004 [schedule-pool-23] INFO  -[ClientServiceImpl.java:123]- 同步在线客户端，还有0个在线客户端
2020-07-29 14:39:00,010 [schedule-pool-23] INFO  -[ClientServiceImpl.java:123]- 同步在线客户端，还有0个在线客户端
2020-07-29 14:39:30,007 [schedule-pool-23] INFO  -[ClientServiceImpl.java:123]- 同步在线客户端，还有0个在线客户端
2020-07-29 14:40:00,004 [schedule-pool-23] INFO  -[ClientServiceImpl.java:123]- 同步在线客户端，还有0个在线客户端
2020-07-29 14:40:30,003 [schedule-pool-23] INFO  -[ClientServiceImpl.java:123]- 同步在线客户端，还有0个在线客户端
2020-07-29 14:41:00,005 [schedule-pool-23] INFO  -[ClientServiceImpl.java:123]- 同步在线客户端，还有0个在线客户端
2020-07-29 14:41:30,001 [schedule-pool-23] INFO  -[ClientServiceImpl.java:123]- 同步在线客户端，还有0个在线客户端
2020-07-29 14:42:00,001 [schedule-pool-23] INFO  -[ClientServiceImpl.java:123]- 同步在线客户端，还有0个在线客户端
2020-07-29 14:42:30,006 [schedule-pool-23] INFO  -[ClientServiceImpl.java:123]- 同步在线客户端，还有0个在线客户端
2020-07-29 14:43:00,001 [schedule-pool-23] INFO  -[ClientServiceImpl.java:123]- 同步在线客户端，还有0个在线客户端
