==========================================================================

                        欢迎使用rabbit测试平台服务端

==========================================================================
2020-07-29 10:28:59,300 [main] INFO  com.rabbit.RabbitPlatformServerApplication -[StartupInfoLogger.java:50]- Starting RabbitPlatformServerApplication v0.0.1-SNAPSHOT on zhoudeMacBook-Pro.local with PID 62796 (/Users/zhou/IdeaProjects/rabbit_test_platform_server/target/rabbit-platform-server-0.0.1-SNAPSHOT.jar started by zhou in /Users/zhou/IdeaProjects/rabbit_test_platform_server/target)
2020-07-29 10:28:59,304 [main] DEBUG com.rabbit.RabbitPlatformServerApplication -[StartupInfoLogger.java:53]- Running with Spring Boot v2.0.7.RELEASE, Spring v5.0.11.RELEASE
2020-07-29 10:28:59,307 [main] INFO  com.rabbit.RabbitPlatformServerApplication -[SpringApplication.java:654]- No active profile set, falling back to default profiles: default
2020-07-29 10:28:59,630 [main] INFO  o.s.b.w.s.c.AnnotationConfigServletWebServerApplicationContext -[AbstractApplicationContext.java:588]- Refreshing org.springframework.boot.web.servlet.context.AnnotationConfigServletWebServerApplicationContext@566776ad: startup date [Wed Jul 29 10:28:59 CST 2020]; root of context hierarchy
2020-07-29 10:29:01,198 [main] INFO  o.s.d.r.config.RepositoryConfigurationDelegate -[RepositoryConfigurationDelegate.java:172]- Multiple Spring Data modules found, entering strict repository configuration mode!
2020-07-29 10:29:02,227 [main] INFO  o.s.c.s.PostProcessorRegistrationDelegate$BeanPostProcessorChecker -[PostProcessorRegistrationDelegate.java:326]- Bean 'org.springframework.transaction.annotation.ProxyTransactionManagementConfiguration' of type [org.springframework.transaction.annotation.ProxyTransactionManagementConfiguration$$EnhancerBySpringCGLIB$$ca90ea7a] is not eligible for getting processed by all BeanPostProcessors (for example: not eligible for auto-proxying)
2020-07-29 10:29:02,507 [main] INFO  o.s.c.s.PostProcessorRegistrationDelegate$BeanPostProcessorChecker -[PostProcessorRegistrationDelegate.java:326]- Bean 'org.springframework.security.config.annotation.configuration.ObjectPostProcessorConfiguration' of type [org.springframework.security.config.annotation.configuration.ObjectPostProcessorConfiguration$$EnhancerBySpringCGLIB$$633eb2b4] is not eligible for getting processed by all BeanPostProcessors (for example: not eligible for auto-proxying)
2020-07-29 10:29:02,528 [main] INFO  o.s.c.s.PostProcessorRegistrationDelegate$BeanPostProcessorChecker -[PostProcessorRegistrationDelegate.java:326]- Bean 'objectPostProcessor' of type [org.springframework.security.config.annotation.configuration.AutowireBeanFactoryObjectPostProcessor] is not eligible for getting processed by all BeanPostProcessors (for example: not eligible for auto-proxying)
2020-07-29 10:29:02,531 [main] INFO  o.s.c.s.PostProcessorRegistrationDelegate$BeanPostProcessorChecker -[PostProcessorRegistrationDelegate.java:326]- Bean 'org.springframework.security.access.expression.method.DefaultMethodSecurityExpressionHandler@45ac5f9b' of type [org.springframework.security.access.expression.method.DefaultMethodSecurityExpressionHandler] is not eligible for getting processed by all BeanPostProcessors (for example: not eligible for auto-proxying)
2020-07-29 10:29:02,550 [main] INFO  o.s.c.s.PostProcessorRegistrationDelegate$BeanPostProcessorChecker -[PostProcessorRegistrationDelegate.java:326]- Bean 'org.springframework.security.config.annotation.method.configuration.GlobalMethodSecurityConfiguration' of type [org.springframework.security.config.annotation.method.configuration.GlobalMethodSecurityConfiguration$$EnhancerBySpringCGLIB$$88135566] is not eligible for getting processed by all BeanPostProcessors (for example: not eligible for auto-proxying)
2020-07-29 10:29:02,577 [main] INFO  o.s.c.s.PostProcessorRegistrationDelegate$BeanPostProcessorChecker -[PostProcessorRegistrationDelegate.java:326]- Bean 'methodSecurityMetadataSource' of type [org.springframework.security.access.method.DelegatingMethodSecurityMetadataSource] is not eligible for getting processed by all BeanPostProcessors (for example: not eligible for auto-proxying)
2020-07-29 10:29:03,432 [main] INFO  o.s.boot.web.embedded.tomcat.TomcatWebServer -[TomcatWebServer.java:91]- Tomcat initialized with port(s): 8889 (http)
2020-07-29 10:29:03,467 [main] INFO  org.apache.coyote.http11.Http11NioProtocol -[DirectJDKLog.java:180]- Initializing ProtocolHandler ["http-nio-8889"]
2020-07-29 10:29:03,500 [main] INFO  org.apache.catalina.core.StandardService -[DirectJDKLog.java:180]- Starting service [Tomcat]
2020-07-29 10:29:03,500 [main] INFO  org.apache.catalina.core.StandardEngine -[DirectJDKLog.java:180]- Starting Servlet Engine: Apache Tomcat/8.5.35
2020-07-29 10:29:03,518 [localhost-startStop-1] INFO  org.apache.catalina.core.AprLifecycleListener -[DirectJDKLog.java:180]- The APR based Apache Tomcat Native library which allows optimal performance in production environments was not found on the java.library.path: [/Users/zhou/Library/Java/Extensions:/Library/Java/Extensions:/Network/Library/Java/Extensions:/System/Library/Java/Extensions:/usr/lib/java:.]
2020-07-29 10:29:03,659 [localhost-startStop-1] INFO  o.a.c.c.C.[Tomcat].[localhost].[/public] -[DirectJDKLog.java:180]- Initializing Spring embedded WebApplicationContext
2020-07-29 10:29:03,659 [localhost-startStop-1] INFO  org.springframework.web.context.ContextLoader -[ServletWebServerApplicationContext.java:296]- Root WebApplicationContext: initialization completed in 4030 ms
2020-07-29 10:29:04,090 [localhost-startStop-1] INFO  c.a.d.s.b.a.DruidDataSourceAutoConfigure -[DruidDataSourceAutoConfigure.java:56]- Init DruidDataSource
2020-07-29 10:29:05,687 [localhost-startStop-1] INFO  com.alibaba.druid.pool.DruidDataSource -[DruidDataSource.java:930]- {dataSource-1} inited
2020-07-29 10:29:07,424 [localhost-startStop-1] INFO  o.s.boot.web.servlet.FilterRegistrationBean -[AbstractFilterRegistrationBean.java:245]- Mapping filter: 'characterEncodingFilter' to: [/*]
2020-07-29 10:29:07,425 [localhost-startStop-1] INFO  o.s.boot.web.servlet.FilterRegistrationBean -[AbstractFilterRegistrationBean.java:245]- Mapping filter: 'hiddenHttpMethodFilter' to: [/*]
2020-07-29 10:29:07,425 [localhost-startStop-1] INFO  o.s.boot.web.servlet.FilterRegistrationBean -[AbstractFilterRegistrationBean.java:245]- Mapping filter: 'httpPutFormContentFilter' to: [/*]
2020-07-29 10:29:07,425 [localhost-startStop-1] INFO  o.s.boot.web.servlet.FilterRegistrationBean -[AbstractFilterRegistrationBean.java:245]- Mapping filter: 'requestContextFilter' to: [/*]
2020-07-29 10:29:07,426 [localhost-startStop-1] INFO  o.s.b.w.s.DelegatingFilterProxyRegistrationBean -[AbstractFilterRegistrationBean.java:245]- Mapping filter: 'springSecurityFilterChain' to: [/*]
2020-07-29 10:29:07,426 [localhost-startStop-1] INFO  o.s.boot.web.servlet.FilterRegistrationBean -[AbstractFilterRegistrationBean.java:258]- Mapping filter: 'object' to urls: [/monitor/druid/js/common.js]
2020-07-29 10:29:07,426 [localhost-startStop-1] INFO  o.s.boot.web.servlet.FilterRegistrationBean -[AbstractFilterRegistrationBean.java:258]- Mapping filter: 'webStatFilter' to urls: [/*]
2020-07-29 10:29:07,426 [localhost-startStop-1] INFO  o.s.boot.web.servlet.FilterRegistrationBean -[AbstractFilterRegistrationBean.java:245]- Mapping filter: 'tokenFilter' to: [/*]
2020-07-29 10:29:07,427 [localhost-startStop-1] INFO  o.s.boot.web.servlet.ServletRegistrationBean -[ServletRegistrationBean.java:187]- Servlet dispatcherServlet mapped to [/]
2020-07-29 10:29:07,428 [localhost-startStop-1] INFO  o.s.boot.web.servlet.ServletRegistrationBean -[ServletRegistrationBean.java:187]- Servlet statViewServlet mapped to [/monitor/druid/*]
2020-07-29 10:29:07,459 [localhost-startStop-1] DEBUG com.rabbit.config.TokenFilter -[GenericFilterBean.java:213]- Initializing filter 'tokenFilter'
2020-07-29 10:29:07,460 [localhost-startStop-1] DEBUG com.rabbit.config.TokenFilter -[GenericFilterBean.java:244]- Filter 'tokenFilter' configured successfully
2020-07-29 10:29:08,084 [main] INFO  o.s.ui.freemarker.SpringTemplateLoader -[SpringTemplateLoader.java:62]- SpringTemplateLoader for FreeMarker: using resource loader [org.springframework.boot.web.servlet.context.AnnotationConfigServletWebServerApplicationContext@566776ad: startup date [Wed Jul 29 10:28:59 CST 2020]; root of context hierarchy] and template loader path [classpath:/templates/]
2020-07-29 10:29:08,086 [main] INFO  o.s.w.servlet.view.freemarker.FreeMarkerConfigurer -[FreeMarkerConfigurer.java:131]- ClassTemplateLoader for Spring macros added to FreeMarker configuration
2020-07-29 10:29:08,477 [main] DEBUG com.rabbit.dao.ClientMapper.findByStatus -[BaseJdbcLogger.java:159]- ==>  Preparing: select id, `name`, project_ids, client_ip, client_port, is_enable, `status`, java_version, jmeter_version, appium_version, os_name, remark, create_by, create_time, update_by, update_time from t_client where `status`=? 
2020-07-29 10:29:08,668 [main] DEBUG com.rabbit.dao.ClientMapper.findByStatus -[BaseJdbcLogger.java:159]- ==> Parameters: 1(Integer)
2020-07-29 10:29:08,704 [main] DEBUG com.rabbit.dao.ClientMapper.findByStatus -[BaseJdbcLogger.java:159]- <==      Total: 0
2020-07-29 10:29:08,909 [main] INFO  org.quartz.impl.StdSchedulerFactory -[StdSchedulerFactory.java:1208]- Using default implementation for ThreadExecutor
2020-07-29 10:29:08,929 [main] INFO  org.quartz.core.SchedulerSignalerImpl -[SchedulerSignalerImpl.java:61]- Initialized Scheduler Signaller of type: class org.quartz.core.SchedulerSignalerImpl
2020-07-29 10:29:08,929 [main] INFO  org.quartz.core.QuartzScheduler -[QuartzScheduler.java:229]- Quartz Scheduler v.2.3.0 created.
2020-07-29 10:29:08,937 [main] INFO  org.quartz.core.QuartzScheduler -[QuartzScheduler.java:294]- Scheduler meta-data: Quartz Scheduler (v2.3.0) 'rabbitScheduler' with instanceId 'zhoudeMacBook-Pro.local1595989748913'
  Scheduler class: 'org.quartz.core.QuartzScheduler' - running locally.
  NOT STARTED.
  Currently in standby mode.
  Number of jobs executed: 0
  Using thread pool 'org.quartz.simpl.SimpleThreadPool' - with 20 threads.
  Using job-store 'org.springframework.scheduling.quartz.LocalDataSourceJobStore' - which supports persistence. and is clustered.

2020-07-29 10:29:08,937 [main] INFO  org.quartz.impl.StdSchedulerFactory -[StdSchedulerFactory.java:1362]- Quartz scheduler 'rabbitScheduler' initialized from an externally provided properties instance.
2020-07-29 10:29:08,937 [main] INFO  org.quartz.impl.StdSchedulerFactory -[StdSchedulerFactory.java:1366]- Quartz scheduler version: 2.3.0
2020-07-29 10:29:08,939 [main] INFO  org.quartz.core.QuartzScheduler -[QuartzScheduler.java:2287]- JobFactory set to: org.springframework.scheduling.quartz.AdaptableJobFactory@73a2e526
2020-07-29 10:29:08,953 [main] DEBUG com.rabbit.dao.JobMapper.selectJobAll -[BaseJdbcLogger.java:159]- ==>  Preparing: select job_id, job_name, job_group, job_type, project_id, method_name, method_params, cron_expression, misfire_policy, status, create_by, create_time, remark from sys_job 
2020-07-29 10:29:08,954 [main] DEBUG com.rabbit.dao.JobMapper.selectJobAll -[BaseJdbcLogger.java:159]- ==> Parameters: 
2020-07-29 10:29:08,976 [main] DEBUG com.rabbit.dao.JobMapper.selectJobAll -[BaseJdbcLogger.java:159]- <==      Total: 5
2020-07-29 10:29:12,421 [main] INFO  o.s.w.s.m.m.a.RequestMappingHandlerMapping -[AbstractHandlerMethodMapping.java:550]- Mapped "{[/testsuiteUi/listPage],methods=[GET]}" onto public com.rabbit.model.ResponseInfo com.rabbit.controller.TestSuiteUiController.getPageList(int,int,java.lang.String)
2020-07-29 10:29:12,423 [main] INFO  o.s.w.s.m.m.a.RequestMappingHandlerMapping -[AbstractHandlerMethodMapping.java:550]- Mapped "{[/testsuiteUi/listByProjectId/{id}],methods=[GET]}" onto public com.rabbit.model.ResponseInfo com.rabbit.controller.TestSuiteUiController.listByProjectId(long)
2020-07-29 10:29:12,424 [main] INFO  o.s.w.s.m.m.a.RequestMappingHandlerMapping -[AbstractHandlerMethodMapping.java:550]- Mapped "{[/testsuiteUi/listCaseById/{id}],methods=[GET]}" onto public com.rabbit.model.ResponseInfo com.rabbit.controller.TestSuiteUiController.listCaseById(long)
2020-07-29 10:29:12,424 [main] INFO  o.s.w.s.m.m.a.RequestMappingHandlerMapping -[AbstractHandlerMethodMapping.java:550]- Mapped "{[/testsuiteUi/add],methods=[POST]}" onto public com.rabbit.model.ResponseInfo com.rabbit.controller.TestSuiteUiController.savaTTestsuiteUi(com.rabbit.model.TTestsuiteUi)
2020-07-29 10:29:12,425 [main] INFO  o.s.w.s.m.m.a.RequestMappingHandlerMapping -[AbstractHandlerMethodMapping.java:550]- Mapped "{[/testsuiteUi/edit],methods=[PUT]}" onto public com.rabbit.model.ResponseInfo com.rabbit.controller.TestSuiteUiController.editTTestsuiteUi(com.rabbit.model.TTestsuiteUi)
2020-07-29 10:29:12,425 [main] INFO  o.s.w.s.m.m.a.RequestMappingHandlerMapping -[AbstractHandlerMethodMapping.java:550]- Mapped "{[/testsuiteUi/remove],methods=[POST]}" onto public com.rabbit.model.ResponseInfo com.rabbit.controller.TestSuiteUiController.delTTestsuiteUi(com.rabbit.model.TTestsuiteUi)
2020-07-29 10:29:12,426 [main] INFO  o.s.w.s.m.m.a.RequestMappingHandlerMapping -[AbstractHandlerMethodMapping.java:550]- Mapped "{[/testsuiteUi/updateCaseSort],methods=[POST]}" onto public com.rabbit.model.ResponseInfo com.rabbit.controller.TestSuiteUiController.updateCaseSort(java.util.List<com.rabbit.model.TSuiteCaseUi>)
2020-07-29 10:29:12,426 [main] INFO  o.s.w.s.m.m.a.RequestMappingHandlerMapping -[AbstractHandlerMethodMapping.java:550]- Mapped "{[/testsuiteUi/addCaseToSuite],methods=[POST]}" onto public com.rabbit.model.ResponseInfo com.rabbit.controller.TestSuiteUiController.addCaseToBusiness(java.util.List<com.rabbit.model.TSuiteCaseUi>)
2020-07-29 10:29:12,427 [main] INFO  o.s.w.s.m.m.a.RequestMappingHandlerMapping -[AbstractHandlerMethodMapping.java:550]- Mapped "{[/testsuiteUi/delSuiteCaseById/{id}],methods=[POST]}" onto public com.rabbit.model.ResponseInfo com.rabbit.controller.TestSuiteUiController.deleteBusinessCaseByCaseId(java.lang.Long)
2020-07-29 10:29:12,428 [main] INFO  o.s.w.s.m.m.a.RequestMappingHandlerMapping -[AbstractHandlerMethodMapping.java:550]- Mapped "{[/interface/listPage],methods=[GET]}" onto public com.rabbit.model.ResponseInfo com.rabbit.controller.InterfaceController.getPageList(int,int,java.lang.String)
2020-07-29 10:29:12,429 [main] INFO  o.s.w.s.m.m.a.RequestMappingHandlerMapping -[AbstractHandlerMethodMapping.java:550]- Mapped "{[/interface/listByProjectId/{id}],methods=[GET]}" onto public com.rabbit.model.ResponseInfo com.rabbit.controller.InterfaceController.listByProjectId(long)
2020-07-29 10:29:12,429 [main] INFO  o.s.w.s.m.m.a.RequestMappingHandlerMapping -[AbstractHandlerMethodMapping.java:550]- Mapped "{[/interface/add],methods=[POST]}" onto public com.rabbit.model.ResponseInfo com.rabbit.controller.InterfaceController.savaTTestInterface(com.rabbit.model.TTestInterface)
2020-07-29 10:29:12,430 [main] INFO  o.s.w.s.m.m.a.RequestMappingHandlerMapping -[AbstractHandlerMethodMapping.java:550]- Mapped "{[/interface/edit],methods=[PUT]}" onto public com.rabbit.model.ResponseInfo com.rabbit.controller.InterfaceController.editTTestInterface(com.rabbit.model.TTestInterface)
2020-07-29 10:29:12,431 [main] INFO  o.s.w.s.m.m.a.RequestMappingHandlerMapping -[AbstractHandlerMethodMapping.java:550]- Mapped "{[/interface/remove],methods=[POST]}" onto public com.rabbit.model.ResponseInfo com.rabbit.controller.InterfaceController.delTTestInterface(com.rabbit.model.TTestInterface)
2020-07-29 10:29:12,437 [main] INFO  o.s.w.s.m.m.a.RequestMappingHandlerMapping -[AbstractHandlerMethodMapping.java:550]- Mapped "{[/permissions/{id}],methods=[GET]}" onto public com.rabbit.model.ResponseInfo com.rabbit.controller.PermissionController.get(java.lang.Long)
2020-07-29 10:29:12,437 [main] INFO  o.s.w.s.m.m.a.RequestMappingHandlerMapping -[AbstractHandlerMethodMapping.java:550]- Mapped "{[/permissions],methods=[PUT]}" onto public com.rabbit.model.ResponseInfo com.rabbit.controller.PermissionController.update(com.rabbit.model.Permission)
2020-07-29 10:29:12,438 [main] INFO  o.s.w.s.m.m.a.RequestMappingHandlerMapping -[AbstractHandlerMethodMapping.java:550]- Mapped "{[/permissions/{id}],methods=[DELETE]}" onto public com.rabbit.model.ResponseInfo com.rabbit.controller.PermissionController.delete(java.lang.Long)
2020-07-29 10:29:12,439 [main] INFO  o.s.w.s.m.m.a.RequestMappingHandlerMapping -[AbstractHandlerMethodMapping.java:550]- Mapped "{[/permissions],methods=[POST]}" onto public com.rabbit.model.ResponseInfo com.rabbit.controller.PermissionController.save(com.rabbit.model.Permission)
2020-07-29 10:29:12,440 [main] INFO  o.s.w.s.m.m.a.RequestMappingHandlerMapping -[AbstractHandlerMethodMapping.java:550]- Mapped "{[/permissions/current],methods=[GET]}" onto public com.rabbit.model.ResponseInfo com.rabbit.controller.PermissionController.permissionsCurrent()
2020-07-29 10:29:12,441 [main] INFO  o.s.w.s.m.m.a.RequestMappingHandlerMapping -[AbstractHandlerMethodMapping.java:550]- Mapped "{[/permissions],methods=[GET]}" onto public com.rabbit.model.ResponseInfo com.rabbit.controller.PermissionController.permissionsList()
2020-07-29 10:29:12,441 [main] INFO  o.s.w.s.m.m.a.RequestMappingHandlerMapping -[AbstractHandlerMethodMapping.java:550]- Mapped "{[/permissions/allMenu],methods=[GET]}" onto public com.rabbit.model.ResponseInfo com.rabbit.controller.PermissionController.permissionsAll()
2020-07-29 10:29:12,442 [main] INFO  o.s.w.s.m.m.a.RequestMappingHandlerMapping -[AbstractHandlerMethodMapping.java:550]- Mapped "{[/permissions],methods=[GET],params=[roleId]}" onto public java.util.List<com.rabbit.model.Permission> com.rabbit.controller.PermissionController.listByRoleId(java.lang.Long)
2020-07-29 10:29:12,443 [main] INFO  o.s.w.s.m.m.a.RequestMappingHandlerMapping -[AbstractHandlerMethodMapping.java:550]- Mapped "{[/permissions/childListID],methods=[GET]}" onto public com.rabbit.model.ResponseInfo com.rabbit.controller.PermissionController.listIDByRoleId(java.lang.Long)
2020-07-29 10:29:12,443 [main] INFO  o.s.w.s.m.m.a.RequestMappingHandlerMapping -[AbstractHandlerMethodMapping.java:550]- Mapped "{[/permissions/owns],methods=[GET]}" onto public java.util.Set<java.lang.String> com.rabbit.controller.PermissionController.ownsPermission()
2020-07-29 10:29:12,445 [main] INFO  o.s.w.s.m.m.a.RequestMappingHandlerMapping -[AbstractHandlerMethodMapping.java:550]- Mapped "{[/apiEnv/listPage],methods=[GET]}" onto public com.rabbit.model.ResponseInfo com.rabbit.controller.ApiEnvController.getPageList(int,int,java.lang.String)
2020-07-29 10:29:12,446 [main] INFO  o.s.w.s.m.m.a.RequestMappingHandlerMapping -[AbstractHandlerMethodMapping.java:550]- Mapped "{[/apiEnv/{id}],methods=[GET]}" onto public com.rabbit.model.ResponseInfo com.rabbit.controller.ApiEnvController.getById(java.lang.Long)
2020-07-29 10:29:12,447 [main] INFO  o.s.w.s.m.m.a.RequestMappingHandlerMapping -[AbstractHandlerMethodMapping.java:550]- Mapped "{[/apiEnv/listByProject/{id}],methods=[GET]}" onto public com.rabbit.model.ResponseInfo com.rabbit.controller.ApiEnvController.getByProject(java.lang.Long)
2020-07-29 10:29:12,447 [main] INFO  o.s.w.s.m.m.a.RequestMappingHandlerMapping -[AbstractHandlerMethodMapping.java:550]- Mapped "{[/apiEnv/add],methods=[POST]}" onto public com.rabbit.model.ResponseInfo com.rabbit.controller.ApiEnvController.savaTApiEnv(com.rabbit.model.TApiEnv)
2020-07-29 10:29:12,448 [main] INFO  o.s.w.s.m.m.a.RequestMappingHandlerMapping -[AbstractHandlerMethodMapping.java:550]- Mapped "{[/apiEnv/edit],methods=[PUT]}" onto public com.rabbit.model.ResponseInfo com.rabbit.controller.ApiEnvController.editTApiEnv(com.rabbit.model.TApiEnv)
2020-07-29 10:29:12,448 [main] INFO  o.s.w.s.m.m.a.RequestMappingHandlerMapping -[AbstractHandlerMethodMapping.java:550]- Mapped "{[/apiEnv/remove],methods=[POST]}" onto public com.rabbit.model.ResponseInfo com.rabbit.controller.ApiEnvController.delTApiEnv(com.rabbit.model.TApiEnv)
2020-07-29 10:29:12,453 [main] INFO  o.s.w.s.m.m.a.RequestMappingHandlerMapping -[AbstractHandlerMethodMapping.java:550]- Mapped "{[/flag/listPage],methods=[GET]}" onto public com.rabbit.model.ResponseInfo com.rabbit.controller.FlagController.getPageList(int,int,java.lang.String)
2020-07-29 10:29:12,454 [main] INFO  o.s.w.s.m.m.a.RequestMappingHandlerMapping -[AbstractHandlerMethodMapping.java:550]- Mapped "{[/flag/listByProjectId/{id}],methods=[GET]}" onto public com.rabbit.model.ResponseInfo com.rabbit.controller.FlagController.listByProjectId(long)
2020-07-29 10:29:12,454 [main] INFO  o.s.w.s.m.m.a.RequestMappingHandlerMapping -[AbstractHandlerMethodMapping.java:550]- Mapped "{[/flag/remove],methods=[POST]}" onto public com.rabbit.model.ResponseInfo com.rabbit.controller.FlagController.delTFlag(com.rabbit.model.TFlag)
2020-07-29 10:29:12,455 [main] INFO  o.s.w.s.m.m.a.RequestMappingHandlerMapping -[AbstractHandlerMethodMapping.java:550]- Mapped "{[/flag/listByProjectIdAndType/{id}/{type}],methods=[GET]}" onto public com.rabbit.model.ResponseInfo com.rabbit.controller.FlagController.listByProjectIdAndType(long,int)
2020-07-29 10:29:12,455 [main] INFO  o.s.w.s.m.m.a.RequestMappingHandlerMapping -[AbstractHandlerMethodMapping.java:550]- Mapped "{[/flag/add],methods=[POST]}" onto public com.rabbit.model.ResponseInfo com.rabbit.controller.FlagController.savaTFlag(com.rabbit.model.TFlag)
2020-07-29 10:29:12,456 [main] INFO  o.s.w.s.m.m.a.RequestMappingHandlerMapping -[AbstractHandlerMethodMapping.java:550]- Mapped "{[/flag/edit],methods=[PUT]}" onto public com.rabbit.model.ResponseInfo com.rabbit.controller.FlagController.editTFlag(com.rabbit.model.TFlag)
2020-07-29 10:29:12,457 [main] INFO  o.s.w.s.m.m.a.RequestMappingHandlerMapping -[AbstractHandlerMethodMapping.java:550]- Mapped "{[/uiLogNew/downloadReport],methods=[GET]}" onto public void com.rabbit.controller.UiPlanLogNewController.download(java.lang.Long,java.lang.String,javax.servlet.http.HttpServletRequest,javax.servlet.http.HttpServletResponse) throws java.io.IOException
2020-07-29 10:29:12,458 [main] INFO  o.s.w.s.m.m.a.RequestMappingHandlerMapping -[AbstractHandlerMethodMapping.java:550]- Mapped "{[/uiLogNew/planListPage],methods=[GET]}" onto public com.rabbit.model.ResponseInfo com.rabbit.controller.UiPlanLogNewController.getPlanListPage(int,int,java.lang.String)
2020-07-29 10:29:12,458 [main] INFO  o.s.w.s.m.m.a.RequestMappingHandlerMapping -[AbstractHandlerMethodMapping.java:550]- Mapped "{[/uiLogNew/planById/{id}],methods=[GET]}" onto public com.rabbit.model.ResponseInfo com.rabbit.controller.UiPlanLogNewController.getPlanById(java.lang.Long)
2020-07-29 10:29:12,459 [main] INFO  o.s.w.s.m.m.a.RequestMappingHandlerMapping -[AbstractHandlerMethodMapping.java:550]- Mapped "{[/uiLogNew/removePlan/{planId}],methods=[DELETE]}" onto public com.rabbit.model.ResponseInfo com.rabbit.controller.UiPlanLogNewController.delPlanLog(java.lang.Long)
2020-07-29 10:29:12,459 [main] INFO  o.s.w.s.m.m.a.RequestMappingHandlerMapping -[AbstractHandlerMethodMapping.java:550]- Mapped "{[/uiLogNew/suiteInfo/{planId}],methods=[GET]}" onto public com.rabbit.model.ResponseInfo com.rabbit.controller.UiPlanLogNewController.getBusinessInfoByPlanId(java.lang.Long)
2020-07-29 10:29:12,460 [main] INFO  o.s.w.s.m.m.a.RequestMappingHandlerMapping -[AbstractHandlerMethodMapping.java:550]- Mapped "{[/uiLogNew/caseListPage],methods=[GET]}" onto public com.rabbit.model.ResponseInfo com.rabbit.controller.UiPlanLogNewController.getCaseListPageByPlanId(int,int,java.lang.String)
2020-07-29 10:29:12,460 [main] INFO  o.s.w.s.m.m.a.RequestMappingHandlerMapping -[AbstractHandlerMethodMapping.java:550]- Mapped "{[/uiLogNew/stepListPage],methods=[GET]}" onto public com.rabbit.model.ResponseInfo com.rabbit.controller.UiPlanLogNewController.getStepListPage(int,int,java.lang.String)
2020-07-29 10:29:12,463 [main] INFO  o.s.w.s.m.m.a.RequestMappingHandlerMapping -[AbstractHandlerMethodMapping.java:550]- Mapped "{[/users/{id}],methods=[GET]}" onto public com.rabbit.model.SysUser com.rabbit.controller.UserController.user(java.lang.Long)
2020-07-29 10:29:12,463 [main] INFO  o.s.w.s.m.m.a.RequestMappingHandlerMapping -[AbstractHandlerMethodMapping.java:550]- Mapped "{[/users],methods=[POST]}" onto public com.rabbit.model.ResponseInfo com.rabbit.controller.UserController.saveUser(com.rabbit.dto.UserDto)
2020-07-29 10:29:12,464 [main] INFO  o.s.w.s.m.m.a.RequestMappingHandlerMapping -[AbstractHandlerMethodMapping.java:550]- Mapped "{[/users],methods=[PUT]}" onto public com.rabbit.model.ResponseInfo com.rabbit.controller.UserController.updateUser(com.rabbit.dto.UserDto)
2020-07-29 10:29:12,464 [main] INFO  o.s.w.s.m.m.a.RequestMappingHandlerMapping -[AbstractHandlerMethodMapping.java:550]- Mapped "{[/users],methods=[PUT],params=[headImgUrl]}" onto public void com.rabbit.controller.UserController.updateHeadImgUrl(java.lang.String)
2020-07-29 10:29:12,465 [main] INFO  o.s.w.s.m.m.a.RequestMappingHandlerMapping -[AbstractHandlerMethodMapping.java:550]- Mapped "{[/users/changePassword],methods=[PUT]}" onto public com.rabbit.model.ResponseInfo com.rabbit.controller.UserController.changePassword(java.lang.String,java.lang.String,java.lang.String)
2020-07-29 10:29:12,465 [main] INFO  o.s.w.s.m.m.a.RequestMappingHandlerMapping -[AbstractHandlerMethodMapping.java:550]- Mapped "{[/users/changeProjectId],methods=[PUT]}" onto public com.rabbit.model.ResponseInfo com.rabbit.controller.UserController.changeProjectId(java.lang.Long)
2020-07-29 10:29:12,466 [main] INFO  o.s.w.s.m.m.a.RequestMappingHandlerMapping -[AbstractHandlerMethodMapping.java:550]- Mapped "{[/users/resetPassword],methods=[PUT]}" onto public com.rabbit.model.ResponseInfo com.rabbit.controller.UserController.resetPassword(java.lang.String,java.lang.String)
2020-07-29 10:29:12,466 [main] INFO  o.s.w.s.m.m.a.RequestMappingHandlerMapping -[AbstractHandlerMethodMapping.java:550]- Mapped "{[/users],methods=[GET]}" onto public com.rabbit.model.ResponseInfo com.rabbit.controller.UserController.listUsers(int,int,java.lang.String)
2020-07-29 10:29:12,467 [main] INFO  o.s.w.s.m.m.a.RequestMappingHandlerMapping -[AbstractHandlerMethodMapping.java:550]- Mapped "{[/users/current],methods=[GET]}" onto public com.rabbit.model.SysUser com.rabbit.controller.UserController.currentUser()
2020-07-29 10:29:12,467 [main] INFO  o.s.w.s.m.m.a.RequestMappingHandlerMapping -[AbstractHandlerMethodMapping.java:550]- Mapped "{[/users/{id}],methods=[DELETE]}" onto public com.rabbit.model.ResponseInfo com.rabbit.controller.UserController.deleteUser(java.lang.Long)
2020-07-29 10:29:12,469 [main] INFO  o.s.w.s.m.m.a.RequestMappingHandlerMapping -[AbstractHandlerMethodMapping.java:550]- Mapped "{[/apiReport/planListPage],methods=[GET]}" onto public com.rabbit.model.ResponseInfo com.rabbit.controller.ApiTestReportController.getPlanListPage(int,int,java.lang.String)
2020-07-29 10:29:12,470 [main] INFO  o.s.w.s.m.m.a.RequestMappingHandlerMapping -[AbstractHandlerMethodMapping.java:550]- Mapped "{[/apiReport/planById/{id}],methods=[GET]}" onto public com.rabbit.model.ResponseInfo com.rabbit.controller.ApiTestReportController.getPlanById(java.lang.Long)
2020-07-29 10:29:12,471 [main] INFO  o.s.w.s.m.m.a.RequestMappingHandlerMapping -[AbstractHandlerMethodMapping.java:550]- Mapped "{[/apiReport/removePlan/{planId}],methods=[DELETE]}" onto public com.rabbit.model.ResponseInfo com.rabbit.controller.ApiTestReportController.delPlanLog(java.lang.Long)
2020-07-29 10:29:12,471 [main] INFO  o.s.w.s.m.m.a.RequestMappingHandlerMapping -[AbstractHandlerMethodMapping.java:550]- Mapped "{[/apiReport/suiteInfo/{planId}],methods=[GET]}" onto public com.rabbit.model.ResponseInfo com.rabbit.controller.ApiTestReportController.getBusinessInfoByPlanId(java.lang.Long)
2020-07-29 10:29:12,471 [main] INFO  o.s.w.s.m.m.a.RequestMappingHandlerMapping -[AbstractHandlerMethodMapping.java:550]- Mapped "{[/apiReport/caseList],methods=[GET]}" onto public com.rabbit.model.ResponseInfo com.rabbit.controller.ApiTestReportController.getCaseListPageByPlanId(com.rabbit.model.TApiCaseResult)
2020-07-29 10:29:12,472 [main] INFO  o.s.w.s.m.m.a.RequestMappingHandlerMapping -[AbstractHandlerMethodMapping.java:550]- Mapped "{[/apiReport/stepList],methods=[GET]}" onto public com.rabbit.model.ResponseInfo com.rabbit.controller.ApiTestReportController.getStepListPage(com.rabbit.model.TApiResult)
2020-07-29 10:29:12,472 [main] INFO  o.s.w.s.m.m.a.RequestMappingHandlerMapping -[AbstractHandlerMethodMapping.java:550]- Mapped "{[/apiReport/suiteById/{id}],methods=[GET]}" onto public com.rabbit.model.ResponseInfo com.rabbit.controller.ApiTestReportController.getBusinessById(java.lang.Long)
2020-07-29 10:29:12,472 [main] INFO  o.s.w.s.m.m.a.RequestMappingHandlerMapping -[AbstractHandlerMethodMapping.java:550]- Mapped "{[/apiReport/caseById/{id}],methods=[GET]}" onto public com.rabbit.model.ResponseInfo com.rabbit.controller.ApiTestReportController.getCaseById(java.lang.Long)
2020-07-29 10:29:12,473 [main] INFO  o.s.w.s.m.m.a.RequestMappingHandlerMapping -[AbstractHandlerMethodMapping.java:550]- Mapped "{[/apiReport/suiteList],methods=[GET]}" onto public com.rabbit.model.ResponseInfo com.rabbit.controller.ApiTestReportController.getBusinessListPageByPlanId(com.rabbit.model.TTestsuiteApiResult)
2020-07-29 10:29:12,478 [main] INFO  o.s.w.s.m.m.a.RequestMappingHandlerMapping -[AbstractHandlerMethodMapping.java:550]- Mapped "{[/api/listTreeByProjectId/{id}],methods=[GET]}" onto public com.rabbit.model.ResponseInfo com.rabbit.controller.ApiController.getPageList(long)
2020-07-29 10:29:12,478 [main] INFO  o.s.w.s.m.m.a.RequestMappingHandlerMapping -[AbstractHandlerMethodMapping.java:550]- Mapped "{[/api/listPage],methods=[GET]}" onto public com.rabbit.model.ResponseInfo com.rabbit.controller.ApiController.getPageList(int,int,java.lang.String)
2020-07-29 10:29:12,479 [main] INFO  o.s.w.s.m.m.a.RequestMappingHandlerMapping -[AbstractHandlerMethodMapping.java:550]- Mapped "{[/api/listByProjectId/{id}],methods=[GET]}" onto public com.rabbit.model.ResponseInfo com.rabbit.controller.ApiController.listByProjectId(long)
2020-07-29 10:29:12,480 [main] INFO  o.s.w.s.m.m.a.RequestMappingHandlerMapping -[AbstractHandlerMethodMapping.java:550]- Mapped "{[/api/{id}],methods=[GET]}" onto public com.rabbit.model.ResponseInfo com.rabbit.controller.ApiController.getByid(long)
2020-07-29 10:29:12,480 [main] INFO  o.s.w.s.m.m.a.RequestMappingHandlerMapping -[AbstractHandlerMethodMapping.java:550]- Mapped "{[/api/listSuiteByProjectId/{id}],methods=[GET]}" onto public com.rabbit.model.ResponseInfo com.rabbit.controller.ApiController.getSuiteList(long)
2020-07-29 10:29:12,480 [main] INFO  o.s.w.s.m.m.a.RequestMappingHandlerMapping -[AbstractHandlerMethodMapping.java:550]- Mapped "{[/api/add],methods=[POST]}" onto public com.rabbit.model.ResponseInfo com.rabbit.controller.ApiController.savaTApi(com.rabbit.model.TApi)
2020-07-29 10:29:12,481 [main] INFO  o.s.w.s.m.m.a.RequestMappingHandlerMapping -[AbstractHandlerMethodMapping.java:550]- Mapped "{[/api/addSuite],methods=[POST]}" onto public com.rabbit.model.ResponseInfo com.rabbit.controller.ApiController.savaTApiSuite(com.rabbit.model.TApiSuite)
2020-07-29 10:29:12,481 [main] INFO  o.s.w.s.m.m.a.RequestMappingHandlerMapping -[AbstractHandlerMethodMapping.java:550]- Mapped "{[/api/edit],methods=[PUT]}" onto public com.rabbit.model.ResponseInfo com.rabbit.controller.ApiController.editTApi(com.rabbit.model.TApi)
2020-07-29 10:29:12,481 [main] INFO  o.s.w.s.m.m.a.RequestMappingHandlerMapping -[AbstractHandlerMethodMapping.java:550]- Mapped "{[/api/editSuite],methods=[PUT]}" onto public com.rabbit.model.ResponseInfo com.rabbit.controller.ApiController.editTApiSuite(com.rabbit.model.TApiSuite)
2020-07-29 10:29:12,482 [main] INFO  o.s.w.s.m.m.a.RequestMappingHandlerMapping -[AbstractHandlerMethodMapping.java:550]- Mapped "{[/api/remove],methods=[POST]}" onto public com.rabbit.model.ResponseInfo com.rabbit.controller.ApiController.delTApi(com.rabbit.model.TApi)
2020-07-29 10:29:12,482 [main] INFO  o.s.w.s.m.m.a.RequestMappingHandlerMapping -[AbstractHandlerMethodMapping.java:550]- Mapped "{[/api/removeSuite],methods=[POST]}" onto public com.rabbit.model.ResponseInfo com.rabbit.controller.ApiController.delTApi(com.rabbit.model.TApiSuite)
2020-07-29 10:29:12,482 [main] INFO  o.s.w.s.m.m.a.RequestMappingHandlerMapping -[AbstractHandlerMethodMapping.java:550]- Mapped "{[/api/debug],methods=[POST]}" onto public com.rabbit.model.ResponseInfo com.rabbit.controller.ApiController.debugTApi(com.rabbit.model.TApi)
2020-07-29 10:29:12,484 [main] INFO  o.s.w.s.m.m.a.RequestMappingHandlerMapping -[AbstractHandlerMethodMapping.java:550]- Mapped "{[/testDatabese/listPage],methods=[GET]}" onto public com.rabbit.model.ResponseInfo com.rabbit.controller.DatabaseController.getPageList(int,int,java.lang.String)
2020-07-29 10:29:12,485 [main] INFO  o.s.w.s.m.m.a.RequestMappingHandlerMapping -[AbstractHandlerMethodMapping.java:550]- Mapped "{[/testDatabese/listByProjectId/{id}],methods=[GET]}" onto public com.rabbit.model.ResponseInfo com.rabbit.controller.DatabaseController.listByProjectId(long)
2020-07-29 10:29:12,485 [main] INFO  o.s.w.s.m.m.a.RequestMappingHandlerMapping -[AbstractHandlerMethodMapping.java:550]- Mapped "{[/testDatabese/add],methods=[POST]}" onto public com.rabbit.model.ResponseInfo com.rabbit.controller.DatabaseController.savaTTestDatabese(com.rabbit.model.TTestDatabese)
2020-07-29 10:29:12,486 [main] INFO  o.s.w.s.m.m.a.RequestMappingHandlerMapping -[AbstractHandlerMethodMapping.java:550]- Mapped "{[/testDatabese/edit],methods=[PUT]}" onto public com.rabbit.model.ResponseInfo com.rabbit.controller.DatabaseController.editTTestDatabese(com.rabbit.model.TTestDatabese)
2020-07-29 10:29:12,487 [main] INFO  o.s.w.s.m.m.a.RequestMappingHandlerMapping -[AbstractHandlerMethodMapping.java:550]- Mapped "{[/testDatabese/remove],methods=[POST]}" onto public com.rabbit.model.ResponseInfo com.rabbit.controller.DatabaseController.delTTestDatabese(com.rabbit.model.TTestDatabese)
2020-07-29 10:29:12,489 [main] INFO  o.s.w.s.m.m.a.RequestMappingHandlerMapping -[AbstractHandlerMethodMapping.java:550]- Mapped "{[/dict/addDict],methods=[POST]}" onto public com.rabbit.model.ResponseInfo com.rabbit.controller.SysDictController.savaDict(com.rabbit.model.SysDict)
2020-07-29 10:29:12,490 [main] INFO  o.s.w.s.m.m.a.RequestMappingHandlerMapping -[AbstractHandlerMethodMapping.java:550]- Mapped "{[/dict/editDict],methods=[PUT]}" onto public com.rabbit.model.ResponseInfo com.rabbit.controller.SysDictController.editDict(com.rabbit.model.SysDict)
2020-07-29 10:29:12,490 [main] INFO  o.s.w.s.m.m.a.RequestMappingHandlerMapping -[AbstractHandlerMethodMapping.java:550]- Mapped "{[/dict/removeDict/{id}],methods=[POST]}" onto public com.rabbit.model.ResponseInfo com.rabbit.controller.SysDictController.delDict(java.lang.Long)
2020-07-29 10:29:12,491 [main] INFO  o.s.w.s.m.m.a.RequestMappingHandlerMapping -[AbstractHandlerMethodMapping.java:550]- Mapped "{[/dict/uiActionList],methods=[GET]}" onto public com.rabbit.model.ResponseInfo com.rabbit.controller.SysDictController.getUiActionList()
2020-07-29 10:29:12,491 [main] INFO  o.s.w.s.m.m.a.RequestMappingHandlerMapping -[AbstractHandlerMethodMapping.java:550]- Mapped "{[/dict/apiActionList],methods=[GET]}" onto public com.rabbit.model.ResponseInfo com.rabbit.controller.SysDictController.getApiActionList()
2020-07-29 10:29:12,491 [main] INFO  o.s.w.s.m.m.a.RequestMappingHandlerMapping -[AbstractHandlerMethodMapping.java:550]- Mapped "{[/dict/listDictValue/{id}],methods=[GET]}" onto public com.rabbit.model.ResponseInfo com.rabbit.controller.SysDictController.getPageList1(java.lang.Long)
2020-07-29 10:29:12,492 [main] INFO  o.s.w.s.m.m.a.RequestMappingHandlerMapping -[AbstractHandlerMethodMapping.java:550]- Mapped "{[/dict/addDictValue],methods=[POST]}" onto public com.rabbit.model.ResponseInfo com.rabbit.controller.SysDictController.savaDict1(com.rabbit.model.SysDictValue)
2020-07-29 10:29:12,492 [main] INFO  o.s.w.s.m.m.a.RequestMappingHandlerMapping -[AbstractHandlerMethodMapping.java:550]- Mapped "{[/dict/editDictValue],methods=[PUT]}" onto public com.rabbit.model.ResponseInfo com.rabbit.controller.SysDictController.editDict1(com.rabbit.model.SysDictValue)
2020-07-29 10:29:12,492 [main] INFO  o.s.w.s.m.m.a.RequestMappingHandlerMapping -[AbstractHandlerMethodMapping.java:550]- Mapped "{[/dict/removeDictValue/{id}],methods=[POST]}" onto public com.rabbit.model.ResponseInfo com.rabbit.controller.SysDictController.delDict1(java.lang.Long)
2020-07-29 10:29:12,493 [main] INFO  o.s.w.s.m.m.a.RequestMappingHandlerMapping -[AbstractHandlerMethodMapping.java:550]- Mapped "{[/dict/getDictValueById/{id}],methods=[POST]}" onto public com.rabbit.model.ResponseInfo com.rabbit.controller.SysDictController.getDict1(java.lang.Long)
2020-07-29 10:29:12,493 [main] INFO  o.s.w.s.m.m.a.RequestMappingHandlerMapping -[AbstractHandlerMethodMapping.java:550]- Mapped "{[/dict/listDict],methods=[GET]}" onto public com.rabbit.model.ResponseInfo com.rabbit.controller.SysDictController.getPageList()
2020-07-29 10:29:12,493 [main] INFO  o.s.w.s.m.m.a.RequestMappingHandlerMapping -[AbstractHandlerMethodMapping.java:550]- Mapped "{[/dict/dictValue/listPage],methods=[GET]}" onto public com.rabbit.model.ResponseInfo com.rabbit.controller.SysDictController.getPageList(int,int,java.lang.String)
2020-07-29 10:29:12,495 [main] INFO  o.s.w.s.m.m.a.RequestMappingHandlerMapping -[AbstractHandlerMethodMapping.java:550]- Mapped "{[/device/save],methods=[POST]}" onto public com.rabbit.model.ResponseInfo com.rabbit.controller.DeviceController.savaClient(com.rabbit.model.Device)
2020-07-29 10:29:12,495 [main] INFO  o.s.w.s.m.m.a.RequestMappingHandlerMapping -[AbstractHandlerMethodMapping.java:550]- Mapped "{[/device/{deviceId}/start],methods=[GET]}" onto public com.rabbit.model.ResponseInfo com.rabbit.controller.DeviceController.start(java.lang.String)
2020-07-29 10:29:12,496 [main] INFO  o.s.w.s.m.m.a.RequestMappingHandlerMapping -[AbstractHandlerMethodMapping.java:550]- Mapped "{[/device/listById],methods=[POST]}" onto public com.rabbit.model.ResponseInfo com.rabbit.controller.DeviceController.list(com.rabbit.model.Device)
2020-07-29 10:29:12,496 [main] INFO  o.s.w.s.m.m.a.RequestMappingHandlerMapping -[AbstractHandlerMethodMapping.java:550]- Mapped "{[/device/listPage],methods=[GET]}" onto public com.rabbit.model.ResponseInfo com.rabbit.controller.DeviceController.getPageList(int,int,java.lang.String)
2020-07-29 10:29:12,497 [main] INFO  o.s.w.s.m.m.a.RequestMappingHandlerMapping -[AbstractHandlerMethodMapping.java:550]- Mapped "{[/device/online/platform/{platform}],methods=[GET]}" onto public com.rabbit.model.ResponseInfo com.rabbit.controller.DeviceController.getOnlineDevices(java.lang.Integer)
2020-07-29 10:29:12,497 [main] INFO  o.s.w.s.m.m.a.RequestMappingHandlerMapping -[AbstractHandlerMethodMapping.java:550]- Mapped "{[/device/uploadFile],methods=[POST]}" onto public com.rabbit.model.ResponseInfo com.rabbit.controller.DeviceController.uploadFile(org.springframework.web.multipart.MultipartFile,javax.servlet.http.HttpServletRequest)
2020-07-29 10:29:12,502 [main] INFO  o.s.w.s.m.m.a.RequestMappingHandlerMapping -[AbstractHandlerMethodMapping.java:550]- Mapped "{[/jmeterScript/listById/{id}],methods=[GET]}" onto public com.rabbit.model.ResponseInfo com.rabbit.controller.JmeterController.listById(long)
2020-07-29 10:29:12,503 [main] INFO  o.s.w.s.m.m.a.RequestMappingHandlerMapping -[AbstractHandlerMethodMapping.java:550]- Mapped "{[/jmeterScript/add],methods=[POST]}" onto public com.rabbit.model.ResponseInfo com.rabbit.controller.JmeterController.savaTJmeterScript(com.rabbit.model.TJmeterScript)
2020-07-29 10:29:12,504 [main] INFO  o.s.w.s.m.m.a.RequestMappingHandlerMapping -[AbstractHandlerMethodMapping.java:550]- Mapped "{[/jmeterScript/edit],methods=[PUT]}" onto public com.rabbit.model.ResponseInfo com.rabbit.controller.JmeterController.editTJmeterScript(com.rabbit.model.TJmeterScript)
2020-07-29 10:29:12,504 [main] INFO  o.s.w.s.m.m.a.RequestMappingHandlerMapping -[AbstractHandlerMethodMapping.java:550]- Mapped "{[/jmeterScript/remove],methods=[POST]}" onto public com.rabbit.model.ResponseInfo com.rabbit.controller.JmeterController.delTJmeterScript(com.rabbit.model.TJmeterScript)
2020-07-29 10:29:12,505 [main] INFO  o.s.w.s.m.m.a.RequestMappingHandlerMapping -[AbstractHandlerMethodMapping.java:550]- Mapped "{[/jmeterScript/uploadScripts],methods=[POST],produces=[application/json;charset=UTF-8]}" onto public com.rabbit.model.ResponseInfo com.rabbit.controller.JmeterController.uploadQusImages(org.springframework.web.multipart.MultipartFile[],boolean)
2020-07-29 10:29:12,506 [main] INFO  o.s.w.s.m.m.a.RequestMappingHandlerMapping -[AbstractHandlerMethodMapping.java:550]- Mapped "{[/jmeterScript/coverCsv],methods=[POST],produces=[application/json;charset=UTF-8]}" onto public com.rabbit.model.ResponseInfo com.rabbit.controller.JmeterController.uploadCsv(org.springframework.web.multipart.MultipartFile[],long,java.lang.String)
2020-07-29 10:29:12,506 [main] INFO  o.s.w.s.m.m.a.RequestMappingHandlerMapping -[AbstractHandlerMethodMapping.java:550]- Mapped "{[/jmeterScript/uploadCsv],methods=[POST],produces=[application/json;charset=UTF-8]}" onto public com.rabbit.model.ResponseInfo com.rabbit.controller.JmeterController.uploadCsv(org.springframework.web.multipart.MultipartFile[],long,boolean)
2020-07-29 10:29:12,507 [main] INFO  o.s.w.s.m.m.a.RequestMappingHandlerMapping -[AbstractHandlerMethodMapping.java:550]- Mapped "{[/jmeterScript/removeCsv],methods=[GET]}" onto public com.rabbit.model.ResponseInfo com.rabbit.controller.JmeterController.delJmeterCsv(long,java.lang.String)
2020-07-29 10:29:12,507 [main] INFO  o.s.w.s.m.m.a.RequestMappingHandlerMapping -[AbstractHandlerMethodMapping.java:550]- Mapped "{[/jmeterScript/debug],methods=[GET]}" onto public com.rabbit.model.ResponseInfo com.rabbit.controller.JmeterController.debug(long,long)
2020-07-29 10:29:12,508 [main] INFO  o.s.w.s.m.m.a.RequestMappingHandlerMapping -[AbstractHandlerMethodMapping.java:550]- Mapped "{[/jmeterScript/listPage],methods=[GET]}" onto public com.rabbit.model.ResponseInfo com.rabbit.controller.JmeterController.getPageList(int,int,java.lang.String)
2020-07-29 10:29:12,508 [main] INFO  o.s.w.s.m.m.a.RequestMappingHandlerMapping -[AbstractHandlerMethodMapping.java:550]- Mapped "{[/jmeterScript/listByProjectId/{id}],methods=[GET]}" onto public com.rabbit.model.ResponseInfo com.rabbit.controller.JmeterController.listByProjectId(long)
2020-07-29 10:29:12,508 [main] INFO  o.s.w.s.m.m.a.RequestMappingHandlerMapping -[AbstractHandlerMethodMapping.java:550]- Mapped "{[/jmeterScript/downloadCsv],methods=[GET]}" onto public void com.rabbit.controller.JmeterController.download(java.lang.String,int,java.lang.String,javax.servlet.http.HttpServletRequest,javax.servlet.http.HttpServletResponse) throws java.io.IOException
2020-07-29 10:29:12,510 [main] INFO  o.s.w.s.m.m.a.RequestMappingHandlerMapping -[AbstractHandlerMethodMapping.java:550]- Mapped "{[/projectPage/listByProjectId/{id}],methods=[GET]}" onto public com.rabbit.model.ResponseInfo com.rabbit.controller.ProjectPageController.getlistProjectId(java.lang.Long)
2020-07-29 10:29:12,511 [main] INFO  o.s.w.s.m.m.a.RequestMappingHandlerMapping -[AbstractHandlerMethodMapping.java:550]- Mapped "{[/projectPage/listById/{id}],methods=[GET]}" onto public com.rabbit.model.ResponseInfo com.rabbit.controller.ProjectPageController.getlistById(java.lang.Long)
2020-07-29 10:29:12,512 [main] INFO  o.s.w.s.m.m.a.RequestMappingHandlerMapping -[AbstractHandlerMethodMapping.java:550]- Mapped "{[/projectPage/add],methods=[POST]}" onto public com.rabbit.model.ResponseInfo com.rabbit.controller.ProjectPageController.savaProjectPage(com.rabbit.model.ProjectPage)
2020-07-29 10:29:12,512 [main] INFO  o.s.w.s.m.m.a.RequestMappingHandlerMapping -[AbstractHandlerMethodMapping.java:550]- Mapped "{[/projectPage/edit],methods=[PUT]}" onto public com.rabbit.model.ResponseInfo com.rabbit.controller.ProjectPageController.editProjectPage(com.rabbit.model.ProjectPage)
2020-07-29 10:29:12,512 [main] INFO  o.s.w.s.m.m.a.RequestMappingHandlerMapping -[AbstractHandlerMethodMapping.java:550]- Mapped "{[/projectPage/remove],methods=[POST]}" onto public com.rabbit.model.ResponseInfo com.rabbit.controller.ProjectPageController.delProjectPage(com.rabbit.model.ProjectPage)
2020-07-29 10:29:12,513 [main] INFO  o.s.w.s.m.m.a.RequestMappingHandlerMapping -[AbstractHandlerMethodMapping.java:550]- Mapped "{[/projectPage/copyPageById/{id}],methods=[GET]}" onto public com.rabbit.model.ResponseInfo com.rabbit.controller.ProjectPageController.copyPageById(java.lang.Long)
2020-07-29 10:29:12,513 [main] INFO  o.s.w.s.m.m.a.RequestMappingHandlerMapping -[AbstractHandlerMethodMapping.java:550]- Mapped "{[/projectPage/listPage],methods=[GET]}" onto public com.rabbit.model.ResponseInfo com.rabbit.controller.ProjectPageController.getPageList(int,int,java.lang.String)
2020-07-29 10:29:12,515 [main] INFO  o.s.w.s.m.m.a.RequestMappingHandlerMapping -[AbstractHandlerMethodMapping.java:550]- Mapped "{[/job/detail/{jobId}],methods=[GET]}" onto public com.rabbit.model.ResponseInfo com.rabbit.controller.JobController.detail(java.lang.Long)
2020-07-29 10:29:12,516 [main] INFO  o.s.w.s.m.m.a.RequestMappingHandlerMapping -[AbstractHandlerMethodMapping.java:550]- Mapped "{[/job/listByCustomer],methods=[GET]}" onto public com.rabbit.model.ResponseInfo com.rabbit.controller.JobController.listByCustomer(int,int,java.lang.String)
2020-07-29 10:29:12,516 [main] INFO  o.s.w.s.m.m.a.RequestMappingHandlerMapping -[AbstractHandlerMethodMapping.java:550]- Mapped "{[/job/changeStatus],methods=[POST]}" onto public com.rabbit.model.ResponseInfo com.rabbit.controller.JobController.changeStatus(com.rabbit.model.Job)
2020-07-29 10:29:12,516 [main] INFO  o.s.w.s.m.m.a.RequestMappingHandlerMapping -[AbstractHandlerMethodMapping.java:550]- Mapped "{[/job/add],methods=[POST]}" onto public com.rabbit.model.ResponseInfo com.rabbit.controller.JobController.addSave(com.rabbit.dto.JobDto)
2020-07-29 10:29:12,517 [main] INFO  o.s.w.s.m.m.a.RequestMappingHandlerMapping -[AbstractHandlerMethodMapping.java:550]- Mapped "{[/job/edit],methods=[PUT]}" onto public com.rabbit.model.ResponseInfo com.rabbit.controller.JobController.editSave(com.rabbit.dto.JobDto)
2020-07-29 10:29:12,517 [main] INFO  o.s.w.s.m.m.a.RequestMappingHandlerMapping -[AbstractHandlerMethodMapping.java:550]- Mapped "{[/job/checkCronExpressionIsValid],methods=[POST]}" onto public com.rabbit.model.ResponseInfo com.rabbit.controller.JobController.checkCronExpressionIsValid(com.rabbit.model.Job)
2020-07-29 10:29:12,518 [main] INFO  o.s.w.s.m.m.a.RequestMappingHandlerMapping -[AbstractHandlerMethodMapping.java:550]- Mapped "{[/job/run],methods=[POST]}" onto public com.rabbit.model.ResponseInfo com.rabbit.controller.JobController.run(com.rabbit.model.Job)
2020-07-29 10:29:12,518 [main] INFO  o.s.w.s.m.m.a.RequestMappingHandlerMapping -[AbstractHandlerMethodMapping.java:550]- Mapped "{[/job/remove],methods=[POST]}" onto public com.rabbit.model.ResponseInfo com.rabbit.controller.JobController.remove(com.rabbit.dto.JobDto)
2020-07-29 10:29:12,519 [main] INFO  o.s.w.s.m.m.a.RequestMappingHandlerMapping -[AbstractHandlerMethodMapping.java:550]- Mapped "{[/job/list],methods=[GET]}" onto public com.rabbit.model.ResponseInfo com.rabbit.controller.JobController.list(int,int,java.lang.String)
2020-07-29 10:29:12,519 [main] INFO  o.s.w.s.m.m.a.RequestMappingHandlerMapping -[AbstractHandlerMethodMapping.java:550]- Mapped "{[/job/export],methods=[POST]}" onto public com.rabbit.model.ResponseInfo com.rabbit.controller.JobController.export(com.rabbit.model.Job)
2020-07-29 10:29:12,520 [main] INFO  o.s.w.s.m.m.a.RequestMappingHandlerMapping -[AbstractHandlerMethodMapping.java:550]- Mapped "{[/projects/all],methods=[GET]}" onto public com.rabbit.model.ResponseInfo com.rabbit.controller.ProjectController.getAll()
2020-07-29 10:29:12,521 [main] INFO  o.s.w.s.m.m.a.RequestMappingHandlerMapping -[AbstractHandlerMethodMapping.java:550]- Mapped "{[/projects/listPage],methods=[GET]}" onto public com.rabbit.model.ResponseInfo com.rabbit.controller.ProjectController.getPageList(int,int,java.lang.String)
2020-07-29 10:29:12,522 [main] INFO  o.s.w.s.m.m.a.RequestMappingHandlerMapping -[AbstractHandlerMethodMapping.java:550]- Mapped "{[/projects/add],methods=[POST]}" onto public com.rabbit.model.ResponseInfo com.rabbit.controller.ProjectController.savaProject(com.rabbit.model.Project)
2020-07-29 10:29:12,522 [main] INFO  o.s.w.s.m.m.a.RequestMappingHandlerMapping -[AbstractHandlerMethodMapping.java:550]- Mapped "{[/projects/edit],methods=[PUT]}" onto public com.rabbit.model.ResponseInfo com.rabbit.controller.ProjectController.editProject(com.rabbit.model.Project)
2020-07-29 10:29:12,523 [main] INFO  o.s.w.s.m.m.a.RequestMappingHandlerMapping -[AbstractHandlerMethodMapping.java:550]- Mapped "{[/projects/remove],methods=[POST]}" onto public com.rabbit.model.ResponseInfo com.rabbit.controller.ProjectController.delProject(com.rabbit.model.Project)
2020-07-29 10:29:12,524 [main] INFO  o.s.w.s.m.m.a.RequestMappingHandlerMapping -[AbstractHandlerMethodMapping.java:550]- Mapped "{[/roles/all],methods=[GET]}" onto public com.rabbit.model.ResponseInfo com.rabbit.controller.RoleController.roles()
2020-07-29 10:29:12,525 [main] INFO  o.s.w.s.m.m.a.RequestMappingHandlerMapping -[AbstractHandlerMethodMapping.java:550]- Mapped "{[/roles],methods=[GET],params=[userId]}" onto public java.util.List<com.rabbit.model.Role> com.rabbit.controller.RoleController.roles(java.lang.Long)
2020-07-29 10:29:12,525 [main] INFO  o.s.w.s.m.m.a.RequestMappingHandlerMapping -[AbstractHandlerMethodMapping.java:550]- Mapped "{[/roles/{id}],methods=[GET]}" onto public com.rabbit.model.Role com.rabbit.controller.RoleController.get(java.lang.Long)
2020-07-29 10:29:12,526 [main] INFO  o.s.w.s.m.m.a.RequestMappingHandlerMapping -[AbstractHandlerMethodMapping.java:550]- Mapped "{[/roles/{id}],methods=[DELETE]}" onto public com.rabbit.model.ResponseInfo com.rabbit.controller.RoleController.delete(java.lang.Long)
2020-07-29 10:29:12,526 [main] INFO  o.s.w.s.m.m.a.RequestMappingHandlerMapping -[AbstractHandlerMethodMapping.java:550]- Mapped "{[/roles],methods=[POST]}" onto public com.rabbit.model.ResponseInfo com.rabbit.controller.RoleController.saveRole(com.rabbit.dto.RoleDto)
2020-07-29 10:29:12,526 [main] INFO  o.s.w.s.m.m.a.RequestMappingHandlerMapping -[AbstractHandlerMethodMapping.java:550]- Mapped "{[/roles/allByPage],methods=[GET]}" onto public com.rabbit.model.ResponseInfo com.rabbit.controller.RoleController.rolesByPage(int,int,java.lang.String)
2020-07-29 10:29:12,528 [main] INFO  o.s.w.s.m.m.a.RequestMappingHandlerMapping -[AbstractHandlerMethodMapping.java:550]- Mapped "{[/env/listPage],methods=[GET]}" onto public com.rabbit.model.ResponseInfo com.rabbit.controller.EnvController.getPageList(int,int,java.lang.String)
2020-07-29 10:29:12,528 [main] INFO  o.s.w.s.m.m.a.RequestMappingHandlerMapping -[AbstractHandlerMethodMapping.java:550]- Mapped "{[/env/listByProjectId/{id}],methods=[GET]}" onto public com.rabbit.model.ResponseInfo com.rabbit.controller.EnvController.listByProjectId(long)
2020-07-29 10:29:12,529 [main] INFO  o.s.w.s.m.m.a.RequestMappingHandlerMapping -[AbstractHandlerMethodMapping.java:550]- Mapped "{[/env/add],methods=[POST]}" onto public com.rabbit.model.ResponseInfo com.rabbit.controller.EnvController.savaTEnv(com.rabbit.model.TEnv)
2020-07-29 10:29:12,529 [main] INFO  o.s.w.s.m.m.a.RequestMappingHandlerMapping -[AbstractHandlerMethodMapping.java:550]- Mapped "{[/env/edit],methods=[PUT]}" onto public com.rabbit.model.ResponseInfo com.rabbit.controller.EnvController.editTEnv(com.rabbit.model.TEnv)
2020-07-29 10:29:12,530 [main] INFO  o.s.w.s.m.m.a.RequestMappingHandlerMapping -[AbstractHandlerMethodMapping.java:550]- Mapped "{[/env/remove],methods=[POST]}" onto public com.rabbit.model.ResponseInfo com.rabbit.controller.EnvController.delTEnv(com.rabbit.model.TEnv)
2020-07-29 10:29:12,532 [main] INFO  o.s.w.s.m.m.a.RequestMappingHandlerMapping -[AbstractHandlerMethodMapping.java:550]- Mapped "{[/testsuiteApi/listPage],methods=[GET]}" onto public com.rabbit.model.ResponseInfo com.rabbit.controller.TestSuiteApiController.getPageList(int,int,java.lang.String)
2020-07-29 10:29:12,533 [main] INFO  o.s.w.s.m.m.a.RequestMappingHandlerMapping -[AbstractHandlerMethodMapping.java:550]- Mapped "{[/testsuiteApi/listByProjectId/{id}],methods=[GET]}" onto public com.rabbit.model.ResponseInfo com.rabbit.controller.TestSuiteApiController.listByProjectId(long)
2020-07-29 10:29:12,533 [main] INFO  o.s.w.s.m.m.a.RequestMappingHandlerMapping -[AbstractHandlerMethodMapping.java:550]- Mapped "{[/testsuiteApi/listCaseById/{id}],methods=[GET]}" onto public com.rabbit.model.ResponseInfo com.rabbit.controller.TestSuiteApiController.listCaseById(long)
2020-07-29 10:29:12,534 [main] INFO  o.s.w.s.m.m.a.RequestMappingHandlerMapping -[AbstractHandlerMethodMapping.java:550]- Mapped "{[/testsuiteApi/add],methods=[POST]}" onto public com.rabbit.model.ResponseInfo com.rabbit.controller.TestSuiteApiController.savaTTestsuiteUi(com.rabbit.model.TTestsuiteApi)
2020-07-29 10:29:12,534 [main] INFO  o.s.w.s.m.m.a.RequestMappingHandlerMapping -[AbstractHandlerMethodMapping.java:550]- Mapped "{[/testsuiteApi/edit],methods=[PUT]}" onto public com.rabbit.model.ResponseInfo com.rabbit.controller.TestSuiteApiController.editTTestsuiteUi(com.rabbit.model.TTestsuiteApi)
2020-07-29 10:29:12,535 [main] INFO  o.s.w.s.m.m.a.RequestMappingHandlerMapping -[AbstractHandlerMethodMapping.java:550]- Mapped "{[/testsuiteApi/remove],methods=[POST]}" onto public com.rabbit.model.ResponseInfo com.rabbit.controller.TestSuiteApiController.delTTestsuiteUi(com.rabbit.model.TTestsuiteApi)
2020-07-29 10:29:12,536 [main] INFO  o.s.w.s.m.m.a.RequestMappingHandlerMapping -[AbstractHandlerMethodMapping.java:550]- Mapped "{[/testsuiteApi/updateCaseSort],methods=[POST]}" onto public com.rabbit.model.ResponseInfo com.rabbit.controller.TestSuiteApiController.updateCaseSort(java.util.List<com.rabbit.model.TSuiteCaseApi>)
2020-07-29 10:29:12,537 [main] INFO  o.s.w.s.m.m.a.RequestMappingHandlerMapping -[AbstractHandlerMethodMapping.java:550]- Mapped "{[/testsuiteApi/addCaseToSuite],methods=[POST]}" onto public com.rabbit.model.ResponseInfo com.rabbit.controller.TestSuiteApiController.addCaseToBusiness(java.util.List<com.rabbit.model.TSuiteCaseApi>)
2020-07-29 10:29:12,537 [main] INFO  o.s.w.s.m.m.a.RequestMappingHandlerMapping -[AbstractHandlerMethodMapping.java:550]- Mapped "{[/testsuiteApi/delSuiteCaseById/{id}],methods=[POST]}" onto public com.rabbit.model.ResponseInfo com.rabbit.controller.TestSuiteApiController.deleteBusinessCaseByCaseId(java.lang.Long)
2020-07-29 10:29:12,539 [main] INFO  o.s.w.s.m.m.a.RequestMappingHandlerMapping -[AbstractHandlerMethodMapping.java:550]- Mapped "{[/globalParams/listPage],methods=[GET]}" onto public com.rabbit.model.ResponseInfo com.rabbit.controller.GlobalParameController.getPageList(int,int,java.lang.String)
2020-07-29 10:29:12,540 [main] INFO  o.s.w.s.m.m.a.RequestMappingHandlerMapping -[AbstractHandlerMethodMapping.java:550]- Mapped "{[/globalParams/add],methods=[POST]}" onto public com.rabbit.model.ResponseInfo com.rabbit.controller.GlobalParameController.savaGlobalParam(com.rabbit.model.GlobalParam)
2020-07-29 10:29:12,540 [main] INFO  o.s.w.s.m.m.a.RequestMappingHandlerMapping -[AbstractHandlerMethodMapping.java:550]- Mapped "{[/globalParams/edit],methods=[PUT]}" onto public com.rabbit.model.ResponseInfo com.rabbit.controller.GlobalParameController.editGlobalParam(com.rabbit.model.GlobalParam)
2020-07-29 10:29:12,541 [main] INFO  o.s.w.s.m.m.a.RequestMappingHandlerMapping -[AbstractHandlerMethodMapping.java:550]- Mapped "{[/globalParams/remove],methods=[POST]}" onto public com.rabbit.model.ResponseInfo com.rabbit.controller.GlobalParameController.delGlobalParam(com.rabbit.model.GlobalParam)
2020-07-29 10:29:12,542 [main] INFO  o.s.w.s.m.m.a.RequestMappingHandlerMapping -[AbstractHandlerMethodMapping.java:550]- Mapped "{[/monitor/jobLog/remove],methods=[POST]}" onto public com.rabbit.model.ResponseInfo com.rabbit.controller.JobLogController.remove(java.lang.String)
2020-07-29 10:29:12,542 [main] INFO  o.s.w.s.m.m.a.RequestMappingHandlerMapping -[AbstractHandlerMethodMapping.java:550]- Mapped "{[/monitor/jobLog/clean],methods=[POST]}" onto public com.rabbit.model.ResponseInfo com.rabbit.controller.JobLogController.clean()
2020-07-29 10:29:12,542 [main] INFO  o.s.w.s.m.m.a.RequestMappingHandlerMapping -[AbstractHandlerMethodMapping.java:550]- Mapped "{[/monitor/jobLog/list],methods=[POST]}" onto public com.rabbit.model.ResponseInfo com.rabbit.controller.JobLogController.list(com.rabbit.model.JobLog)
2020-07-29 10:29:12,543 [main] INFO  o.s.w.s.m.m.a.RequestMappingHandlerMapping -[AbstractHandlerMethodMapping.java:550]- Mapped "{[/monitor/jobLog/export],methods=[POST]}" onto public com.rabbit.model.ResponseInfo com.rabbit.controller.JobLogController.export(com.rabbit.model.JobLog)
2020-07-29 10:29:12,545 [main] INFO  o.s.w.s.m.m.a.RequestMappingHandlerMapping -[AbstractHandlerMethodMapping.java:550]- Mapped "{[/apiTestCase/debug],methods=[POST]}" onto public com.rabbit.model.ResponseInfo com.rabbit.controller.ApiTestCaseController.debug(com.rabbit.dto.TestcaseApiDto)
2020-07-29 10:29:12,546 [main] INFO  o.s.w.s.m.m.a.RequestMappingHandlerMapping -[AbstractHandlerMethodMapping.java:550]- Mapped "{[/apiTestCase/listPage],methods=[GET]}" onto public com.rabbit.model.ResponseInfo com.rabbit.controller.ApiTestCaseController.getPageList(int,int,java.lang.String)
2020-07-29 10:29:12,547 [main] INFO  o.s.w.s.m.m.a.RequestMappingHandlerMapping -[AbstractHandlerMethodMapping.java:550]- Mapped "{[/apiTestCase/{id}],methods=[GET]}" onto public com.rabbit.model.ResponseInfo com.rabbit.controller.ApiTestCaseController.getById(java.lang.Long)
2020-07-29 10:29:12,547 [main] INFO  o.s.w.s.m.m.a.RequestMappingHandlerMapping -[AbstractHandlerMethodMapping.java:550]- Mapped "{[/apiTestCase/business/{id}],methods=[GET]}" onto public com.rabbit.model.ResponseInfo com.rabbit.controller.ApiTestCaseController.getBusinessById(java.lang.Long)
2020-07-29 10:29:12,548 [main] INFO  o.s.w.s.m.m.a.RequestMappingHandlerMapping -[AbstractHandlerMethodMapping.java:550]- Mapped "{[/apiTestCase/copyStep],methods=[POST]}" onto public com.rabbit.model.ResponseInfo com.rabbit.controller.ApiTestCaseController.copyStep(com.rabbit.model.TStepApi)
2020-07-29 10:29:12,548 [main] INFO  o.s.w.s.m.m.a.RequestMappingHandlerMapping -[AbstractHandlerMethodMapping.java:550]- Mapped "{[/apiTestCase/add],methods=[POST]}" onto public com.rabbit.model.ResponseInfo com.rabbit.controller.ApiTestCaseController.savaProject(com.rabbit.dto.TestcaseApiDto)
2020-07-29 10:29:12,548 [main] INFO  o.s.w.s.m.m.a.RequestMappingHandlerMapping -[AbstractHandlerMethodMapping.java:550]- Mapped "{[/apiTestCase/edit],methods=[PUT]}" onto public com.rabbit.model.ResponseInfo com.rabbit.controller.ApiTestCaseController.editProject(com.rabbit.dto.TestcaseApiDto)
2020-07-29 10:29:12,549 [main] INFO  o.s.w.s.m.m.a.RequestMappingHandlerMapping -[AbstractHandlerMethodMapping.java:550]- Mapped "{[/apiTestCase/remove],methods=[POST]}" onto public com.rabbit.model.ResponseInfo com.rabbit.controller.ApiTestCaseController.delProject(com.rabbit.model.TTestcaseApi)
2020-07-29 10:29:12,549 [main] INFO  o.s.w.s.m.m.a.RequestMappingHandlerMapping -[AbstractHandlerMethodMapping.java:550]- Mapped "{[/apiTestCase/removeStep],methods=[POST]}" onto public com.rabbit.model.ResponseInfo com.rabbit.controller.ApiTestCaseController.delProject(com.rabbit.model.TStepApi)
2020-07-29 10:29:12,550 [main] INFO  o.s.w.s.m.m.a.RequestMappingHandlerMapping -[AbstractHandlerMethodMapping.java:550]- Mapped "{[/apiTestCase/editStep],methods=[PUT]}" onto public com.rabbit.model.ResponseInfo com.rabbit.controller.ApiTestCaseController.editStep(com.rabbit.model.TStepApi)
2020-07-29 10:29:12,550 [main] INFO  o.s.w.s.m.m.a.RequestMappingHandlerMapping -[AbstractHandlerMethodMapping.java:550]- Mapped "{[/apiTestCase/allBusiness/{id}],methods=[GET]}" onto public com.rabbit.model.ResponseInfo com.rabbit.controller.ApiTestCaseController.getList(java.lang.Long)
2020-07-29 10:29:12,550 [main] INFO  o.s.w.s.m.m.a.RequestMappingHandlerMapping -[AbstractHandlerMethodMapping.java:550]- Mapped "{[/apiTestCase/addApiToCase],methods=[POST]}" onto public com.rabbit.model.ResponseInfo com.rabbit.controller.ApiTestCaseController.addApiToCase(java.util.List<com.rabbit.model.TStepApi>)
2020-07-29 10:29:12,551 [main] INFO  o.s.w.s.m.m.a.RequestMappingHandlerMapping -[AbstractHandlerMethodMapping.java:550]- Mapped "{[/apiTestCase/steps/{id}],methods=[GET]}" onto public com.rabbit.model.ResponseInfo com.rabbit.controller.ApiTestCaseController.getByCaseId(java.lang.Long)
2020-07-29 10:29:12,552 [main] INFO  o.s.w.s.m.m.a.RequestMappingHandlerMapping -[AbstractHandlerMethodMapping.java:550]- Mapped "{[/clients/listPage],methods=[GET]}" onto public com.rabbit.model.ResponseInfo com.rabbit.controller.ClientController.getPageList(int,int,java.lang.String)
2020-07-29 10:29:12,553 [main] INFO  o.s.w.s.m.m.a.RequestMappingHandlerMapping -[AbstractHandlerMethodMapping.java:550]- Mapped "{[/clients/listByProjectId/{id}],methods=[GET]}" onto public com.rabbit.model.ResponseInfo com.rabbit.controller.ClientController.listByProjectId(long)
2020-07-29 10:29:12,554 [main] INFO  o.s.w.s.m.m.a.RequestMappingHandlerMapping -[AbstractHandlerMethodMapping.java:550]- Mapped "{[/clients/edit],methods=[PUT]}" onto public com.rabbit.model.ResponseInfo com.rabbit.controller.ClientController.editClient(com.rabbit.model.Client)
2020-07-29 10:29:12,554 [main] INFO  o.s.w.s.m.m.a.RequestMappingHandlerMapping -[AbstractHandlerMethodMapping.java:550]- Mapped "{[/clients/remove],methods=[POST]}" onto public com.rabbit.model.ResponseInfo com.rabbit.controller.ClientController.delClient(com.rabbit.model.Client)
2020-07-29 10:29:12,554 [main] INFO  o.s.w.s.m.m.a.RequestMappingHandlerMapping -[AbstractHandlerMethodMapping.java:550]- Mapped "{[/suiteUi/listTreeByProjectId],methods=[GET]}" onto public com.rabbit.model.ResponseInfo com.rabbit.controller.SuiteUiController.listTreeByProjectId(java.lang.Long)
2020-07-29 10:29:12,556 [main] INFO  o.s.w.s.m.m.a.RequestMappingHandlerMapping -[AbstractHandlerMethodMapping.java:550]- Mapped "{[/uiTestCaseNew/listPage],methods=[GET]}" onto public com.rabbit.model.ResponseInfo com.rabbit.controller.UiTestCaseNewController.getPageList(int,int,java.lang.String)
2020-07-29 10:29:12,556 [main] INFO  o.s.w.s.m.m.a.RequestMappingHandlerMapping -[AbstractHandlerMethodMapping.java:550]- Mapped "{[/uiTestCaseNew/{id}],methods=[GET]}" onto public com.rabbit.model.ResponseInfo com.rabbit.controller.UiTestCaseNewController.getById(java.lang.Long)
2020-07-29 10:29:12,557 [main] INFO  o.s.w.s.m.m.a.RequestMappingHandlerMapping -[AbstractHandlerMethodMapping.java:550]- Mapped "{[/uiTestCaseNew/businessToCase/{id}],methods=[GET]}" onto public com.rabbit.model.ResponseInfo com.rabbit.controller.UiTestCaseNewController.businesstoCase(java.lang.Long)
2020-07-29 10:29:12,557 [main] INFO  o.s.w.s.m.m.a.RequestMappingHandlerMapping -[AbstractHandlerMethodMapping.java:550]- Mapped "{[/uiTestCaseNew/copyCaseById/{id}],methods=[GET]}" onto public com.rabbit.model.ResponseInfo com.rabbit.controller.UiTestCaseNewController.copyCaseById(java.lang.Long)
2020-07-29 10:29:12,557 [main] INFO  o.s.w.s.m.m.a.RequestMappingHandlerMapping -[AbstractHandlerMethodMapping.java:550]- Mapped "{[/uiTestCaseNew/business/{id}],methods=[GET]}" onto public com.rabbit.model.ResponseInfo com.rabbit.controller.UiTestCaseNewController.getBusinessById(java.lang.Long)
2020-07-29 10:29:12,557 [main] INFO  o.s.w.s.m.m.a.RequestMappingHandlerMapping -[AbstractHandlerMethodMapping.java:550]- Mapped "{[/uiTestCaseNew/add],methods=[POST]}" onto public com.rabbit.model.ResponseInfo com.rabbit.controller.UiTestCaseNewController.savaProject(com.rabbit.dto.TestcaseUiNewDto)
2020-07-29 10:29:12,558 [main] INFO  o.s.w.s.m.m.a.RequestMappingHandlerMapping -[AbstractHandlerMethodMapping.java:550]- Mapped "{[/uiTestCaseNew/edit],methods=[PUT]}" onto public com.rabbit.model.ResponseInfo com.rabbit.controller.UiTestCaseNewController.editProject(com.rabbit.dto.TestcaseUiNewDto)
2020-07-29 10:29:12,558 [main] INFO  o.s.w.s.m.m.a.RequestMappingHandlerMapping -[AbstractHandlerMethodMapping.java:550]- Mapped "{[/uiTestCaseNew/remove],methods=[POST]}" onto public com.rabbit.model.ResponseInfo com.rabbit.controller.UiTestCaseNewController.delProject(com.rabbit.model.TTestcaseUiNew)
2020-07-29 10:29:12,558 [main] INFO  o.s.w.s.m.m.a.RequestMappingHandlerMapping -[AbstractHandlerMethodMapping.java:550]- Mapped "{[/uiTestCaseNew/allBusiness/{id}],methods=[GET]}" onto public com.rabbit.model.ResponseInfo com.rabbit.controller.UiTestCaseNewController.getList(java.lang.Long)
2020-07-29 10:29:12,559 [main] INFO  o.s.w.s.m.m.a.RequestMappingHandlerMapping -[AbstractHandlerMethodMapping.java:550]- Mapped "{[/logs],methods=[POST]}" onto public com.rabbit.model.ResponseInfo com.rabbit.controller.SysLogsController.delLog(int,int)
2020-07-29 10:29:12,559 [main] INFO  o.s.w.s.m.m.a.RequestMappingHandlerMapping -[AbstractHandlerMethodMapping.java:550]- Mapped "{[/logs],methods=[GET]}" onto public com.rabbit.model.ResponseInfo com.rabbit.controller.SysLogsController.listPage(int,int,java.lang.String)
2020-07-29 10:29:12,561 [main] INFO  o.s.w.s.m.m.a.RequestMappingHandlerMapping -[AbstractHandlerMethodMapping.java:550]- Mapped "{[/file/upload],methods=[POST],produces=[application/json;charset=UTF-8]}" onto public com.rabbit.model.ResponseInfo com.rabbit.controller.FileControl.uploadQusImages(org.springframework.web.multipart.MultipartFile[],java.lang.String)
2020-07-29 10:29:12,562 [main] INFO  o.s.w.s.m.m.a.RequestMappingHandlerMapping -[AbstractHandlerMethodMapping.java:550]- Mapped "{[/file/listPage],methods=[GET]}" onto public com.rabbit.model.ResponseInfo com.rabbit.controller.FileControl.getPageList(int,int,java.lang.String)
2020-07-29 10:29:12,562 [main] INFO  o.s.w.s.m.m.a.RequestMappingHandlerMapping -[AbstractHandlerMethodMapping.java:550]- Mapped "{[/file/{id}],methods=[DELETE]}" onto public com.rabbit.model.ResponseInfo com.rabbit.controller.FileControl.listByProjectId(long)
2020-07-29 10:29:12,563 [main] INFO  o.s.w.s.m.m.a.RequestMappingHandlerMapping -[AbstractHandlerMethodMapping.java:550]- Mapped "{[/file/list],methods=[POST]}" onto public com.rabbit.model.ResponseInfo com.rabbit.controller.FileControl.getList(com.rabbit.model.TFileInfo)
2020-07-29 10:29:12,564 [main] INFO  o.s.w.s.m.m.a.RequestMappingHandlerMapping -[AbstractHandlerMethodMapping.java:550]- Mapped "{[/pageElement/listByProjectId/{id}],methods=[GET]}" onto public com.rabbit.model.ResponseInfo com.rabbit.controller.PageElementController.getlistProjectId(java.lang.Long)
2020-07-29 10:29:12,565 [main] INFO  o.s.w.s.m.m.a.RequestMappingHandlerMapping -[AbstractHandlerMethodMapping.java:550]- Mapped "{[/pageElement/listPage],methods=[GET]}" onto public com.rabbit.model.ResponseInfo com.rabbit.controller.PageElementController.getPageList(int,int,java.lang.String)
2020-07-29 10:29:12,566 [main] INFO  o.s.w.s.m.m.a.RequestMappingHandlerMapping -[AbstractHandlerMethodMapping.java:550]- Mapped "{[/pageElement/copyElemenById/{id}],methods=[GET]}" onto public com.rabbit.model.ResponseInfo com.rabbit.controller.PageElementController.copyElemenById(java.lang.Long)
2020-07-29 10:29:12,566 [main] INFO  o.s.w.s.m.m.a.RequestMappingHandlerMapping -[AbstractHandlerMethodMapping.java:550]- Mapped "{[/pageElement/batchSaveElements],methods=[POST]}" onto public com.rabbit.model.ResponseInfo com.rabbit.controller.PageElementController.batchSaveElements(java.util.List<com.rabbit.model.PageElement>)
2020-07-29 10:29:12,567 [main] INFO  o.s.w.s.m.m.a.RequestMappingHandlerMapping -[AbstractHandlerMethodMapping.java:550]- Mapped "{[/pageElement/add],methods=[POST]}" onto public com.rabbit.model.ResponseInfo com.rabbit.controller.PageElementController.savaPageElement(com.rabbit.model.PageElement)
2020-07-29 10:29:12,568 [main] INFO  o.s.w.s.m.m.a.RequestMappingHandlerMapping -[AbstractHandlerMethodMapping.java:550]- Mapped "{[/pageElement/edit],methods=[PUT]}" onto public com.rabbit.model.ResponseInfo com.rabbit.controller.PageElementController.editPageElement(com.rabbit.model.PageElement)
2020-07-29 10:29:12,569 [main] INFO  o.s.w.s.m.m.a.RequestMappingHandlerMapping -[AbstractHandlerMethodMapping.java:550]- Mapped "{[/pageElement/remove],methods=[POST]}" onto public com.rabbit.model.ResponseInfo com.rabbit.controller.PageElementController.delPageElement(com.rabbit.model.PageElement)
2020-07-29 10:29:12,573 [main] INFO  o.s.w.s.m.m.a.RequestMappingHandlerMapping -[AbstractHandlerMethodMapping.java:550]- Mapped "{[/swagger-resources/configuration/security]}" onto public org.springframework.http.ResponseEntity<springfox.documentation.swagger.web.SecurityConfiguration> springfox.documentation.swagger.web.ApiResourceController.securityConfiguration()
2020-07-29 10:29:12,574 [main] INFO  o.s.w.s.m.m.a.RequestMappingHandlerMapping -[AbstractHandlerMethodMapping.java:550]- Mapped "{[/swagger-resources/configuration/ui]}" onto public org.springframework.http.ResponseEntity<springfox.documentation.swagger.web.UiConfiguration> springfox.documentation.swagger.web.ApiResourceController.uiConfiguration()
2020-07-29 10:29:12,575 [main] INFO  o.s.w.s.m.m.a.RequestMappingHandlerMapping -[AbstractHandlerMethodMapping.java:550]- Mapped "{[/swagger-resources]}" onto public org.springframework.http.ResponseEntity<java.util.List<springfox.documentation.swagger.web.SwaggerResource>> springfox.documentation.swagger.web.ApiResourceController.swaggerResources()
2020-07-29 10:29:12,578 [main] INFO  o.s.w.s.m.m.a.RequestMappingHandlerMapping -[AbstractHandlerMethodMapping.java:550]- Mapped "{[/error]}" onto public org.springframework.http.ResponseEntity<java.util.Map<java.lang.String, java.lang.Object>> org.springframework.boot.autoconfigure.web.servlet.error.BasicErrorController.error(javax.servlet.http.HttpServletRequest)
2020-07-29 10:29:12,579 [main] INFO  o.s.w.s.m.m.a.RequestMappingHandlerMapping -[AbstractHandlerMethodMapping.java:550]- Mapped "{[/error],produces=[text/html]}" onto public org.springframework.web.servlet.ModelAndView org.springframework.boot.autoconfigure.web.servlet.error.BasicErrorController.errorHtml(javax.servlet.http.HttpServletRequest,javax.servlet.http.HttpServletResponse)
2020-07-29 10:29:12,981 [main] INFO  s.d.s.w.PropertySourcedRequestMappingHandlerMapping -[PropertySourcedRequestMappingHandlerMapping.java:69]- Mapped URL path [/v2/api-docs] onto method [public org.springframework.http.ResponseEntity<springfox.documentation.spring.web.json.Json> springfox.documentation.swagger2.web.Swagger2Controller.getDocumentation(java.lang.String,javax.servlet.http.HttpServletRequest)]
2020-07-29 10:29:13,020 [main] INFO  o.s.scheduling.concurrent.ThreadPoolTaskExecutor -[ExecutorConfigurationSupport.java:171]- Initializing ExecutorService 'threadPoolTaskExecutor'
2020-07-29 10:29:13,199 [main] INFO  o.s.web.servlet.handler.SimpleUrlHandlerMapping -[AbstractUrlHandlerMapping.java:373]- Mapped URL path [/**/favicon.ico] onto handler of type [class org.springframework.web.servlet.resource.ResourceHttpRequestHandler]
2020-07-29 10:29:13,652 [main] INFO  o.s.w.s.m.m.a.RequestMappingHandlerAdapter -[RequestMappingHandlerAdapter.java:588]- Looking for @ControllerAdvice: org.springframework.boot.web.servlet.context.AnnotationConfigServletWebServerApplicationContext@566776ad: startup date [Wed Jul 29 10:28:59 CST 2020]; root of context hierarchy
2020-07-29 10:29:13,729 [main] INFO  o.s.web.servlet.handler.BeanNameUrlHandlerMapping -[AbstractUrlHandlerMapping.java:373]- Mapped URL path [/hessian/globalParamService] onto handler '/hessian/globalParamService'
2020-07-29 10:29:13,730 [main] INFO  o.s.web.servlet.handler.BeanNameUrlHandlerMapping -[AbstractUrlHandlerMapping.java:373]- Mapped URL path [/hessian/sysDictValueService] onto handler '/hessian/sysDictValueService'
2020-07-29 10:29:13,730 [main] INFO  o.s.web.servlet.handler.BeanNameUrlHandlerMapping -[AbstractUrlHandlerMapping.java:373]- Mapped URL path [/hessian/clientService] onto handler '/hessian/clientService'
2020-07-29 10:29:13,730 [main] INFO  o.s.web.servlet.handler.BeanNameUrlHandlerMapping -[AbstractUrlHandlerMapping.java:373]- Mapped URL path [/hessian/testDatabeseService] onto handler '/hessian/testDatabeseService'
2020-07-29 10:29:13,730 [main] INFO  o.s.web.servlet.handler.BeanNameUrlHandlerMapping -[AbstractUrlHandlerMapping.java:373]- Mapped URL path [/hessian/fileUploadService] onto handler '/hessian/fileUploadService'
2020-07-29 10:29:13,730 [main] INFO  o.s.web.servlet.handler.BeanNameUrlHandlerMapping -[AbstractUrlHandlerMapping.java:373]- Mapped URL path [/hessian/fileInfoService] onto handler '/hessian/fileInfoService'
2020-07-29 10:29:13,730 [main] INFO  o.s.web.servlet.handler.BeanNameUrlHandlerMapping -[AbstractUrlHandlerMapping.java:373]- Mapped URL path [/hessian/testStepUiNewLogService] onto handler '/hessian/testStepUiNewLogService'
2020-07-29 10:29:13,731 [main] INFO  o.s.web.servlet.handler.BeanNameUrlHandlerMapping -[AbstractUrlHandlerMapping.java:373]- Mapped URL path [/hessian/testCaseUiNewLogService] onto handler '/hessian/testCaseUiNewLogService'
2020-07-29 10:29:13,731 [main] INFO  o.s.web.servlet.handler.BeanNameUrlHandlerMapping -[AbstractUrlHandlerMapping.java:373]- Mapped URL path [/hessian/testSuiteUiLogService] onto handler '/hessian/testSuiteUiLogService'
2020-07-29 10:29:13,731 [main] INFO  o.s.web.servlet.handler.BeanNameUrlHandlerMapping -[AbstractUrlHandlerMapping.java:373]- Mapped URL path [/hessian/testPlanUiNewLogService] onto handler '/hessian/testPlanUiNewLogService'
2020-07-29 10:29:13,731 [main] INFO  o.s.web.servlet.handler.BeanNameUrlHandlerMapping -[AbstractUrlHandlerMapping.java:373]- Mapped URL path [/hessian/tTestsuiteUiService] onto handler '/hessian/tTestsuiteUiService'
2020-07-29 10:29:13,731 [main] INFO  o.s.web.servlet.handler.BeanNameUrlHandlerMapping -[AbstractUrlHandlerMapping.java:373]- Mapped URL path [/hessian/tTestcaseUiNewService] onto handler '/hessian/tTestcaseUiNewService'
2020-07-29 10:29:13,731 [main] INFO  o.s.web.servlet.handler.BeanNameUrlHandlerMapping -[AbstractUrlHandlerMapping.java:373]- Mapped URL path [/hessian/stepUiNewService] onto handler '/hessian/stepUiNewService'
2020-07-29 10:29:13,731 [main] INFO  o.s.web.servlet.handler.BeanNameUrlHandlerMapping -[AbstractUrlHandlerMapping.java:373]- Mapped URL path [/hessian/deviceService] onto handler '/hessian/deviceService'
2020-07-29 10:29:13,741 [main] INFO  o.s.web.servlet.handler.SimpleUrlHandlerMapping -[AbstractUrlHandlerMapping.java:373]- Mapped URL path [/webjars/**] onto handler of type [class org.springframework.web.servlet.resource.ResourceHttpRequestHandler]
2020-07-29 10:29:13,741 [main] INFO  o.s.web.servlet.handler.SimpleUrlHandlerMapping -[AbstractUrlHandlerMapping.java:373]- Mapped URL path [/**] onto handler of type [class org.springframework.web.servlet.resource.ResourceHttpRequestHandler]
2020-07-29 10:29:13,742 [main] INFO  o.s.web.servlet.handler.SimpleUrlHandlerMapping -[AbstractUrlHandlerMapping.java:373]- Mapped URL path [/profile/**] onto handler of type [class org.springframework.web.servlet.resource.ResourceHttpRequestHandler]
2020-07-29 10:29:13,764 [main] INFO  o.s.w.s.m.m.a.ExceptionHandlerExceptionResolver -[ExceptionHandlerExceptionResolver.java:288]- Detected @ExceptionHandler methods in exceptionHandlerAdvice
2020-07-29 10:29:14,721 [main] WARN  o.s.b.a.freemarker.FreeMarkerAutoConfiguration -[FreeMarkerAutoConfiguration.java:70]- Cannot find template location(s): [classpath:/templates/] (please add some templates, check your FreeMarker configuration, or set spring.freemarker.checkTemplateLocation=false)
2020-07-29 10:29:15,212 [main] INFO  o.s.security.web.DefaultSecurityFilterChain -[DefaultSecurityFilterChain.java:43]- Creating filter chain: org.springframework.security.web.util.matcher.AnyRequestMatcher@1, [org.springframework.security.web.context.request.async.WebAsyncManagerIntegrationFilter@5ab9b447, org.springframework.security.web.context.SecurityContextPersistenceFilter@589b028e, org.springframework.security.web.header.HeaderWriterFilter@71b1a49c, org.springframework.security.web.authentication.logout.LogoutFilter@55a8dc49, com.rabbit.config.TokenFilter@3d8203d5, org.springframework.security.web.authentication.UsernamePasswordAuthenticationFilter@5298dead, org.springframework.security.web.savedrequest.RequestCacheAwareFilter@9fecdf1, org.springframework.security.web.servletapi.SecurityContextHolderAwareRequestFilter@236ab296, org.springframework.security.web.authentication.AnonymousAuthenticationFilter@76f10035, org.springframework.security.web.session.SessionManagementFilter@3773862a, org.springframework.security.web.access.ExceptionTranslationFilter@6c2d4cc6, org.springframework.security.web.access.intercept.FilterSecurityInterceptor@669d2b1b]
2020-07-29 10:29:15,464 [main] INFO  o.s.jmx.export.annotation.AnnotationMBeanExporter -[MBeanExporter.java:433]- Registering beans for JMX exposure on startup
2020-07-29 10:29:15,468 [main] INFO  o.s.jmx.export.annotation.AnnotationMBeanExporter -[MBeanExporter.java:895]- Bean with name 'statFilter' has been autodetected for JMX exposure
2020-07-29 10:29:15,468 [main] INFO  o.s.jmx.export.annotation.AnnotationMBeanExporter -[MBeanExporter.java:895]- Bean with name 'dataSource' has been autodetected for JMX exposure
2020-07-29 10:29:15,479 [main] INFO  o.s.jmx.export.annotation.AnnotationMBeanExporter -[MBeanExporter.java:668]- Located MBean 'dataSource': registering with JMX server as MBean [com.alibaba.druid.spring.boot.autoconfigure:name=dataSource,type=DruidDataSourceWrapper]
2020-07-29 10:29:15,482 [main] INFO  o.s.jmx.export.annotation.AnnotationMBeanExporter -[MBeanExporter.java:668]- Located MBean 'statFilter': registering with JMX server as MBean [com.alibaba.druid.filter.stat:name=statFilter,type=StatFilter]
2020-07-29 10:29:15,491 [main] INFO  o.s.context.support.DefaultLifecycleProcessor -[DefaultLifecycleProcessor.java:356]- Starting beans in phase 2147483647
2020-07-29 10:29:15,492 [main] INFO  s.d.s.web.plugins.DocumentationPluginsBootstrapper -[DocumentationPluginsBootstrapper.java:160]- Context refreshed
2020-07-29 10:29:15,533 [main] INFO  s.d.s.web.plugins.DocumentationPluginsBootstrapper -[DocumentationPluginsBootstrapper.java:163]- Found 1 custom documentation plugin(s)
2020-07-29 10:29:15,624 [main] INFO  s.d.spring.web.scanners.ApiListingReferenceScanner -[ApiListingReferenceScanner.java:41]- Scanning for api listing references
2020-07-29 10:29:15,995 [main] INFO  s.d.s.w.r.operation.CachingOperationNameGenerator -[CachingOperationNameGenerator.java:40]- Generating unique operation named: delTApiUsingPOST_1
2020-07-29 10:29:16,012 [main] INFO  s.d.s.w.r.operation.CachingOperationNameGenerator -[CachingOperationNameGenerator.java:40]- Generating unique operation named: getPageListUsingGET_1
2020-07-29 10:29:16,052 [main] INFO  s.d.s.w.r.operation.CachingOperationNameGenerator -[CachingOperationNameGenerator.java:40]- Generating unique operation named: getPageListUsingGET_2
2020-07-29 10:29:16,098 [main] INFO  s.d.s.w.r.operation.CachingOperationNameGenerator -[CachingOperationNameGenerator.java:40]- Generating unique operation named: delProjectUsingPOST_1
2020-07-29 10:29:16,108 [main] INFO  s.d.s.w.r.operation.CachingOperationNameGenerator -[CachingOperationNameGenerator.java:40]- Generating unique operation named: getByIdUsingGET_1
2020-07-29 10:29:16,112 [main] INFO  s.d.s.w.r.operation.CachingOperationNameGenerator -[CachingOperationNameGenerator.java:40]- Generating unique operation named: getPageListUsingGET_3
2020-07-29 10:29:16,121 [main] INFO  s.d.s.w.r.operation.CachingOperationNameGenerator -[CachingOperationNameGenerator.java:40]- Generating unique operation named: getBusinessByIdUsingGET_1
2020-07-29 10:29:16,200 [main] INFO  s.d.s.w.r.operation.CachingOperationNameGenerator -[CachingOperationNameGenerator.java:40]- Generating unique operation named: getPageListUsingGET_4
2020-07-29 10:29:16,202 [main] INFO  s.d.s.w.r.operation.CachingOperationNameGenerator -[CachingOperationNameGenerator.java:40]- Generating unique operation named: listByProjectIdUsingGET_1
2020-07-29 10:29:16,213 [main] INFO  s.d.s.w.r.operation.CachingOperationNameGenerator -[CachingOperationNameGenerator.java:40]- Generating unique operation named: getPageListUsingGET_5
2020-07-29 10:29:16,215 [main] INFO  s.d.s.w.r.operation.CachingOperationNameGenerator -[CachingOperationNameGenerator.java:40]- Generating unique operation named: listByProjectIdUsingGET_2
2020-07-29 10:29:16,222 [main] INFO  s.d.s.w.r.operation.CachingOperationNameGenerator -[CachingOperationNameGenerator.java:40]- Generating unique operation named: getPageListUsingGET_6
2020-07-29 10:29:16,242 [main] INFO  s.d.s.w.r.operation.CachingOperationNameGenerator -[CachingOperationNameGenerator.java:40]- Generating unique operation named: getPageListUsingGET_7
2020-07-29 10:29:16,244 [main] INFO  s.d.s.w.r.operation.CachingOperationNameGenerator -[CachingOperationNameGenerator.java:40]- Generating unique operation named: listByProjectIdUsingGET_3
2020-07-29 10:29:16,253 [main] INFO  s.d.s.w.r.operation.CachingOperationNameGenerator -[CachingOperationNameGenerator.java:40]- Generating unique operation named: getPageListUsingGET_8
2020-07-29 10:29:16,264 [main] INFO  s.d.s.w.r.operation.CachingOperationNameGenerator -[CachingOperationNameGenerator.java:40]- Generating unique operation named: getPageListUsingGET_9
2020-07-29 10:29:16,266 [main] INFO  s.d.s.w.r.operation.CachingOperationNameGenerator -[CachingOperationNameGenerator.java:40]- Generating unique operation named: listByProjectIdUsingGET_4
2020-07-29 10:29:16,280 [main] INFO  s.d.s.w.r.operation.CachingOperationNameGenerator -[CachingOperationNameGenerator.java:40]- Generating unique operation named: getPageListUsingGET_10
2020-07-29 10:29:16,291 [main] INFO  s.d.s.w.r.operation.CachingOperationNameGenerator -[CachingOperationNameGenerator.java:40]- Generating unique operation named: getPageListUsingGET_11
2020-07-29 10:29:16,292 [main] INFO  s.d.s.w.r.operation.CachingOperationNameGenerator -[CachingOperationNameGenerator.java:40]- Generating unique operation named: listByProjectIdUsingGET_5
2020-07-29 10:29:16,312 [main] INFO  s.d.s.w.r.operation.CachingOperationNameGenerator -[CachingOperationNameGenerator.java:40]- Generating unique operation named: getPageListUsingGET_12
2020-07-29 10:29:16,315 [main] INFO  s.d.s.w.r.operation.CachingOperationNameGenerator -[CachingOperationNameGenerator.java:40]- Generating unique operation named: listByProjectIdUsingGET_6
2020-07-29 10:29:16,321 [main] INFO  s.d.s.w.r.operation.CachingOperationNameGenerator -[CachingOperationNameGenerator.java:40]- Generating unique operation named: uploadCsvUsingPOST_1
2020-07-29 10:29:16,323 [main] INFO  s.d.s.w.r.operation.CachingOperationNameGenerator -[CachingOperationNameGenerator.java:40]- Generating unique operation named: uploadQusImagesUsingPOST_1
2020-07-29 10:29:16,363 [main] INFO  s.d.s.w.r.operation.CachingOperationNameGenerator -[CachingOperationNameGenerator.java:40]- Generating unique operation named: exportUsingPOST_1
2020-07-29 10:29:16,366 [main] INFO  s.d.s.w.r.operation.CachingOperationNameGenerator -[CachingOperationNameGenerator.java:40]- Generating unique operation named: listUsingPOST_1
2020-07-29 10:29:16,368 [main] INFO  s.d.s.w.r.operation.CachingOperationNameGenerator -[CachingOperationNameGenerator.java:40]- Generating unique operation named: removeUsingPOST_1
2020-07-29 10:29:16,380 [main] INFO  s.d.s.w.r.operation.CachingOperationNameGenerator -[CachingOperationNameGenerator.java:40]- Generating unique operation named: getPageListUsingGET_13
2020-07-29 10:29:16,414 [main] INFO  s.d.s.w.r.operation.CachingOperationNameGenerator -[CachingOperationNameGenerator.java:40]- Generating unique operation named: delProjectUsingPOST_2
2020-07-29 10:29:16,416 [main] INFO  s.d.s.w.r.operation.CachingOperationNameGenerator -[CachingOperationNameGenerator.java:40]- Generating unique operation named: editProjectUsingPUT_1
2020-07-29 10:29:16,419 [main] INFO  s.d.s.w.r.operation.CachingOperationNameGenerator -[CachingOperationNameGenerator.java:40]- Generating unique operation named: getPageListUsingGET_14
2020-07-29 10:29:16,421 [main] INFO  s.d.s.w.r.operation.CachingOperationNameGenerator -[CachingOperationNameGenerator.java:40]- Generating unique operation named: savaProjectUsingPOST_1
2020-07-29 10:29:16,431 [main] INFO  s.d.s.w.r.operation.CachingOperationNameGenerator -[CachingOperationNameGenerator.java:40]- Generating unique operation named: getPageListUsingGET_15
2020-07-29 10:29:16,434 [main] INFO  s.d.s.w.r.operation.CachingOperationNameGenerator -[CachingOperationNameGenerator.java:40]- Generating unique operation named: getlistProjectIdUsingGET_1
2020-07-29 10:29:16,438 [main] INFO  s.d.s.w.r.operation.CachingOperationNameGenerator -[CachingOperationNameGenerator.java:40]- Generating unique operation named: deleteUsingDELETE_1
2020-07-29 10:29:16,441 [main] INFO  s.d.s.w.r.operation.CachingOperationNameGenerator -[CachingOperationNameGenerator.java:40]- Generating unique operation named: getUsingGET_1
2020-07-29 10:29:16,445 [main] INFO  s.d.s.w.r.operation.CachingOperationNameGenerator -[CachingOperationNameGenerator.java:40]- Generating unique operation named: rolesUsingGET_1
2020-07-29 10:29:16,467 [main] INFO  s.d.s.w.r.operation.CachingOperationNameGenerator -[CachingOperationNameGenerator.java:40]- Generating unique operation named: getPageListUsingGET_16
2020-07-29 10:29:16,468 [main] INFO  s.d.s.w.r.operation.CachingOperationNameGenerator -[CachingOperationNameGenerator.java:40]- Generating unique operation named: getPageListUsingGET_17
2020-07-29 10:29:16,492 [main] INFO  s.d.s.w.r.operation.CachingOperationNameGenerator -[CachingOperationNameGenerator.java:40]- Generating unique operation named: getPageListUsingGET_18
2020-07-29 10:29:16,494 [main] INFO  s.d.s.w.r.operation.CachingOperationNameGenerator -[CachingOperationNameGenerator.java:40]- Generating unique operation named: listByProjectIdUsingGET_7
2020-07-29 10:29:16,502 [main] INFO  s.d.s.w.r.operation.CachingOperationNameGenerator -[CachingOperationNameGenerator.java:40]- Generating unique operation named: addCaseToBusinessUsingPOST_1
2020-07-29 10:29:16,506 [main] INFO  s.d.s.w.r.operation.CachingOperationNameGenerator -[CachingOperationNameGenerator.java:40]- Generating unique operation named: delTTestsuiteUiUsingPOST_1
2020-07-29 10:29:16,507 [main] INFO  s.d.s.w.r.operation.CachingOperationNameGenerator -[CachingOperationNameGenerator.java:40]- Generating unique operation named: deleteBusinessCaseByCaseIdUsingPOST_1
2020-07-29 10:29:16,510 [main] INFO  s.d.s.w.r.operation.CachingOperationNameGenerator -[CachingOperationNameGenerator.java:40]- Generating unique operation named: editTTestsuiteUiUsingPUT_1
2020-07-29 10:29:16,512 [main] INFO  s.d.s.w.r.operation.CachingOperationNameGenerator -[CachingOperationNameGenerator.java:40]- Generating unique operation named: getPageListUsingGET_19
2020-07-29 10:29:16,513 [main] INFO  s.d.s.w.r.operation.CachingOperationNameGenerator -[CachingOperationNameGenerator.java:40]- Generating unique operation named: listByProjectIdUsingGET_8
2020-07-29 10:29:16,515 [main] INFO  s.d.s.w.r.operation.CachingOperationNameGenerator -[CachingOperationNameGenerator.java:40]- Generating unique operation named: listCaseByIdUsingGET_1
2020-07-29 10:29:16,516 [main] INFO  s.d.s.w.r.operation.CachingOperationNameGenerator -[CachingOperationNameGenerator.java:40]- Generating unique operation named: savaTTestsuiteUiUsingPOST_1
2020-07-29 10:29:16,518 [main] INFO  s.d.s.w.r.operation.CachingOperationNameGenerator -[CachingOperationNameGenerator.java:40]- Generating unique operation named: updateCaseSortUsingPOST_1
2020-07-29 10:29:16,522 [main] INFO  s.d.s.w.r.operation.CachingOperationNameGenerator -[CachingOperationNameGenerator.java:40]- Generating unique operation named: delPlanLogUsingDELETE_1
2020-07-29 10:29:16,524 [main] INFO  s.d.s.w.r.operation.CachingOperationNameGenerator -[CachingOperationNameGenerator.java:40]- Generating unique operation named: downloadUsingGET_1
2020-07-29 10:29:16,526 [main] INFO  s.d.s.w.r.operation.CachingOperationNameGenerator -[CachingOperationNameGenerator.java:40]- Generating unique operation named: getBusinessInfoByPlanIdUsingGET_1
2020-07-29 10:29:16,529 [main] INFO  s.d.s.w.r.operation.CachingOperationNameGenerator -[CachingOperationNameGenerator.java:40]- Generating unique operation named: getCaseListPageByPlanIdUsingGET_1
2020-07-29 10:29:16,531 [main] INFO  s.d.s.w.r.operation.CachingOperationNameGenerator -[CachingOperationNameGenerator.java:40]- Generating unique operation named: getPlanByIdUsingGET_1
2020-07-29 10:29:16,533 [main] INFO  s.d.s.w.r.operation.CachingOperationNameGenerator -[CachingOperationNameGenerator.java:40]- Generating unique operation named: getPlanListPageUsingGET_1
2020-07-29 10:29:16,536 [main] INFO  s.d.s.w.r.operation.CachingOperationNameGenerator -[CachingOperationNameGenerator.java:40]- Generating unique operation named: getStepListPageUsingGET_1
2020-07-29 10:29:16,545 [main] INFO  s.d.s.w.r.operation.CachingOperationNameGenerator -[CachingOperationNameGenerator.java:40]- Generating unique operation named: delProjectUsingPOST_3
2020-07-29 10:29:16,552 [main] INFO  s.d.s.w.r.operation.CachingOperationNameGenerator -[CachingOperationNameGenerator.java:40]- Generating unique operation named: editProjectUsingPUT_2
2020-07-29 10:29:16,553 [main] INFO  s.d.s.w.r.operation.CachingOperationNameGenerator -[CachingOperationNameGenerator.java:40]- Generating unique operation named: getBusinessByIdUsingGET_2
2020-07-29 10:29:16,555 [main] INFO  s.d.s.w.r.operation.CachingOperationNameGenerator -[CachingOperationNameGenerator.java:40]- Generating unique operation named: getByIdUsingGET_2
2020-07-29 10:29:16,556 [main] INFO  s.d.s.w.r.operation.CachingOperationNameGenerator -[CachingOperationNameGenerator.java:40]- Generating unique operation named: getListUsingGET_1
2020-07-29 10:29:16,559 [main] INFO  s.d.s.w.r.operation.CachingOperationNameGenerator -[CachingOperationNameGenerator.java:40]- Generating unique operation named: getPageListUsingGET_20
2020-07-29 10:29:16,561 [main] INFO  s.d.s.w.r.operation.CachingOperationNameGenerator -[CachingOperationNameGenerator.java:40]- Generating unique operation named: savaProjectUsingPOST_2
2020-07-29 10:29:16,625 [main] INFO  org.apache.coyote.http11.Http11NioProtocol -[DirectJDKLog.java:180]- Starting ProtocolHandler ["http-nio-8889"]
2020-07-29 10:29:16,643 [main] INFO  org.apache.tomcat.util.net.NioSelectorPool -[DirectJDKLog.java:180]- Using a shared selector for servlet write/read
2020-07-29 10:29:16,661 [main] INFO  o.a.c.c.C.[Tomcat].[localhost].[/public] -[DirectJDKLog.java:180]- Initializing Spring FrameworkServlet 'dispatcherServlet'
2020-07-29 10:29:16,661 [main] INFO  org.springframework.web.servlet.DispatcherServlet -[FrameworkServlet.java:497]- FrameworkServlet 'dispatcherServlet': initialization started
2020-07-29 10:29:16,696 [main] INFO  org.springframework.web.servlet.DispatcherServlet -[FrameworkServlet.java:512]- FrameworkServlet 'dispatcherServlet': initialization completed in 35 ms
2020-07-29 10:29:16,705 [main] INFO  o.s.boot.web.embedded.tomcat.TomcatWebServer -[TomcatWebServer.java:206]- Tomcat started on port(s): 8889 (http) with context path '/public'
2020-07-29 10:29:16,713 [main] INFO  com.rabbit.RabbitPlatformServerApplication -[StartupInfoLogger.java:59]- Started RabbitPlatformServerApplication in 18.055 seconds (JVM running for 18.651)
2020-07-29 10:29:17,760 [Quartz Scheduler [rabbitScheduler]] INFO  org.quartz.core.QuartzScheduler -[QuartzScheduler.java:547]- Scheduler rabbitScheduler_$_zhoudeMacBook-Pro.local1595989748913 started.
2020-07-29 10:29:30,002 [schedule-pool-1] INFO  com.rabbit.service.Impl.ClientServiceImpl -[ClientServiceImpl.java:123]- 同步在线客户端，还有0个在线客户端
2020-07-29 10:30:00,004 [schedule-pool-1] INFO  com.rabbit.service.Impl.ClientServiceImpl -[ClientServiceImpl.java:123]- 同步在线客户端，还有0个在线客户端
2020-07-29 10:30:30,002 [schedule-pool-2] INFO  com.rabbit.service.Impl.ClientServiceImpl -[ClientServiceImpl.java:123]- 同步在线客户端，还有0个在线客户端
2020-07-29 10:31:00,001 [schedule-pool-1] INFO  com.rabbit.service.Impl.ClientServiceImpl -[ClientServiceImpl.java:123]- 同步在线客户端，还有0个在线客户端
2020-07-29 10:31:30,001 [schedule-pool-3] INFO  com.rabbit.service.Impl.ClientServiceImpl -[ClientServiceImpl.java:123]- 同步在线客户端，还有0个在线客户端
2020-07-29 10:32:00,004 [schedule-pool-2] INFO  com.rabbit.service.Impl.ClientServiceImpl -[ClientServiceImpl.java:123]- 同步在线客户端，还有0个在线客户端
2020-07-29 10:32:30,003 [schedule-pool-4] INFO  com.rabbit.service.Impl.ClientServiceImpl -[ClientServiceImpl.java:123]- 同步在线客户端，还有0个在线客户端
2020-07-29 10:33:00,003 [schedule-pool-1] INFO  com.rabbit.service.Impl.ClientServiceImpl -[ClientServiceImpl.java:123]- 同步在线客户端，还有0个在线客户端
2020-07-29 10:33:30,006 [schedule-pool-5] INFO  com.rabbit.service.Impl.ClientServiceImpl -[ClientServiceImpl.java:123]- 同步在线客户端，还有0个在线客户端
2020-07-29 10:34:00,004 [schedule-pool-3] INFO  com.rabbit.service.Impl.ClientServiceImpl -[ClientServiceImpl.java:123]- 同步在线客户端，还有0个在线客户端
2020-07-29 10:34:30,001 [schedule-pool-6] INFO  com.rabbit.service.Impl.ClientServiceImpl -[ClientServiceImpl.java:123]- 同步在线客户端，还有0个在线客户端
2020-07-29 10:35:00,001 [schedule-pool-2] INFO  com.rabbit.service.Impl.ClientServiceImpl -[ClientServiceImpl.java:123]- 同步在线客户端，还有0个在线客户端
2020-07-29 10:35:30,002 [schedule-pool-7] INFO  com.rabbit.service.Impl.ClientServiceImpl -[ClientServiceImpl.java:123]- 同步在线客户端，还有0个在线客户端
2020-07-29 10:36:00,000 [schedule-pool-4] INFO  com.rabbit.service.Impl.ClientServiceImpl -[ClientServiceImpl.java:123]- 同步在线客户端，还有0个在线客户端
2020-07-29 10:36:30,001 [schedule-pool-8] INFO  com.rabbit.service.Impl.ClientServiceImpl -[ClientServiceImpl.java:123]- 同步在线客户端，还有0个在线客户端
2020-07-29 10:37:00,004 [schedule-pool-1] INFO  com.rabbit.service.Impl.ClientServiceImpl -[ClientServiceImpl.java:123]- 同步在线客户端，还有0个在线客户端
2020-07-29 10:37:30,006 [schedule-pool-9] INFO  com.rabbit.service.Impl.ClientServiceImpl -[ClientServiceImpl.java:123]- 同步在线客户端，还有0个在线客户端
2020-07-29 10:38:00,004 [schedule-pool-5] INFO  com.rabbit.service.Impl.ClientServiceImpl -[ClientServiceImpl.java:123]- 同步在线客户端，还有0个在线客户端
2020-07-29 10:38:30,001 [schedule-pool-10] INFO  com.rabbit.service.Impl.ClientServiceImpl -[ClientServiceImpl.java:123]- 同步在线客户端，还有0个在线客户端
2020-07-29 10:39:00,002 [schedule-pool-3] INFO  com.rabbit.service.Impl.ClientServiceImpl -[ClientServiceImpl.java:123]- 同步在线客户端，还有0个在线客户端
2020-07-29 10:39:30,004 [schedule-pool-11] INFO  com.rabbit.service.Impl.ClientServiceImpl -[ClientServiceImpl.java:123]- 同步在线客户端，还有0个在线客户端
2020-07-29 10:40:00,003 [schedule-pool-6] INFO  com.rabbit.service.Impl.ClientServiceImpl -[ClientServiceImpl.java:123]- 同步在线客户端，还有0个在线客户端
